[01m[K/home/manuel/ros2_ws/src/pwm_position_node/src/pwm_position_node.cpp:67:5:[m[K [01;31m[Kerror: [m[KISO C++ forbids declaration of â€˜[01m[KPWMPosNode[m[Kâ€™ with no type [[01;31m[K]8;;https://gcc.gnu.org/onlinedocs/gcc/Warning-Options.html#index-fpermissive-fpermissive]8;;[m[K]
   67 |     [01;31m[KPWMPosNode[m[K(): Node("pwm_position_node")
      |     [01;31m[K^~~~~~~~~~[m[K
[01m[K/home/manuel/ros2_ws/src/pwm_position_node/src/pwm_position_node.cpp:[m[K In function â€˜[01m[Kint PWMPosNode()[m[Kâ€™:
[01m[K/home/manuel/ros2_ws/src/pwm_position_node/src/pwm_position_node.cpp:67:19:[m[K [01;31m[Kerror: [m[Konly constructors take member initializers
   67 |     PWMPosNode(): [01;31m[KNode[m[K("pwm_position_node")
      |                   [01;31m[K^~~~[m[K
[01m[K/home/manuel/ros2_ws/src/pwm_position_node/src/pwm_position_node.cpp:69:5:[m[K [01;31m[Kerror: [m[Kâ€˜[01m[Kdeclare_parameter[m[Kâ€™ was not declared in this scope
   69 |     [01;31m[Kdeclare_parameter[m[K<std::string>("port","/dev/ttyUSB0");
      |     [01;31m[K^~~~~~~~~~~~~~~~~[m[K
[01m[K/home/manuel/ros2_ws/src/pwm_position_node/src/pwm_position_node.cpp:69:34:[m[K [01;31m[Kerror: [m[Kexpected primary-expression before â€˜[01m[K>[m[Kâ€™ token
   69 |     declare_parameter<std::string[01;31m[K>[m[K("port","/dev/ttyUSB0");
      |                                  [01;31m[K^[m[K
[01m[K/home/manuel/ros2_ws/src/pwm_position_node/src/pwm_position_node.cpp:72:23:[m[K [01;31m[Kerror: [m[Kexpected primary-expression before â€˜[01m[Kint[m[Kâ€™
   72 |     declare_parameter<[01;31m[Kint[m[K>("baudrate",57600);
      |                       [01;31m[K^~~[m[K
[01m[K/home/manuel/ros2_ws/src/pwm_position_node/src/pwm_position_node.cpp:73:23:[m[K [01;31m[Kerror: [m[Kexpected primary-expression before â€˜[01m[Kdouble[m[Kâ€™
   73 |     declare_parameter<[01;31m[Kdouble[m[K>("loop_hz",200.0);
      |                       [01;31m[K^~~~~~[m[K
[01m[K/home/manuel/ros2_ws/src/pwm_position_node/src/pwm_position_node.cpp:74:23:[m[K [01;31m[Kerror: [m[Kexpected primary-expression before â€˜[01m[Kdouble[m[Kâ€™
   74 |     declare_parameter<[01;31m[Kdouble[m[K>("J1.kp",1.0);
      |                       [01;31m[K^~~~~~[m[K
[01m[K/home/manuel/ros2_ws/src/pwm_position_node/src/pwm_position_node.cpp:75:23:[m[K [01;31m[Kerror: [m[Kexpected primary-expression before â€˜[01m[Kdouble[m[Kâ€™
   75 |     declare_parameter<[01;31m[Kdouble[m[K>("J1.ki",0.1);
      |                       [01;31m[K^~~~~~[m[K
[01m[K/home/manuel/ros2_ws/src/pwm_position_node/src/pwm_position_node.cpp:76:23:[m[K [01;31m[Kerror: [m[Kexpected primary-expression before â€˜[01m[Kdouble[m[Kâ€™
   76 |     declare_parameter<[01;31m[Kdouble[m[K>("J1.kd",0.01);
      |                       [01;31m[K^~~~~~[m[K
[01m[K/home/manuel/ros2_ws/src/pwm_position_node/src/pwm_position_node.cpp:77:23:[m[K [01;31m[Kerror: [m[Kexpected primary-expression before â€˜[01m[Kdouble[m[Kâ€™
   77 |     declare_parameter<[01;31m[Kdouble[m[K>("J2.kp",1.0);
      |                       [01;31m[K^~~~~~[m[K
[01m[K/home/manuel/ros2_ws/src/pwm_position_node/src/pwm_position_node.cpp:78:23:[m[K [01;31m[Kerror: [m[Kexpected primary-expression before â€˜[01m[Kdouble[m[Kâ€™
   78 |     declare_parameter<[01;31m[Kdouble[m[K>("J2.ki",0.1);
      |                       [01;31m[K^~~~~~[m[K
[01m[K/home/manuel/ros2_ws/src/pwm_position_node/src/pwm_position_node.cpp:79:23:[m[K [01;31m[Kerror: [m[Kexpected primary-expression before â€˜[01m[Kdouble[m[Kâ€™
   79 |     declare_parameter<[01;31m[Kdouble[m[K>("J2.kd",0.01);
      |                       [01;31m[K^~~~~~[m[K
[01m[K/home/manuel/ros2_ws/src/pwm_position_node/src/pwm_position_node.cpp:80:23:[m[K [01;31m[Kerror: [m[Kexpected primary-expression before â€˜[01m[Kint[m[Kâ€™
   80 |     declare_parameter<[01;31m[Kint[m[K>("pwm_limit", 600);
      |                       [01;31m[K^~~[m[K
[01m[K/home/manuel/ros2_ws/src/pwm_position_node/src/pwm_position_node.cpp:81:23:[m[K [01;31m[Kerror: [m[Kexpected primary-expression before â€˜[01m[Kdouble[m[Kâ€™
   81 |     declare_parameter<[01;31m[Kdouble[m[K>("max_integral_val", 50.0);
      |                       [01;31m[K^~~~~~[m[K
[01m[K/home/manuel/ros2_ws/src/pwm_position_node/src/pwm_position_node.cpp:83:5:[m[K [01;31m[Kerror: [m[Kâ€˜[01m[Kport_[m[Kâ€™ was not declared in this scope
   83 |     [01;31m[Kport_[m[K   = dynamixel::PortHandler::getPortHandler(
      |     [01;31m[K^~~~~[m[K
[01m[K/home/manuel/ros2_ws/src/pwm_position_node/src/pwm_position_node.cpp:84:17:[m[K [01;31m[Kerror: [m[Kâ€˜[01m[Kget_parameter[m[Kâ€™ was not declared in this scope
   84 |                 [01;31m[Kget_parameter[m[K("port").as_string().c_str());
      |                 [01;31m[K^~~~~~~~~~~~~[m[K
[01m[K/home/manuel/ros2_ws/src/pwm_position_node/src/pwm_position_node.cpp:85:5:[m[K [01;31m[Kerror: [m[Kâ€˜[01m[Kpacket_[m[Kâ€™ was not declared in this scope
   85 |     [01;31m[Kpacket_[m[K = dynamixel::PacketHandler::getPacketHandler(2.0);
      |     [01;31m[K^~~~~~~[m[K
In file included from [01m[K/opt/ros/humble/include/rclcpp/rclcpp/client.hpp:40[m[K,
                 from [01m[K/opt/ros/humble/include/rclcpp/rclcpp/callback_group.hpp:24[m[K,
                 from [01m[K/opt/ros/humble/include/rclcpp/rclcpp/any_executable.hpp:20[m[K,
                 from [01m[K/opt/ros/humble/include/rclcpp/rclcpp/memory_strategy.hpp:25[m[K,
                 from [01m[K/opt/ros/humble/include/rclcpp/rclcpp/memory_strategies.hpp:18[m[K,
                 from [01m[K/opt/ros/humble/include/rclcpp/rclcpp/executor_options.hpp:20[m[K,
                 from [01m[K/opt/ros/humble/include/rclcpp/rclcpp/executor.hpp:37[m[K,
                 from [01m[K/opt/ros/humble/include/rclcpp/rclcpp/executors/multi_threaded_executor.hpp:25[m[K,
                 from [01m[K/opt/ros/humble/include/rclcpp/rclcpp/executors.hpp:21[m[K,
                 from [01m[K/opt/ros/humble/include/rclcpp/rclcpp/rclcpp.hpp:155[m[K,
                 from [01m[K/home/manuel/ros2_ws/src/pwm_position_node/src/pwm_position_node.cpp:6[m[K:
[01m[K/home/manuel/ros2_ws/src/pwm_position_node/src/pwm_position_node.cpp:88:20:[m[K [01;31m[Kerror: [m[Kâ€˜[01m[Kget_logger[m[Kâ€™ was not declared in this scope; did you mean â€˜[01m[Krclcpp::get_logger[m[Kâ€™?
   88 |       RCLCPP_FATAL([01;31m[Kget_logger[m[K(),"Failed to open port %s", get_parameter("port").as_string().c_str());
      |                    [01;31m[K^~~~~~~~~~[m[K
In file included from [01m[K/opt/ros/humble/include/rclcpp/rclcpp/logging.hpp:23[m[K,
                 from [01m[K/opt/ros/humble/include/rclcpp/rclcpp/client.hpp:40[m[K,
                 from [01m[K/opt/ros/humble/include/rclcpp/rclcpp/callback_group.hpp:24[m[K,
                 from [01m[K/opt/ros/humble/include/rclcpp/rclcpp/any_executable.hpp:20[m[K,
                 from [01m[K/opt/ros/humble/include/rclcpp/rclcpp/memory_strategy.hpp:25[m[K,
                 from [01m[K/opt/ros/humble/include/rclcpp/rclcpp/memory_strategies.hpp:18[m[K,
                 from [01m[K/opt/ros/humble/include/rclcpp/rclcpp/executor_options.hpp:20[m[K,
                 from [01m[K/opt/ros/humble/include/rclcpp/rclcpp/executor.hpp:37[m[K,
                 from [01m[K/opt/ros/humble/include/rclcpp/rclcpp/executors/multi_threaded_executor.hpp:25[m[K,
                 from [01m[K/opt/ros/humble/include/rclcpp/rclcpp/executors.hpp:21[m[K,
                 from [01m[K/opt/ros/humble/include/rclcpp/rclcpp/rclcpp.hpp:155[m[K,
                 from [01m[K/home/manuel/ros2_ws/src/pwm_position_node/src/pwm_position_node.cpp:6[m[K:
[01m[K/opt/ros/humble/include/rclcpp/rclcpp/logger.hpp:106:17:[m[K [01;36m[Knote: [m[Kâ€˜[01m[Krclcpp::get_logger[m[Kâ€™ declared here
  106 |   friend Logger [01;36m[Krclcpp[m[K::get_logger(const std::string & name);
      |                 [01;36m[K^~~~~~[m[K
In file included from [01m[K/opt/ros/humble/include/rclcpp/rclcpp/client.hpp:40[m[K,
                 from [01m[K/opt/ros/humble/include/rclcpp/rclcpp/callback_group.hpp:24[m[K,
                 from [01m[K/opt/ros/humble/include/rclcpp/rclcpp/any_executable.hpp:20[m[K,
                 from [01m[K/opt/ros/humble/include/rclcpp/rclcpp/memory_strategy.hpp:25[m[K,
                 from [01m[K/opt/ros/humble/include/rclcpp/rclcpp/memory_strategies.hpp:18[m[K,
                 from [01m[K/opt/ros/humble/include/rclcpp/rclcpp/executor_options.hpp:20[m[K,
                 from [01m[K/opt/ros/humble/include/rclcpp/rclcpp/executor.hpp:37[m[K,
                 from [01m[K/opt/ros/humble/include/rclcpp/rclcpp/executors/multi_threaded_executor.hpp:25[m[K,
                 from [01m[K/opt/ros/humble/include/rclcpp/rclcpp/executors.hpp:21[m[K,
                 from [01m[K/opt/ros/humble/include/rclcpp/rclcpp/rclcpp.hpp:155[m[K,
                 from [01m[K/home/manuel/ros2_ws/src/pwm_position_node/src/pwm_position_node.cpp:6[m[K:
[01m[K/home/manuel/ros2_ws/src/pwm_position_node/src/pwm_position_node.cpp:88:7:[m[K [01;31m[Kerror: [m[Ktemplate argument 1 is invalid
   88 |       [01;31m[KRCLCPP_FATAL[m[K(get_logger(),"Failed to open port %s", get_parameter("port").as_string().c_str());
      |       [01;31m[K^~~~~~~~~~~~[m[K
[01m[K/home/manuel/ros2_ws/src/pwm_position_node/src/pwm_position_node.cpp:88:7:[m[K [01;31m[Kerror: [m[Ktemplate argument 1 is invalid
   88 |       [01;31m[KRCLCPP_FATAL[m[K(get_logger(),"Failed to open port %s", get_parameter("port").as_string().c_str());
      |       [01;31m[K^~~~~~~~~~~~[m[K
[01m[K/home/manuel/ros2_ws/src/pwm_position_node/src/pwm_position_node.cpp:88:7:[m[K [01;31m[Kerror: [m[Ktemplate argument 1 is invalid
   88 |       [01;31m[KRCLCPP_FATAL[m[K(get_logger(),"Failed to open port %s", get_parameter("port").as_string().c_str());
      |       [01;31m[K^~~~~~~~~~~~[m[K
[01m[K/home/manuel/ros2_ws/src/pwm_position_node/src/pwm_position_node.cpp:97:20:[m[K [01;31m[Kerror: [m[Kâ€˜[01m[Kget_logger[m[Kâ€™ was not declared in this scope; did you mean â€˜[01m[Krclcpp::get_logger[m[Kâ€™?
   97 |       RCLCPP_FATAL([01;31m[Kget_logger[m[K(),"Failed to set baudrate to %ld", baudrate_param_val); // Use %ld for logging the int64_t
      |                    [01;31m[K^~~~~~~~~~[m[K
In file included from [01m[K/opt/ros/humble/include/rclcpp/rclcpp/logging.hpp:23[m[K,
                 from [01m[K/opt/ros/humble/include/rclcpp/rclcpp/client.hpp:40[m[K,
                 from [01m[K/opt/ros/humble/include/rclcpp/rclcpp/callback_group.hpp:24[m[K,
                 from [01m[K/opt/ros/humble/include/rclcpp/rclcpp/any_executable.hpp:20[m[K,
                 from [01m[K/opt/ros/humble/include/rclcpp/rclcpp/memory_strategy.hpp:25[m[K,
                 from [01m[K/opt/ros/humble/include/rclcpp/rclcpp/memory_strategies.hpp:18[m[K,
                 from [01m[K/opt/ros/humble/include/rclcpp/rclcpp/executor_options.hpp:20[m[K,
                 from [01m[K/opt/ros/humble/include/rclcpp/rclcpp/executor.hpp:37[m[K,
                 from [01m[K/opt/ros/humble/include/rclcpp/rclcpp/executors/multi_threaded_executor.hpp:25[m[K,
                 from [01m[K/opt/ros/humble/include/rclcpp/rclcpp/executors.hpp:21[m[K,
                 from [01m[K/opt/ros/humble/include/rclcpp/rclcpp/rclcpp.hpp:155[m[K,
                 from [01m[K/home/manuel/ros2_ws/src/pwm_position_node/src/pwm_position_node.cpp:6[m[K:
[01m[K/opt/ros/humble/include/rclcpp/rclcpp/logger.hpp:106:17:[m[K [01;36m[Knote: [m[Kâ€˜[01m[Krclcpp::get_logger[m[Kâ€™ declared here
  106 |   friend Logger [01;36m[Krclcpp[m[K::get_logger(const std::string & name);
      |                 [01;36m[K^~~~~~[m[K
In file included from [01m[K/opt/ros/humble/include/rclcpp/rclcpp/client.hpp:40[m[K,
                 from [01m[K/opt/ros/humble/include/rclcpp/rclcpp/callback_group.hpp:24[m[K,
                 from [01m[K/opt/ros/humble/include/rclcpp/rclcpp/any_executable.hpp:20[m[K,
                 from [01m[K/opt/ros/humble/include/rclcpp/rclcpp/memory_strategy.hpp:25[m[K,
                 from [01m[K/opt/ros/humble/include/rclcpp/rclcpp/memory_strategies.hpp:18[m[K,
                 from [01m[K/opt/ros/humble/include/rclcpp/rclcpp/executor_options.hpp:20[m[K,
                 from [01m[K/opt/ros/humble/include/rclcpp/rclcpp/executor.hpp:37[m[K,
                 from [01m[K/opt/ros/humble/include/rclcpp/rclcpp/executors/multi_threaded_executor.hpp:25[m[K,
                 from [01m[K/opt/ros/humble/include/rclcpp/rclcpp/executors.hpp:21[m[K,
                 from [01m[K/opt/ros/humble/include/rclcpp/rclcpp/rclcpp.hpp:155[m[K,
                 from [01m[K/home/manuel/ros2_ws/src/pwm_position_node/src/pwm_position_node.cpp:6[m[K:
[01m[K/home/manuel/ros2_ws/src/pwm_position_node/src/pwm_position_node.cpp:97:7:[m[K [01;31m[Kerror: [m[Ktemplate argument 1 is invalid
   97 |       [01;31m[KRCLCPP_FATAL[m[K(get_logger(),"Failed to set baudrate to %ld", baudrate_param_val); // Use %ld for logging the int64_t
      |       [01;31m[K^~~~~~~~~~~~[m[K
[01m[K/home/manuel/ros2_ws/src/pwm_position_node/src/pwm_position_node.cpp:97:7:[m[K [01;31m[Kerror: [m[Ktemplate argument 1 is invalid
   97 |       [01;31m[KRCLCPP_FATAL[m[K(get_logger(),"Failed to set baudrate to %ld", baudrate_param_val); // Use %ld for logging the int64_t
      |       [01;31m[K^~~~~~~~~~~~[m[K
[01m[K/home/manuel/ros2_ws/src/pwm_position_node/src/pwm_position_node.cpp:97:7:[m[K [01;31m[Kerror: [m[Ktemplate argument 1 is invalid
   97 |       [01;31m[KRCLCPP_FATAL[m[K(get_logger(),"Failed to set baudrate to %ld", baudrate_param_val); // Use %ld for logging the int64_t
      |       [01;31m[K^~~~~~~~~~~~[m[K
[01m[K/home/manuel/ros2_ws/src/pwm_position_node/src/pwm_position_node.cpp:101:5:[m[K [01;31m[Kerror: [m[Kâ€˜[01m[Ksetup_servo[m[Kâ€™ was not declared in this scope
  101 |     [01;31m[Ksetup_servo[m[K(ID_1, "Shoulder (ID_1)");
      |     [01;31m[K^~~~~~~~~~~[m[K
[01m[K/home/manuel/ros2_ws/src/pwm_position_node/src/pwm_position_node.cpp:103:5:[m[K [01;31m[Kerror: [m[Kâ€˜[01m[Kinitialize_goals_to_current_positions[m[Kâ€™ was not declared in this scope
  103 |     [01;31m[Kinitialize_goals_to_current_positions[m[K();
      |     [01;31m[K^~~~~~~~~~~~~~~~~~~~~~~~~~~~~~~~~~~~~[m[K
[01m[K/home/manuel/ros2_ws/src/pwm_position_node/src/pwm_position_node.cpp:105:5:[m[K [01;31m[Kerror: [m[Kâ€˜[01m[Ksub_[m[Kâ€™ was not declared in this scope
  105 |     [01;31m[Ksub_[m[K = create_subscription<SetXY>("set_xy",10,
      |     [01;31m[K^~~~[m[K
[01m[K/home/manuel/ros2_ws/src/pwm_position_node/src/pwm_position_node.cpp:105:12:[m[K [01;31m[Kerror: [m[Kâ€˜[01m[Kcreate_subscription[m[Kâ€™ was not declared in this scope
  105 |     sub_ = [01;31m[Kcreate_subscription[m[K<SetXY>("set_xy",10,
      |            [01;31m[K^~~~~~~~~~~~~~~~~~~[m[K
[01m[K/home/manuel/ros2_ws/src/pwm_position_node/src/pwm_position_node.cpp:105:12:[m[K [01;36m[Knote: [m[Ksuggested alternatives:
In file included from [01m[K/opt/ros/humble/include/rclcpp/rclcpp/node_impl.hpp:43[m[K,
                 from [01m[K/opt/ros/humble/include/rclcpp/rclcpp/node.hpp:1321[m[K,
                 from [01m[K/opt/ros/humble/include/rclcpp/rclcpp/executors/single_threaded_executor.hpp:28[m[K,
                 from [01m[K/opt/ros/humble/include/rclcpp/rclcpp/executors.hpp:22[m[K,
                 from [01m[K/opt/ros/humble/include/rclcpp/rclcpp/rclcpp.hpp:155[m[K,
                 from [01m[K/home/manuel/ros2_ws/src/pwm_position_node/src/pwm_position_node.cpp:6[m[K:
[01m[K/opt/ros/humble/include/rclcpp/rclcpp/create_subscription.hpp:206:1:[m[K [01;36m[Knote: [m[K  â€˜[01m[Krclcpp::create_subscription[m[Kâ€™
  206 | [01;36m[Kcreate_subscription[m[K(
      | [01;36m[K^~~~~~~~~~~~~~~~~~~[m[K
[01m[K/opt/ros/humble/include/rclcpp/rclcpp/create_subscription.hpp:56:1:[m[K [01;36m[Knote: [m[K  â€˜[01m[Krclcpp::detail::create_subscription[m[Kâ€™
   56 | [01;36m[Kcreate_subscription[m[K(
      | [01;36m[K^~~~~~~~~~~~~~~~~~~[m[K
[01m[K/home/manuel/ros2_ws/src/pwm_position_node/src/pwm_position_node.cpp:105:37:[m[K [01;31m[Kerror: [m[Kexpected primary-expression before â€˜[01m[K>[m[Kâ€™ token
  105 |     sub_ = create_subscription<SetXY[01;31m[K>[m[K("set_xy",10,
      |                                     [01;31m[K^[m[K
[01m[K/home/manuel/ros2_ws/src/pwm_position_node/src/pwm_position_node.cpp:106:24:[m[K [01;31m[Kerror: [m[Kâ€˜[01m[KPWMPosNode[m[Kâ€™ is not a class, namespace, or enumeration
  106 |             std::bind(&[01;31m[KPWMPosNode[m[K::set_xy_callback,this,std::placeholders::_1));
      |                        [01;31m[K^~~~~~~~~~[m[K
[01m[K/home/manuel/ros2_ws/src/pwm_position_node/src/pwm_position_node.cpp:106:52:[m[K [01;31m[Kerror: [m[Kinvalid use of â€˜[01m[Kthis[m[Kâ€™ in non-member function
  106 |             std::bind(&PWMPosNode::set_xy_callback,[01;31m[Kthis[m[K,std::placeholders::_1));
      |                                                    [01;31m[K^~~~[m[K
[01m[K/home/manuel/ros2_ws/src/pwm_position_node/src/pwm_position_node.cpp:109:5:[m[K [01;31m[Kerror: [m[Kâ€˜[01m[Ktimer_[m[Kâ€™ was not declared in this scope; did you mean â€˜[01m[Ktimer_t[m[Kâ€™?
  109 |     [01;31m[Ktimer_[m[K = create_wall_timer(
      |     [01;31m[K^~~~~~[m[K
      |     [32m[Ktimer_t[m[K
[01m[K/home/manuel/ros2_ws/src/pwm_position_node/src/pwm_position_node.cpp:111:13:[m[K [01;31m[Kerror: [m[Kinvalid use of â€˜[01m[Kthis[m[Kâ€™ in non-member function
  111 |            [[01;31m[Kthis[m[K, dt_seconds]() { this->control_loop(dt_seconds); });
      |             [01;31m[K^~~~[m[K
[01m[K/home/manuel/ros2_ws/src/pwm_position_node/src/pwm_position_node.cpp:[m[K In lambda function:
[01m[K/home/manuel/ros2_ws/src/pwm_position_node/src/pwm_position_node.cpp:111:35:[m[K [01;31m[Kerror: [m[Kâ€˜[01m[Kthis[m[Kâ€™ was not captured for this lambda function
  111 |            [this, dt_seconds]() { [01;31m[Kthis[m[K->control_loop(dt_seconds); });
      |                                   [01;31m[K^~~~[m[K
[01m[K/home/manuel/ros2_ws/src/pwm_position_node/src/pwm_position_node.cpp:[m[K In function â€˜[01m[Kint PWMPosNode()[m[Kâ€™:
[01m[K/home/manuel/ros2_ws/src/pwm_position_node/src/pwm_position_node.cpp:109:14:[m[K [01;31m[Kerror: [m[Kâ€˜[01m[Kcreate_wall_timer[m[Kâ€™ was not declared in this scope; did you mean â€˜[01m[Krclcpp::create_wall_timer[m[Kâ€™?
  109 |     timer_ = [01;31m[Kcreate_wall_timer[m[K(
      |              [01;31m[K^~~~~~~~~~~~~~~~~[m[K
      |              [32m[Krclcpp::create_wall_timer[m[K
In file included from [01m[K/opt/ros/humble/include/rclcpp/rclcpp/create_subscription.hpp:33[m[K,
                 from [01m[K/opt/ros/humble/include/rclcpp/rclcpp/node_impl.hpp:43[m[K,
                 from [01m[K/opt/ros/humble/include/rclcpp/rclcpp/node.hpp:1321[m[K,
                 from [01m[K/opt/ros/humble/include/rclcpp/rclcpp/executors/single_threaded_executor.hpp:28[m[K,
                 from [01m[K/opt/ros/humble/include/rclcpp/rclcpp/executors.hpp:22[m[K,
                 from [01m[K/opt/ros/humble/include/rclcpp/rclcpp/rclcpp.hpp:155[m[K,
                 from [01m[K/home/manuel/ros2_ws/src/pwm_position_node/src/pwm_position_node.cpp:6[m[K:
[01m[K/opt/ros/humble/include/rclcpp/rclcpp/create_timer.hpp:90:1:[m[K [01;36m[Knote: [m[Kâ€˜[01m[Krclcpp::create_wall_timer[m[Kâ€™ declared here
   90 | [01;36m[Kcreate_wall_timer[m[K(
      | [01;36m[K^~~~~~~~~~~~~~~~~[m[K
In file included from [01m[K/opt/ros/humble/include/rclcpp/rclcpp/client.hpp:40[m[K,
                 from [01m[K/opt/ros/humble/include/rclcpp/rclcpp/callback_group.hpp:24[m[K,
                 from [01m[K/opt/ros/humble/include/rclcpp/rclcpp/any_executable.hpp:20[m[K,
                 from [01m[K/opt/ros/humble/include/rclcpp/rclcpp/memory_strategy.hpp:25[m[K,
                 from [01m[K/opt/ros/humble/include/rclcpp/rclcpp/memory_strategies.hpp:18[m[K,
                 from [01m[K/opt/ros/humble/include/rclcpp/rclcpp/executor_options.hpp:20[m[K,
                 from [01m[K/opt/ros/humble/include/rclcpp/rclcpp/executor.hpp:37[m[K,
                 from [01m[K/opt/ros/humble/include/rclcpp/rclcpp/executors/multi_threaded_executor.hpp:25[m[K,
                 from [01m[K/opt/ros/humble/include/rclcpp/rclcpp/executors.hpp:21[m[K,
                 from [01m[K/opt/ros/humble/include/rclcpp/rclcpp/rclcpp.hpp:155[m[K,
                 from [01m[K/home/manuel/ros2_ws/src/pwm_position_node/src/pwm_position_node.cpp:6[m[K:
[01m[K/home/manuel/ros2_ws/src/pwm_position_node/src/pwm_position_node.cpp:113:17:[m[K [01;31m[Kerror: [m[Kâ€˜[01m[Kget_logger[m[Kâ€™ was not declared in this scope; did you mean â€˜[01m[Krclcpp::get_logger[m[Kâ€™?
  113 |     RCLCPP_INFO([01;31m[Kget_logger[m[K(),"PWM position node ready (%.1f Hz loop). Current target: J1=%.1f deg, J2=%.1f deg",
      |                 [01;31m[K^~~~~~~~~~[m[K
In file included from [01m[K/opt/ros/humble/include/rclcpp/rclcpp/logging.hpp:23[m[K,
                 from [01m[K/opt/ros/humble/include/rclcpp/rclcpp/client.hpp:40[m[K,
                 from [01m[K/opt/ros/humble/include/rclcpp/rclcpp/callback_group.hpp:24[m[K,
                 from [01m[K/opt/ros/humble/include/rclcpp/rclcpp/any_executable.hpp:20[m[K,
                 from [01m[K/opt/ros/humble/include/rclcpp/rclcpp/memory_strategy.hpp:25[m[K,
                 from [01m[K/opt/ros/humble/include/rclcpp/rclcpp/memory_strategies.hpp:18[m[K,
                 from [01m[K/opt/ros/humble/include/rclcpp/rclcpp/executor_options.hpp:20[m[K,
                 from [01m[K/opt/ros/humble/include/rclcpp/rclcpp/executor.hpp:37[m[K,
                 from [01m[K/opt/ros/humble/include/rclcpp/rclcpp/executors/multi_threaded_executor.hpp:25[m[K,
                 from [01m[K/opt/ros/humble/include/rclcpp/rclcpp/executors.hpp:21[m[K,
                 from [01m[K/opt/ros/humble/include/rclcpp/rclcpp/rclcpp.hpp:155[m[K,
                 from [01m[K/home/manuel/ros2_ws/src/pwm_position_node/src/pwm_position_node.cpp:6[m[K:
[01m[K/opt/ros/humble/include/rclcpp/rclcpp/logger.hpp:106:17:[m[K [01;36m[Knote: [m[Kâ€˜[01m[Krclcpp::get_logger[m[Kâ€™ declared here
  106 |   friend Logger [01;36m[Krclcpp[m[K::get_logger(const std::string & name);
      |                 [01;36m[K^~~~~~[m[K
In file included from [01m[K/opt/ros/humble/include/rclcpp/rclcpp/client.hpp:40[m[K,
                 from [01m[K/opt/ros/humble/include/rclcpp/rclcpp/callback_group.hpp:24[m[K,
                 from [01m[K/opt/ros/humble/include/rclcpp/rclcpp/any_executable.hpp:20[m[K,
                 from [01m[K/opt/ros/humble/include/rclcpp/rclcpp/memory_strategy.hpp:25[m[K,
                 from [01m[K/opt/ros/humble/include/rclcpp/rclcpp/memory_strategies.hpp:18[m[K,
                 from [01m[K/opt/ros/humble/include/rclcpp/rclcpp/executor_options.hpp:20[m[K,
                 from [01m[K/opt/ros/humble/include/rclcpp/rclcpp/executor.hpp:37[m[K,
                 from [01m[K/opt/ros/humble/include/rclcpp/rclcpp/executors/multi_threaded_executor.hpp:25[m[K,
                 from [01m[K/opt/ros/humble/include/rclcpp/rclcpp/executors.hpp:21[m[K,
                 from [01m[K/opt/ros/humble/include/rclcpp/rclcpp/rclcpp.hpp:155[m[K,
                 from [01m[K/home/manuel/ros2_ws/src/pwm_position_node/src/pwm_position_node.cpp:6[m[K:
[01m[K/home/manuel/ros2_ws/src/pwm_position_node/src/pwm_position_node.cpp:113:5:[m[K [01;31m[Kerror: [m[Ktemplate argument 1 is invalid
  113 |     [01;31m[KRCLCPP_INFO[m[K(get_logger(),"PWM position node ready (%.1f Hz loop). Current target: J1=%.1f deg, J2=%.1f deg",
      |     [01;31m[K^~~~~~~~~~~[m[K
[01m[K/home/manuel/ros2_ws/src/pwm_position_node/src/pwm_position_node.cpp:113:5:[m[K [01;31m[Kerror: [m[Ktemplate argument 1 is invalid
  113 |     [01;31m[KRCLCPP_INFO[m[K(get_logger(),"PWM position node ready (%.1f Hz loop). Current target: J1=%.1f deg, J2=%.1f deg",
      |     [01;31m[K^~~~~~~~~~~[m[K
[01m[K/home/manuel/ros2_ws/src/pwm_position_node/src/pwm_position_node.cpp:113:5:[m[K [01;31m[Kerror: [m[Ktemplate argument 1 is invalid
  113 |     [01;31m[KRCLCPP_INFO[m[K(get_logger(),"PWM position node ready (%.1f Hz loop). Current target: J1=%.1f deg, J2=%.1f deg",
      |     [01;31m[K^~~~~~~~~~~[m[K
In file included from [01m[K/opt/ros/humble/include/rclcpp/rclcpp/logging.hpp:24[m[K,
                 from [01m[K/opt/ros/humble/include/rclcpp/rclcpp/client.hpp:40[m[K,
                 from [01m[K/opt/ros/humble/include/rclcpp/rclcpp/callback_group.hpp:24[m[K,
                 from [01m[K/opt/ros/humble/include/rclcpp/rclcpp/any_executable.hpp:20[m[K,
                 from [01m[K/opt/ros/humble/include/rclcpp/rclcpp/memory_strategy.hpp:25[m[K,
                 from [01m[K/opt/ros/humble/include/rclcpp/rclcpp/memory_strategies.hpp:18[m[K,
                 from [01m[K/opt/ros/humble/include/rclcpp/rclcpp/executor_options.hpp:20[m[K,
                 from [01m[K/opt/ros/humble/include/rclcpp/rclcpp/executor.hpp:37[m[K,
                 from [01m[K/opt/ros/humble/include/rclcpp/rclcpp/executors/multi_threaded_executor.hpp:25[m[K,
                 from [01m[K/opt/ros/humble/include/rclcpp/rclcpp/executors.hpp:21[m[K,
                 from [01m[K/opt/ros/humble/include/rclcpp/rclcpp/rclcpp.hpp:155[m[K,
                 from [01m[K/home/manuel/ros2_ws/src/pwm_position_node/src/pwm_position_node.cpp:6[m[K:
[01m[K/home/manuel/ros2_ws/src/pwm_position_node/src/pwm_position_node.cpp:114:33:[m[K [01;31m[Kerror: [m[Kâ€˜[01m[Kgoal_j1_deg_[m[Kâ€™ was not declared in this scope
  114 |                 1.0/dt_seconds, [01;31m[Kgoal_j1_deg_[m[K, goal_j2_deg_);
      |                                 [01;31m[K^~~~~~~~~~~~[m[K
[01m[K/home/manuel/ros2_ws/src/pwm_position_node/src/pwm_position_node.cpp:114:47:[m[K [01;31m[Kerror: [m[Kâ€˜[01m[Kgoal_j2_deg_[m[Kâ€™ was not declared in this scope
  114 |                 1.0/dt_seconds, goal_j1_deg_, [01;31m[Kgoal_j2_deg_[m[K);
      |                                               [01;31m[K^~~~~~~~~~~~[m[K
[01m[K/home/manuel/ros2_ws/src/pwm_position_node/src/pwm_position_node.cpp:[m[K At global scope:
[01m[K/home/manuel/ros2_ws/src/pwm_position_node/src/pwm_position_node.cpp:118:15:[m[K [01;31m[Kerror: [m[Kexpected class-name before â€˜[01m[K([m[Kâ€™ token
  118 |    ~PWMPosNode[01;31m[K([m[K) override{
      |               [01;31m[K^[m[K
[01m[K/home/manuel/ros2_ws/src/pwm_position_node/src/pwm_position_node.cpp:127:1:[m[K [01;31m[Kerror: [m[Kexpected unqualified-id before â€˜[01m[Kprivate[m[Kâ€™
  127 | [01;31m[Kprivate[m[K:
      | [01;31m[K^~~~~~~[m[K
[01m[K/home/manuel/ros2_ws/src/pwm_position_node/src/pwm_position_node.cpp:[m[K In function â€˜[01m[Kvoid initialize_goals_to_current_positions()[m[Kâ€™:
[01m[K/home/manuel/ros2_ws/src/pwm_position_node/src/pwm_position_node.cpp:147:46:[m[K [01;31m[Kerror: [m[Kâ€˜[01m[Kport_[m[Kâ€™ was not declared in this scope
  147 |     dynamixel::GroupSyncRead group_sync_read([01;31m[Kport_[m[K, packet_, ADDR_PRESENT_POSITION, 4);
      |                                              [01;31m[K^~~~~[m[K
[01m[K/home/manuel/ros2_ws/src/pwm_position_node/src/pwm_position_node.cpp:147:53:[m[K [01;31m[Kerror: [m[Kâ€˜[01m[Kpacket_[m[Kâ€™ was not declared in this scope
  147 |     dynamixel::GroupSyncRead group_sync_read(port_, [01;31m[Kpacket_[m[K, ADDR_PRESENT_POSITION, 4);
      |                                                     [01;31m[K^~~~~~~[m[K
[01m[K/home/manuel/ros2_ws/src/pwm_position_node/src/pwm_position_node.cpp:153:42:[m[K [01;31m[Kerror: [m[Kâ€˜[01m[Kcomms_mutex_[m[Kâ€™ was not declared in this scope
  153 |         std::lock_guard<std::mutex> lock([01;31m[Kcomms_mutex_[m[K);
      |                                          [01;31m[K^~~~~~~~~~~~[m[K
In file included from [01m[K/opt/ros/humble/include/rclcpp/rclcpp/client.hpp:40[m[K,
                 from [01m[K/opt/ros/humble/include/rclcpp/rclcpp/callback_group.hpp:24[m[K,
                 from [01m[K/opt/ros/humble/include/rclcpp/rclcpp/any_executable.hpp:20[m[K,
                 from [01m[K/opt/ros/humble/include/rclcpp/rclcpp/memory_strategy.hpp:25[m[K,
                 from [01m[K/opt/ros/humble/include/rclcpp/rclcpp/memory_strategies.hpp:18[m[K,
                 from [01m[K/opt/ros/humble/include/rclcpp/rclcpp/executor_options.hpp:20[m[K,
                 from [01m[K/opt/ros/humble/include/rclcpp/rclcpp/executor.hpp:37[m[K,
                 from [01m[K/opt/ros/humble/include/rclcpp/rclcpp/executors/multi_threaded_executor.hpp:25[m[K,
                 from [01m[K/opt/ros/humble/include/rclcpp/rclcpp/executors.hpp:21[m[K,
                 from [01m[K/opt/ros/humble/include/rclcpp/rclcpp/rclcpp.hpp:155[m[K,
                 from [01m[K/home/manuel/ros2_ws/src/pwm_position_node/src/pwm_position_node.cpp:6[m[K:
[01m[K/home/manuel/ros2_ws/src/pwm_position_node/src/pwm_position_node.cpp:158:22:[m[K [01;31m[Kerror: [m[Kâ€˜[01m[Kget_logger[m[Kâ€™ was not declared in this scope; did you mean â€˜[01m[Krclcpp::get_logger[m[Kâ€™?
  158 |         RCLCPP_ERROR([01;31m[Kget_logger[m[K(), "Failed to read initial positions: %s", packet_->getTxRxResult(dxl_comm_result));
      |                      [01;31m[K^~~~~~~~~~[m[K
In file included from [01m[K/opt/ros/humble/include/rclcpp/rclcpp/logging.hpp:23[m[K,
                 from [01m[K/opt/ros/humble/include/rclcpp/rclcpp/client.hpp:40[m[K,
                 from [01m[K/opt/ros/humble/include/rclcpp/rclcpp/callback_group.hpp:24[m[K,
                 from [01m[K/opt/ros/humble/include/rclcpp/rclcpp/any_executable.hpp:20[m[K,
                 from [01m[K/opt/ros/humble/include/rclcpp/rclcpp/memory_strategy.hpp:25[m[K,
                 from [01m[K/opt/ros/humble/include/rclcpp/rclcpp/memory_strategies.hpp:18[m[K,
                 from [01m[K/opt/ros/humble/include/rclcpp/rclcpp/executor_options.hpp:20[m[K,
                 from [01m[K/opt/ros/humble/include/rclcpp/rclcpp/executor.hpp:37[m[K,
                 from [01m[K/opt/ros/humble/include/rclcpp/rclcpp/executors/multi_threaded_executor.hpp:25[m[K,
                 from [01m[K/opt/ros/humble/include/rclcpp/rclcpp/executors.hpp:21[m[K,
                 from [01m[K/opt/ros/humble/include/rclcpp/rclcpp/rclcpp.hpp:155[m[K,
                 from [01m[K/home/manuel/ros2_ws/src/pwm_position_node/src/pwm_position_node.cpp:6[m[K:
[01m[K/opt/ros/humble/include/rclcpp/rclcpp/logger.hpp:106:17:[m[K [01;36m[Knote: [m[Kâ€˜[01m[Krclcpp::get_logger[m[Kâ€™ declared here
  106 |   friend Logger [01;36m[Krclcpp[m[K::get_logger(const std::string & name);
      |                 [01;36m[K^~~~~~[m[K
In file included from [01m[K/opt/ros/humble/include/rclcpp/rclcpp/client.hpp:40[m[K,
                 from [01m[K/opt/ros/humble/include/rclcpp/rclcpp/callback_group.hpp:24[m[K,
                 from [01m[K/opt/ros/humble/include/rclcpp/rclcpp/any_executable.hpp:20[m[K,
                 from [01m[K/opt/ros/humble/include/rclcpp/rclcpp/memory_strategy.hpp:25[m[K,
                 from [01m[K/opt/ros/humble/include/rclcpp/rclcpp/memory_strategies.hpp:18[m[K,
                 from [01m[K/opt/ros/humble/include/rclcpp/rclcpp/executor_options.hpp:20[m[K,
                 from [01m[K/opt/ros/humble/include/rclcpp/rclcpp/executor.hpp:37[m[K,
                 from [01m[K/opt/ros/humble/include/rclcpp/rclcpp/executors/multi_threaded_executor.hpp:25[m[K,
                 from [01m[K/opt/ros/humble/include/rclcpp/rclcpp/executors.hpp:21[m[K,
                 from [01m[K/opt/ros/humble/include/rclcpp/rclcpp/rclcpp.hpp:155[m[K,
                 from [01m[K/home/manuel/ros2_ws/src/pwm_position_node/src/pwm_position_node.cpp:6[m[K:
[01m[K/home/manuel/ros2_ws/src/pwm_position_node/src/pwm_position_node.cpp:158:9:[m[K [01;31m[Kerror: [m[Ktemplate argument 1 is invalid
  158 |         [01;31m[KRCLCPP_ERROR[m[K(get_logger(), "Failed to read initial positions: %s", packet_->getTxRxResult(dxl_comm_result));
      |         [01;31m[K^~~~~~~~~~~~[m[K
[01m[K/home/manuel/ros2_ws/src/pwm_position_node/src/pwm_position_node.cpp:158:9:[m[K [01;31m[Kerror: [m[Ktemplate argument 1 is invalid
  158 |         [01;31m[KRCLCPP_ERROR[m[K(get_logger(), "Failed to read initial positions: %s", packet_->getTxRxResult(dxl_comm_result));
      |         [01;31m[K^~~~~~~~~~~~[m[K
[01m[K/home/manuel/ros2_ws/src/pwm_position_node/src/pwm_position_node.cpp:158:9:[m[K [01;31m[Kerror: [m[Ktemplate argument 1 is invalid
  158 |         [01;31m[KRCLCPP_ERROR[m[K(get_logger(), "Failed to read initial positions: %s", packet_->getTxRxResult(dxl_comm_result));
      |         [01;31m[K^~~~~~~~~~~~[m[K
[01m[K/home/manuel/ros2_ws/src/pwm_position_node/src/pwm_position_node.cpp:159:9:[m[K [01;31m[Kerror: [m[Kâ€˜[01m[Kgoal_j1_deg_[m[Kâ€™ was not declared in this scope
  159 |         [01;31m[Kgoal_j1_deg_[m[K = 0.0;
      |         [01;31m[K^~~~~~~~~~~~[m[K
[01m[K/home/manuel/ros2_ws/src/pwm_position_node/src/pwm_position_node.cpp:160:9:[m[K [01;31m[Kerror: [m[Kâ€˜[01m[Kgoal_j2_deg_[m[Kâ€™ was not declared in this scope
  160 |         [01;31m[Kgoal_j2_deg_[m[K = 0.0;
      |         [01;31m[K^~~~~~~~~~~~[m[K
[01m[K/home/manuel/ros2_ws/src/pwm_position_node/src/pwm_position_node.cpp:168:13:[m[K [01;31m[Kerror: [m[Kâ€˜[01m[Kgoal_j1_deg_[m[Kâ€™ was not declared in this scope
  168 |             [01;31m[Kgoal_j1_deg_[m[K = tick_to_deg_1(current_ticks_1);
      |             [01;31m[K^~~~~~~~~~~~[m[K
In file included from [01m[K/opt/ros/humble/include/rclcpp/rclcpp/client.hpp:40[m[K,
                 from [01m[K/opt/ros/humble/include/rclcpp/rclcpp/callback_group.hpp:24[m[K,
                 from [01m[K/opt/ros/humble/include/rclcpp/rclcpp/any_executable.hpp:20[m[K,
                 from [01m[K/opt/ros/humble/include/rclcpp/rclcpp/memory_strategy.hpp:25[m[K,
                 from [01m[K/opt/ros/humble/include/rclcpp/rclcpp/memory_strategies.hpp:18[m[K,
                 from [01m[K/opt/ros/humble/include/rclcpp/rclcpp/executor_options.hpp:20[m[K,
                 from [01m[K/opt/ros/humble/include/rclcpp/rclcpp/executor.hpp:37[m[K,
                 from [01m[K/opt/ros/humble/include/rclcpp/rclcpp/executors/multi_threaded_executor.hpp:25[m[K,
                 from [01m[K/opt/ros/humble/include/rclcpp/rclcpp/executors.hpp:21[m[K,
                 from [01m[K/opt/ros/humble/include/rclcpp/rclcpp/rclcpp.hpp:155[m[K,
                 from [01m[K/home/manuel/ros2_ws/src/pwm_position_node/src/pwm_position_node.cpp:6[m[K:
[01m[K/home/manuel/ros2_ws/src/pwm_position_node/src/pwm_position_node.cpp:170:25:[m[K [01;31m[Kerror: [m[Kâ€˜[01m[Kget_logger[m[Kâ€™ was not declared in this scope; did you mean â€˜[01m[Krclcpp::get_logger[m[Kâ€™?
  170 |             RCLCPP_WARN([01;31m[Kget_logger[m[K(), "Could not get initial position for ID_1. Defaulting J1 goal to 0 deg.");
      |                         [01;31m[K^~~~~~~~~~[m[K
In file included from [01m[K/opt/ros/humble/include/rclcpp/rclcpp/logging.hpp:23[m[K,
                 from [01m[K/opt/ros/humble/include/rclcpp/rclcpp/client.hpp:40[m[K,
                 from [01m[K/opt/ros/humble/include/rclcpp/rclcpp/callback_group.hpp:24[m[K,
                 from [01m[K/opt/ros/humble/include/rclcpp/rclcpp/any_executable.hpp:20[m[K,
                 from [01m[K/opt/ros/humble/include/rclcpp/rclcpp/memory_strategy.hpp:25[m[K,
                 from [01m[K/opt/ros/humble/include/rclcpp/rclcpp/memory_strategies.hpp:18[m[K,
                 from [01m[K/opt/ros/humble/include/rclcpp/rclcpp/executor_options.hpp:20[m[K,
                 from [01m[K/opt/ros/humble/include/rclcpp/rclcpp/executor.hpp:37[m[K,
                 from [01m[K/opt/ros/humble/include/rclcpp/rclcpp/executors/multi_threaded_executor.hpp:25[m[K,
                 from [01m[K/opt/ros/humble/include/rclcpp/rclcpp/executors.hpp:21[m[K,
                 from [01m[K/opt/ros/humble/include/rclcpp/rclcpp/rclcpp.hpp:155[m[K,
                 from [01m[K/home/manuel/ros2_ws/src/pwm_position_node/src/pwm_position_node.cpp:6[m[K:
[01m[K/opt/ros/humble/include/rclcpp/rclcpp/logger.hpp:106:17:[m[K [01;36m[Knote: [m[Kâ€˜[01m[Krclcpp::get_logger[m[Kâ€™ declared here
  106 |   friend Logger [01;36m[Krclcpp[m[K::get_logger(const std::string & name);
      |                 [01;36m[K^~~~~~[m[K
In file included from [01m[K/opt/ros/humble/include/rclcpp/rclcpp/client.hpp:40[m[K,
                 from [01m[K/opt/ros/humble/include/rclcpp/rclcpp/callback_group.hpp:24[m[K,
                 from [01m[K/opt/ros/humble/include/rclcpp/rclcpp/any_executable.hpp:20[m[K,
                 from [01m[K/opt/ros/humble/include/rclcpp/rclcpp/memory_strategy.hpp:25[m[K,
                 from [01m[K/opt/ros/humble/include/rclcpp/rclcpp/memory_strategies.hpp:18[m[K,
                 from [01m[K/opt/ros/humble/include/rclcpp/rclcpp/executor_options.hpp:20[m[K,
                 from [01m[K/opt/ros/humble/include/rclcpp/rclcpp/executor.hpp:37[m[K,
                 from [01m[K/opt/ros/humble/include/rclcpp/rclcpp/executors/multi_threaded_executor.hpp:25[m[K,
                 from [01m[K/opt/ros/humble/include/rclcpp/rclcpp/executors.hpp:21[m[K,
                 from [01m[K/opt/ros/humble/include/rclcpp/rclcpp/rclcpp.hpp:155[m[K,
                 from [01m[K/home/manuel/ros2_ws/src/pwm_position_node/src/pwm_position_node.cpp:6[m[K:
[01m[K/home/manuel/ros2_ws/src/pwm_position_node/src/pwm_position_node.cpp:170:13:[m[K [01;31m[Kerror: [m[Ktemplate argument 1 is invalid
  170 |             [01;31m[KRCLCPP_WARN[m[K(get_logger(), "Could not get initial position for ID_1. Defaulting J1 goal to 0 deg.");
      |             [01;31m[K^~~~~~~~~~~[m[K
[01m[K/home/manuel/ros2_ws/src/pwm_position_node/src/pwm_position_node.cpp:170:13:[m[K [01;31m[Kerror: [m[Ktemplate argument 1 is invalid
  170 |             [01;31m[KRCLCPP_WARN[m[K(get_logger(), "Could not get initial position for ID_1. Defaulting J1 goal to 0 deg.");
      |             [01;31m[K^~~~~~~~~~~[m[K
[01m[K/home/manuel/ros2_ws/src/pwm_position_node/src/pwm_position_node.cpp:170:13:[m[K [01;31m[Kerror: [m[Ktemplate argument 1 is invalid
  170 |             [01;31m[KRCLCPP_WARN[m[K(get_logger(), "Could not get initial position for ID_1. Defaulting J1 goal to 0 deg.");
      |             [01;31m[K^~~~~~~~~~~[m[K
[01m[K/home/manuel/ros2_ws/src/pwm_position_node/src/pwm_position_node.cpp:171:13:[m[K [01;31m[Kerror: [m[Kâ€˜[01m[Kgoal_j1_deg_[m[Kâ€™ was not declared in this scope
  171 |             [01;31m[Kgoal_j1_deg_[m[K = 0.0;
      |             [01;31m[K^~~~~~~~~~~~[m[K
[01m[K/home/manuel/ros2_ws/src/pwm_position_node/src/pwm_position_node.cpp:175:13:[m[K [01;31m[Kerror: [m[Kâ€˜[01m[Kgoal_j2_deg_[m[Kâ€™ was not declared in this scope
  175 |             [01;31m[Kgoal_j2_deg_[m[K = tick_to_deg_2(current_ticks_2);
      |             [01;31m[K^~~~~~~~~~~~[m[K
In file included from [01m[K/opt/ros/humble/include/rclcpp/rclcpp/client.hpp:40[m[K,
                 from [01m[K/opt/ros/humble/include/rclcpp/rclcpp/callback_group.hpp:24[m[K,
                 from [01m[K/opt/ros/humble/include/rclcpp/rclcpp/any_executable.hpp:20[m[K,
                 from [01m[K/opt/ros/humble/include/rclcpp/rclcpp/memory_strategy.hpp:25[m[K,
                 from [01m[K/opt/ros/humble/include/rclcpp/rclcpp/memory_strategies.hpp:18[m[K,
                 from [01m[K/opt/ros/humble/include/rclcpp/rclcpp/executor_options.hpp:20[m[K,
                 from [01m[K/opt/ros/humble/include/rclcpp/rclcpp/executor.hpp:37[m[K,
                 from [01m[K/opt/ros/humble/include/rclcpp/rclcpp/executors/multi_threaded_executor.hpp:25[m[K,
                 from [01m[K/opt/ros/humble/include/rclcpp/rclcpp/executors.hpp:21[m[K,
                 from [01m[K/opt/ros/humble/include/rclcpp/rclcpp/rclcpp.hpp:155[m[K,
                 from [01m[K/home/manuel/ros2_ws/src/pwm_position_node/src/pwm_position_node.cpp:6[m[K:
[01m[K/home/manuel/ros2_ws/src/pwm_position_node/src/pwm_position_node.cpp:177:25:[m[K [01;31m[Kerror: [m[Kâ€˜[01m[Kget_logger[m[Kâ€™ was not declared in this scope; did you mean â€˜[01m[Krclcpp::get_logger[m[Kâ€™?
  177 |             RCLCPP_WARN([01;31m[Kget_logger[m[K(), "Could not get initial position for ID_2. Defaulting J2 goal to 0 deg.");
      |                         [01;31m[K^~~~~~~~~~[m[K
In file included from [01m[K/opt/ros/humble/include/rclcpp/rclcpp/logging.hpp:23[m[K,
                 from [01m[K/opt/ros/humble/include/rclcpp/rclcpp/client.hpp:40[m[K,
                 from [01m[K/opt/ros/humble/include/rclcpp/rclcpp/callback_group.hpp:24[m[K,
                 from [01m[K/opt/ros/humble/include/rclcpp/rclcpp/any_executable.hpp:20[m[K,
                 from [01m[K/opt/ros/humble/include/rclcpp/rclcpp/memory_strategy.hpp:25[m[K,
                 from [01m[K/opt/ros/humble/include/rclcpp/rclcpp/memory_strategies.hpp:18[m[K,
                 from [01m[K/opt/ros/humble/include/rclcpp/rclcpp/executor_options.hpp:20[m[K,
                 from [01m[K/opt/ros/humble/include/rclcpp/rclcpp/executor.hpp:37[m[K,
                 from [01m[K/opt/ros/humble/include/rclcpp/rclcpp/executors/multi_threaded_executor.hpp:25[m[K,
                 from [01m[K/opt/ros/humble/include/rclcpp/rclcpp/executors.hpp:21[m[K,
                 from [01m[K/opt/ros/humble/include/rclcpp/rclcpp/rclcpp.hpp:155[m[K,
                 from [01m[K/home/manuel/ros2_ws/src/pwm_position_node/src/pwm_position_node.cpp:6[m[K:
[01m[K/opt/ros/humble/include/rclcpp/rclcpp/logger.hpp:106:17:[m[K [01;36m[Knote: [m[Kâ€˜[01m[Krclcpp::get_logger[m[Kâ€™ declared here
  106 |   friend Logger [01;36m[Krclcpp[m[K::get_logger(const std::string & name);
      |                 [01;36m[K^~~~~~[m[K
In file included from [01m[K/opt/ros/humble/include/rclcpp/rclcpp/client.hpp:40[m[K,
                 from [01m[K/opt/ros/humble/include/rclcpp/rclcpp/callback_group.hpp:24[m[K,
                 from [01m[K/opt/ros/humble/include/rclcpp/rclcpp/any_executable.hpp:20[m[K,
                 from [01m[K/opt/ros/humble/include/rclcpp/rclcpp/memory_strategy.hpp:25[m[K,
                 from [01m[K/opt/ros/humble/include/rclcpp/rclcpp/memory_strategies.hpp:18[m[K,
                 from [01m[K/opt/ros/humble/include/rclcpp/rclcpp/executor_options.hpp:20[m[K,
                 from [01m[K/opt/ros/humble/include/rclcpp/rclcpp/executor.hpp:37[m[K,
                 from [01m[K/opt/ros/humble/include/rclcpp/rclcpp/executors/multi_threaded_executor.hpp:25[m[K,
                 from [01m[K/opt/ros/humble/include/rclcpp/rclcpp/executors.hpp:21[m[K,
                 from [01m[K/opt/ros/humble/include/rclcpp/rclcpp/rclcpp.hpp:155[m[K,
                 from [01m[K/home/manuel/ros2_ws/src/pwm_position_node/src/pwm_position_node.cpp:6[m[K:
[01m[K/home/manuel/ros2_ws/src/pwm_position_node/src/pwm_position_node.cpp:177:13:[m[K [01;31m[Kerror: [m[Ktemplate argument 1 is invalid
  177 |             [01;31m[KRCLCPP_WARN[m[K(get_logger(), "Could not get initial position for ID_2. Defaulting J2 goal to 0 deg.");
      |             [01;31m[K^~~~~~~~~~~[m[K
[01m[K/home/manuel/ros2_ws/src/pwm_position_node/src/pwm_position_node.cpp:177:13:[m[K [01;31m[Kerror: [m[Ktemplate argument 1 is invalid
  177 |             [01;31m[KRCLCPP_WARN[m[K(get_logger(), "Could not get initial position for ID_2. Defaulting J2 goal to 0 deg.");
      |             [01;31m[K^~~~~~~~~~~[m[K
[01m[K/home/manuel/ros2_ws/src/pwm_position_node/src/pwm_position_node.cpp:177:13:[m[K [01;31m[Kerror: [m[Ktemplate argument 1 is invalid
  177 |             [01;31m[KRCLCPP_WARN[m[K(get_logger(), "Could not get initial position for ID_2. Defaulting J2 goal to 0 deg.");
      |             [01;31m[K^~~~~~~~~~~[m[K
[01m[K/home/manuel/ros2_ws/src/pwm_position_node/src/pwm_position_node.cpp:178:13:[m[K [01;31m[Kerror: [m[Kâ€˜[01m[Kgoal_j2_deg_[m[Kâ€™ was not declared in this scope
  178 |             [01;31m[Kgoal_j2_deg_[m[K = 0.0;
      |             [01;31m[K^~~~~~~~~~~~[m[K
[01m[K/home/manuel/ros2_ws/src/pwm_position_node/src/pwm_position_node.cpp:181:5:[m[K [01;31m[Kerror: [m[Kâ€˜[01m[Kcurrent_j1_deg_[m[Kâ€™ was not declared in this scope
  181 |     [01;31m[Kcurrent_j1_deg_[m[K = goal_j1_deg_;
      |     [01;31m[K^~~~~~~~~~~~~~~[m[K
[01m[K/home/manuel/ros2_ws/src/pwm_position_node/src/pwm_position_node.cpp:181:23:[m[K [01;31m[Kerror: [m[Kâ€˜[01m[Kgoal_j1_deg_[m[Kâ€™ was not declared in this scope
  181 |     current_j1_deg_ = [01;31m[Kgoal_j1_deg_[m[K;
      |                       [01;31m[K^~~~~~~~~~~~[m[K
[01m[K/home/manuel/ros2_ws/src/pwm_position_node/src/pwm_position_node.cpp:182:5:[m[K [01;31m[Kerror: [m[Kâ€˜[01m[Kcurrent_j2_deg_[m[Kâ€™ was not declared in this scope
  182 |     [01;31m[Kcurrent_j2_deg_[m[K = goal_j2_deg_;
      |     [01;31m[K^~~~~~~~~~~~~~~[m[K
[01m[K/home/manuel/ros2_ws/src/pwm_position_node/src/pwm_position_node.cpp:182:23:[m[K [01;31m[Kerror: [m[Kâ€˜[01m[Kgoal_j2_deg_[m[Kâ€™ was not declared in this scope
  182 |     current_j2_deg_ = [01;31m[Kgoal_j2_deg_[m[K;
      |                       [01;31m[K^~~~~~~~~~~~[m[K
[01m[K/home/manuel/ros2_ws/src/pwm_position_node/src/pwm_position_node.cpp:183:5:[m[K [01;31m[Kerror: [m[Kâ€˜[01m[Kprev_error_j1_[m[Kâ€™ was not declared in this scope
  183 |     [01;31m[Kprev_error_j1_[m[K = 0.0;
      |     [01;31m[K^~~~~~~~~~~~~~[m[K
[01m[K/home/manuel/ros2_ws/src/pwm_position_node/src/pwm_position_node.cpp:184:5:[m[K [01;31m[Kerror: [m[Kâ€˜[01m[Kprev_error_j2_[m[Kâ€™ was not declared in this scope
  184 |     [01;31m[Kprev_error_j2_[m[K = 0.0;
      |     [01;31m[K^~~~~~~~~~~~~~[m[K
[01m[K/home/manuel/ros2_ws/src/pwm_position_node/src/pwm_position_node.cpp:185:5:[m[K [01;31m[Kerror: [m[Kâ€˜[01m[Kintegral_j1_[m[Kâ€™ was not declared in this scope
  185 |     [01;31m[Kintegral_j1_[m[K = 0.0;
      |     [01;31m[K^~~~~~~~~~~~[m[K
[01m[K/home/manuel/ros2_ws/src/pwm_position_node/src/pwm_position_node.cpp:186:5:[m[K [01;31m[Kerror: [m[Kâ€˜[01m[Kintegral_j2_[m[Kâ€™ was not declared in this scope
  186 |     [01;31m[Kintegral_j2_[m[K = 0.0;
      |     [01;31m[K^~~~~~~~~~~~[m[K
[01m[K/home/manuel/ros2_ws/src/pwm_position_node/src/pwm_position_node.cpp:187:5:[m[K [01;31m[Kerror: [m[Kâ€˜[01m[Ktarget_x_[m[Kâ€™ was not declared in this scope
  187 |     [01;31m[Ktarget_x_[m[K = BASE_X + L1 * std::cos(-goal_j1_deg_ * M_PI / 180.0) + L2 * std::cos(-goal_j1_deg_ * M_PI / 180.0 + goal_j2_deg_ * M_PI / 180.0);
      |     [01;31m[K^~~~~~~~~[m[K
[01m[K/home/manuel/ros2_ws/src/pwm_position_node/src/pwm_position_node.cpp:188:5:[m[K [01;31m[Kerror: [m[Kâ€˜[01m[Ktarget_y_[m[Kâ€™ was not declared in this scope
  188 |     [01;31m[Ktarget_y_[m[K = BASE_Y + L1 * std::sin(-goal_j1_deg_ * M_PI / 180.0) + L2 * std::sin(-goal_j1_deg_ * M_PI / 180.0 + goal_j2_deg_ * M_PI / 180.0);
      |     [01;31m[K^~~~~~~~~[m[K
In file included from [01m[K/opt/ros/humble/include/rclcpp/rclcpp/client.hpp:40[m[K,
                 from [01m[K/opt/ros/humble/include/rclcpp/rclcpp/callback_group.hpp:24[m[K,
                 from [01m[K/opt/ros/humble/include/rclcpp/rclcpp/any_executable.hpp:20[m[K,
                 from [01m[K/opt/ros/humble/include/rclcpp/rclcpp/memory_strategy.hpp:25[m[K,
                 from [01m[K/opt/ros/humble/include/rclcpp/rclcpp/memory_strategies.hpp:18[m[K,
                 from [01m[K/opt/ros/humble/include/rclcpp/rclcpp/executor_options.hpp:20[m[K,
                 from [01m[K/opt/ros/humble/include/rclcpp/rclcpp/executor.hpp:37[m[K,
                 from [01m[K/opt/ros/humble/include/rclcpp/rclcpp/executors/multi_threaded_executor.hpp:25[m[K,
                 from [01m[K/opt/ros/humble/include/rclcpp/rclcpp/executors.hpp:21[m[K,
                 from [01m[K/opt/ros/humble/include/rclcpp/rclcpp/rclcpp.hpp:155[m[K,
                 from [01m[K/home/manuel/ros2_ws/src/pwm_position_node/src/pwm_position_node.cpp:6[m[K:
[01m[K/home/manuel/ros2_ws/src/pwm_position_node/src/pwm_position_node.cpp:190:17:[m[K [01;31m[Kerror: [m[Kâ€˜[01m[Kget_logger[m[Kâ€™ was not declared in this scope; did you mean â€˜[01m[Krclcpp::get_logger[m[Kâ€™?
  190 |     RCLCPP_INFO([01;31m[Kget_logger[m[K(), "Initialized goals to current positions: J1=%.2f deg, J2=%.2f deg. Corresponding XY approx: (%.2f, %.2f)",
      |                 [01;31m[K^~~~~~~~~~[m[K
In file included from [01m[K/opt/ros/humble/include/rclcpp/rclcpp/logging.hpp:23[m[K,
                 from [01m[K/opt/ros/humble/include/rclcpp/rclcpp/client.hpp:40[m[K,
                 from [01m[K/opt/ros/humble/include/rclcpp/rclcpp/callback_group.hpp:24[m[K,
                 from [01m[K/opt/ros/humble/include/rclcpp/rclcpp/any_executable.hpp:20[m[K,
                 from [01m[K/opt/ros/humble/include/rclcpp/rclcpp/memory_strategy.hpp:25[m[K,
                 from [01m[K/opt/ros/humble/include/rclcpp/rclcpp/memory_strategies.hpp:18[m[K,
                 from [01m[K/opt/ros/humble/include/rclcpp/rclcpp/executor_options.hpp:20[m[K,
                 from [01m[K/opt/ros/humble/include/rclcpp/rclcpp/executor.hpp:37[m[K,
                 from [01m[K/opt/ros/humble/include/rclcpp/rclcpp/executors/multi_threaded_executor.hpp:25[m[K,
                 from [01m[K/opt/ros/humble/include/rclcpp/rclcpp/executors.hpp:21[m[K,
                 from [01m[K/opt/ros/humble/include/rclcpp/rclcpp/rclcpp.hpp:155[m[K,
                 from [01m[K/home/manuel/ros2_ws/src/pwm_position_node/src/pwm_position_node.cpp:6[m[K:
[01m[K/opt/ros/humble/include/rclcpp/rclcpp/logger.hpp:106:17:[m[K [01;36m[Knote: [m[Kâ€˜[01m[Krclcpp::get_logger[m[Kâ€™ declared here
  106 |   friend Logger [01;36m[Krclcpp[m[K::get_logger(const std::string & name);
      |                 [01;36m[K^~~~~~[m[K
In file included from [01m[K/opt/ros/humble/include/rclcpp/rclcpp/client.hpp:40[m[K,
                 from [01m[K/opt/ros/humble/include/rclcpp/rclcpp/callback_group.hpp:24[m[K,
                 from [01m[K/opt/ros/humble/include/rclcpp/rclcpp/any_executable.hpp:20[m[K,
                 from [01m[K/opt/ros/humble/include/rclcpp/rclcpp/memory_strategy.hpp:25[m[K,
                 from [01m[K/opt/ros/humble/include/rclcpp/rclcpp/memory_strategies.hpp:18[m[K,
                 from [01m[K/opt/ros/humble/include/rclcpp/rclcpp/executor_options.hpp:20[m[K,
                 from [01m[K/opt/ros/humble/include/rclcpp/rclcpp/executor.hpp:37[m[K,
                 from [01m[K/opt/ros/humble/include/rclcpp/rclcpp/executors/multi_threaded_executor.hpp:25[m[K,
                 from [01m[K/opt/ros/humble/include/rclcpp/rclcpp/executors.hpp:21[m[K,
                 from [01m[K/opt/ros/humble/include/rclcpp/rclcpp/rclcpp.hpp:155[m[K,
                 from [01m[K/home/manuel/ros2_ws/src/pwm_position_node/src/pwm_position_node.cpp:6[m[K:
[01m[K/home/manuel/ros2_ws/src/pwm_position_node/src/pwm_position_node.cpp:190:5:[m[K [01;31m[Kerror: [m[Ktemplate argument 1 is invalid
  190 |     [01;31m[KRCLCPP_INFO[m[K(get_logger(), "Initialized goals to current positions: J1=%.2f deg, J2=%.2f deg. Corresponding XY approx: (%.2f, %.2f)",
      |     [01;31m[K^~~~~~~~~~~[m[K
[01m[K/home/manuel/ros2_ws/src/pwm_position_node/src/pwm_position_node.cpp:190:5:[m[K [01;31m[Kerror: [m[Ktemplate argument 1 is invalid
  190 |     [01;31m[KRCLCPP_INFO[m[K(get_logger(), "Initialized goals to current positions: J1=%.2f deg, J2=%.2f deg. Corresponding XY approx: (%.2f, %.2f)",
      |     [01;31m[K^~~~~~~~~~~[m[K
[01m[K/home/manuel/ros2_ws/src/pwm_position_node/src/pwm_position_node.cpp:190:5:[m[K [01;31m[Kerror: [m[Ktemplate argument 1 is invalid
  190 |     [01;31m[KRCLCPP_INFO[m[K(get_logger(), "Initialized goals to current positions: J1=%.2f deg, J2=%.2f deg. Corresponding XY approx: (%.2f, %.2f)",
      |     [01;31m[K^~~~~~~~~~~[m[K
[01m[K/home/manuel/ros2_ws/src/pwm_position_node/src/pwm_position_node.cpp:[m[K In function â€˜[01m[Kvoid set_xy_callback(inverse_kinematics_node::msg::SetXY_<std::allocator<void> >::SharedPtr)[m[Kâ€™:
[01m[K/home/manuel/ros2_ws/src/pwm_position_node/src/pwm_position_node.cpp:195:17:[m[K [01;31m[Kerror: [m[Kâ€˜[01m[Kget_logger[m[Kâ€™ was not declared in this scope; did you mean â€˜[01m[Krclcpp::get_logger[m[Kâ€™?
  195 |     RCLCPP_INFO([01;31m[Kget_logger[m[K(), "Received new target XY: (%.2f, %.2f)", msg->x, msg->y);
      |                 [01;31m[K^~~~~~~~~~[m[K
In file included from [01m[K/opt/ros/humble/include/rclcpp/rclcpp/logging.hpp:23[m[K,
                 from [01m[K/opt/ros/humble/include/rclcpp/rclcpp/client.hpp:40[m[K,
                 from [01m[K/opt/ros/humble/include/rclcpp/rclcpp/callback_group.hpp:24[m[K,
                 from [01m[K/opt/ros/humble/include/rclcpp/rclcpp/any_executable.hpp:20[m[K,
                 from [01m[K/opt/ros/humble/include/rclcpp/rclcpp/memory_strategy.hpp:25[m[K,
                 from [01m[K/opt/ros/humble/include/rclcpp/rclcpp/memory_strategies.hpp:18[m[K,
                 from [01m[K/opt/ros/humble/include/rclcpp/rclcpp/executor_options.hpp:20[m[K,
                 from [01m[K/opt/ros/humble/include/rclcpp/rclcpp/executor.hpp:37[m[K,
                 from [01m[K/opt/ros/humble/include/rclcpp/rclcpp/executors/multi_threaded_executor.hpp:25[m[K,
                 from [01m[K/opt/ros/humble/include/rclcpp/rclcpp/executors.hpp:21[m[K,
                 from [01m[K/opt/ros/humble/include/rclcpp/rclcpp/rclcpp.hpp:155[m[K,
                 from [01m[K/home/manuel/ros2_ws/src/pwm_position_node/src/pwm_position_node.cpp:6[m[K:
[01m[K/opt/ros/humble/include/rclcpp/rclcpp/logger.hpp:106:17:[m[K [01;36m[Knote: [m[Kâ€˜[01m[Krclcpp::get_logger[m[Kâ€™ declared here
  106 |   friend Logger [01;36m[Krclcpp[m[K::get_logger(const std::string & name);
      |                 [01;36m[K^~~~~~[m[K
In file included from [01m[K/opt/ros/humble/include/rclcpp/rclcpp/client.hpp:40[m[K,
                 from [01m[K/opt/ros/humble/include/rclcpp/rclcpp/callback_group.hpp:24[m[K,
                 from [01m[K/opt/ros/humble/include/rclcpp/rclcpp/any_executable.hpp:20[m[K,
                 from [01m[K/opt/ros/humble/include/rclcpp/rclcpp/memory_strategy.hpp:25[m[K,
                 from [01m[K/opt/ros/humble/include/rclcpp/rclcpp/memory_strategies.hpp:18[m[K,
                 from [01m[K/opt/ros/humble/include/rclcpp/rclcpp/executor_options.hpp:20[m[K,
                 from [01m[K/opt/ros/humble/include/rclcpp/rclcpp/executor.hpp:37[m[K,
                 from [01m[K/opt/ros/humble/include/rclcpp/rclcpp/executors/multi_threaded_executor.hpp:25[m[K,
                 from [01m[K/opt/ros/humble/include/rclcpp/rclcpp/executors.hpp:21[m[K,
                 from [01m[K/opt/ros/humble/include/rclcpp/rclcpp/rclcpp.hpp:155[m[K,
                 from [01m[K/home/manuel/ros2_ws/src/pwm_position_node/src/pwm_position_node.cpp:6[m[K:
[01m[K/home/manuel/ros2_ws/src/pwm_position_node/src/pwm_position_node.cpp:195:5:[m[K [01;31m[Kerror: [m[Ktemplate argument 1 is invalid
  195 |     [01;31m[KRCLCPP_INFO[m[K(get_logger(), "Received new target XY: (%.2f, %.2f)", msg->x, msg->y);
      |     [01;31m[K^~~~~~~~~~~[m[K
[01m[K/home/manuel/ros2_ws/src/pwm_position_node/src/pwm_position_node.cpp:195:5:[m[K [01;31m[Kerror: [m[Ktemplate argument 1 is invalid
  195 |     [01;31m[KRCLCPP_INFO[m[K(get_logger(), "Received new target XY: (%.2f, %.2f)", msg->x, msg->y);
      |     [01;31m[K^~~~~~~~~~~[m[K
[01m[K/home/manuel/ros2_ws/src/pwm_position_node/src/pwm_position_node.cpp:195:5:[m[K [01;31m[Kerror: [m[Ktemplate argument 1 is invalid
  195 |     [01;31m[KRCLCPP_INFO[m[K(get_logger(), "Received new target XY: (%.2f, %.2f)", msg->x, msg->y);
      |     [01;31m[K^~~~~~~~~~~[m[K
[01m[K/home/manuel/ros2_ws/src/pwm_position_node/src/pwm_position_node.cpp:197:42:[m[K [01;31m[Kerror: [m[Kâ€˜[01m[Ktarget_mutex_[m[Kâ€™ was not declared in this scope
  197 |         std::lock_guard<std::mutex> lock([01;31m[Ktarget_mutex_[m[K);
      |                                          [01;31m[K^~~~~~~~~~~~~[m[K
[01m[K/home/manuel/ros2_ws/src/pwm_position_node/src/pwm_position_node.cpp:198:9:[m[K [01;31m[Kerror: [m[Kâ€˜[01m[Ktarget_x_[m[Kâ€™ was not declared in this scope
  198 |         [01;31m[Ktarget_x_[m[K = msg->x;
      |         [01;31m[K^~~~~~~~~[m[K
[01m[K/home/manuel/ros2_ws/src/pwm_position_node/src/pwm_position_node.cpp:199:9:[m[K [01;31m[Kerror: [m[Kâ€˜[01m[Ktarget_y_[m[Kâ€™ was not declared in this scope
  199 |         [01;31m[Ktarget_y_[m[K = msg->y;
      |         [01;31m[K^~~~~~~~~[m[K
[01m[K/home/manuel/ros2_ws/src/pwm_position_node/src/pwm_position_node.cpp:200:9:[m[K [01;31m[Kerror: [m[Kâ€˜[01m[Knew_goal_is_pending_[m[Kâ€™ was not declared in this scope
  200 |         [01;31m[Knew_goal_is_pending_[m[K = true;
      |         [01;31m[K^~~~~~~~~~~~~~~~~~~~[m[K
[01m[K/home/manuel/ros2_ws/src/pwm_position_node/src/pwm_position_node.cpp:[m[K In function â€˜[01m[Kvoid control_loop(double)[m[Kâ€™:
[01m[K/home/manuel/ros2_ws/src/pwm_position_node/src/pwm_position_node.cpp:206:46:[m[K [01;31m[Kerror: [m[Kâ€˜[01m[Kport_[m[Kâ€™ was not declared in this scope
  206 |     dynamixel::GroupSyncRead group_sync_read([01;31m[Kport_[m[K, packet_, ADDR_PRESENT_POSITION, 4);
      |                                              [01;31m[K^~~~~[m[K
[01m[K/home/manuel/ros2_ws/src/pwm_position_node/src/pwm_position_node.cpp:206:53:[m[K [01;31m[Kerror: [m[Kâ€˜[01m[Kpacket_[m[Kâ€™ was not declared in this scope
  206 |     dynamixel::GroupSyncRead group_sync_read(port_, [01;31m[Kpacket_[m[K, ADDR_PRESENT_POSITION, 4);
      |                                                     [01;31m[K^~~~~~~[m[K
[01m[K/home/manuel/ros2_ws/src/pwm_position_node/src/pwm_position_node.cpp:212:42:[m[K [01;31m[Kerror: [m[Kâ€˜[01m[Kcomms_mutex_[m[Kâ€™ was not declared in this scope
  212 |         std::lock_guard<std::mutex> lock([01;31m[Kcomms_mutex_[m[K);
      |                                          [01;31m[K^~~~~~~~~~~~[m[K
In file included from [01m[K/opt/ros/humble/include/rclcpp/rclcpp/client.hpp:40[m[K,
                 from [01m[K/opt/ros/humble/include/rclcpp/rclcpp/callback_group.hpp:24[m[K,
                 from [01m[K/opt/ros/humble/include/rclcpp/rclcpp/any_executable.hpp:20[m[K,
                 from [01m[K/opt/ros/humble/include/rclcpp/rclcpp/memory_strategy.hpp:25[m[K,
                 from [01m[K/opt/ros/humble/include/rclcpp/rclcpp/memory_strategies.hpp:18[m[K,
                 from [01m[K/opt/ros/humble/include/rclcpp/rclcpp/executor_options.hpp:20[m[K,
                 from [01m[K/opt/ros/humble/include/rclcpp/rclcpp/executor.hpp:37[m[K,
                 from [01m[K/opt/ros/humble/include/rclcpp/rclcpp/executors/multi_threaded_executor.hpp:25[m[K,
                 from [01m[K/opt/ros/humble/include/rclcpp/rclcpp/executors.hpp:21[m[K,
                 from [01m[K/opt/ros/humble/include/rclcpp/rclcpp/rclcpp.hpp:155[m[K,
                 from [01m[K/home/manuel/ros2_ws/src/pwm_position_node/src/pwm_position_node.cpp:6[m[K:
[01m[K/home/manuel/ros2_ws/src/pwm_position_node/src/pwm_position_node.cpp:217:31:[m[K [01;31m[Kerror: [m[Kâ€˜[01m[Kget_logger[m[Kâ€™ was not declared in this scope; did you mean â€˜[01m[Krclcpp::get_logger[m[Kâ€™?
  217 |         RCLCPP_ERROR_THROTTLE([01;31m[Kget_logger[m[K(), *get_clock(), 2000, "SyncRead for Present Position failed: %s", packet_->getTxRxResult(dxl_comm_result));
      |                               [01;31m[K^~~~~~~~~~[m[K
In file included from [01m[K/opt/ros/humble/include/rclcpp/rclcpp/logging.hpp:23[m[K,
                 from [01m[K/opt/ros/humble/include/rclcpp/rclcpp/client.hpp:40[m[K,
                 from [01m[K/opt/ros/humble/include/rclcpp/rclcpp/callback_group.hpp:24[m[K,
                 from [01m[K/opt/ros/humble/include/rclcpp/rclcpp/any_executable.hpp:20[m[K,
                 from [01m[K/opt/ros/humble/include/rclcpp/rclcpp/memory_strategy.hpp:25[m[K,
                 from [01m[K/opt/ros/humble/include/rclcpp/rclcpp/memory_strategies.hpp:18[m[K,
                 from [01m[K/opt/ros/humble/include/rclcpp/rclcpp/executor_options.hpp:20[m[K,
                 from [01m[K/opt/ros/humble/include/rclcpp/rclcpp/executor.hpp:37[m[K,
                 from [01m[K/opt/ros/humble/include/rclcpp/rclcpp/executors/multi_threaded_executor.hpp:25[m[K,
                 from [01m[K/opt/ros/humble/include/rclcpp/rclcpp/executors.hpp:21[m[K,
                 from [01m[K/opt/ros/humble/include/rclcpp/rclcpp/rclcpp.hpp:155[m[K,
                 from [01m[K/home/manuel/ros2_ws/src/pwm_position_node/src/pwm_position_node.cpp:6[m[K:
[01m[K/opt/ros/humble/include/rclcpp/rclcpp/logger.hpp:106:17:[m[K [01;36m[Knote: [m[Kâ€˜[01m[Krclcpp::get_logger[m[Kâ€™ declared here
  106 |   friend Logger [01;36m[Krclcpp[m[K::get_logger(const std::string & name);
      |                 [01;36m[K^~~~~~[m[K
In file included from [01m[K/opt/ros/humble/include/rclcpp/rclcpp/client.hpp:40[m[K,
                 from [01m[K/opt/ros/humble/include/rclcpp/rclcpp/callback_group.hpp:24[m[K,
                 from [01m[K/opt/ros/humble/include/rclcpp/rclcpp/any_executable.hpp:20[m[K,
                 from [01m[K/opt/ros/humble/include/rclcpp/rclcpp/memory_strategy.hpp:25[m[K,
                 from [01m[K/opt/ros/humble/include/rclcpp/rclcpp/memory_strategies.hpp:18[m[K,
                 from [01m[K/opt/ros/humble/include/rclcpp/rclcpp/executor_options.hpp:20[m[K,
                 from [01m[K/opt/ros/humble/include/rclcpp/rclcpp/executor.hpp:37[m[K,
                 from [01m[K/opt/ros/humble/include/rclcpp/rclcpp/executors/multi_threaded_executor.hpp:25[m[K,
                 from [01m[K/opt/ros/humble/include/rclcpp/rclcpp/executors.hpp:21[m[K,
                 from [01m[K/opt/ros/humble/include/rclcpp/rclcpp/rclcpp.hpp:155[m[K,
                 from [01m[K/home/manuel/ros2_ws/src/pwm_position_node/src/pwm_position_node.cpp:6[m[K:
[01m[K/home/manuel/ros2_ws/src/pwm_position_node/src/pwm_position_node.cpp:217:9:[m[K [01;31m[Kerror: [m[Ktemplate argument 1 is invalid
  217 |         [01;31m[KRCLCPP_ERROR_THROTTLE[m[K(get_logger(), *get_clock(), 2000, "SyncRead for Present Position failed: %s", packet_->getTxRxResult(dxl_comm_result));
      |         [01;31m[K^~~~~~~~~~~~~~~~~~~~~[m[K
[01m[K/home/manuel/ros2_ws/src/pwm_position_node/src/pwm_position_node.cpp:217:9:[m[K [01;31m[Kerror: [m[Ktemplate argument 1 is invalid
  217 |         [01;31m[KRCLCPP_ERROR_THROTTLE[m[K(get_logger(), *get_clock(), 2000, "SyncRead for Present Position failed: %s", packet_->getTxRxResult(dxl_comm_result));
      |         [01;31m[K^~~~~~~~~~~~~~~~~~~~~[m[K
[01m[K/home/manuel/ros2_ws/src/pwm_position_node/src/pwm_position_node.cpp:217:9:[m[K [01;31m[Kerror: [m[Ktemplate argument 1 is invalid
  217 |         [01;31m[KRCLCPP_ERROR_THROTTLE[m[K(get_logger(), *get_clock(), 2000, "SyncRead for Present Position failed: %s", packet_->getTxRxResult(dxl_comm_result));
      |         [01;31m[K^~~~~~~~~~~~~~~~~~~~~[m[K
[01m[K/home/manuel/ros2_ws/src/pwm_position_node/src/pwm_position_node.cpp:217:46:[m[K [01;31m[Kerror: [m[Kâ€˜[01m[Kget_clock[m[Kâ€™ was not declared in this scope
  217 |         RCLCPP_ERROR_THROTTLE(get_logger(), *[01;31m[Kget_clock[m[K(), 2000, "SyncRead for Present Position failed: %s", packet_->getTxRxResult(dxl_comm_result));
      |                                              [01;31m[K^~~~~~~~~[m[K
[01m[K/home/manuel/ros2_ws/src/pwm_position_node/src/pwm_position_node.cpp:[m[K In lambda function:
[01m[K/home/manuel/ros2_ws/src/pwm_position_node/src/pwm_position_node.cpp:217:9:[m[K [01;31m[Kerror: [m[Kâ€˜[01m[Kc[m[Kâ€™ was not declared in this scope
  217 |         [01;31m[KRCLCPP_ERROR_THROTTLE[m[K(get_logger(), *get_clock(), 2000, "SyncRead for Present Position failed: %s", packet_->getTxRxResult(dxl_comm_result));
      |         [01;31m[K^~~~~~~~~~~~~~~~~~~~~[m[K
[01m[K/home/manuel/ros2_ws/src/pwm_position_node/src/pwm_position_node.cpp:[m[K In function â€˜[01m[Kvoid control_loop(double)[m[Kâ€™:
[01m[K/home/manuel/ros2_ws/src/pwm_position_node/src/pwm_position_node.cpp:226:30:[m[K [01;31m[Kerror: [m[Kâ€˜[01m[Kget_logger[m[Kâ€™ was not declared in this scope; did you mean â€˜[01m[Krclcpp::get_logger[m[Kâ€™?
  226 |         RCLCPP_WARN_THROTTLE([01;31m[Kget_logger[m[K(), *get_clock(), 2000, "Failed to get data for one or both servos in SyncRead.");
      |                              [01;31m[K^~~~~~~~~~[m[K
In file included from [01m[K/opt/ros/humble/include/rclcpp/rclcpp/logging.hpp:23[m[K,
                 from [01m[K/opt/ros/humble/include/rclcpp/rclcpp/client.hpp:40[m[K,
                 from [01m[K/opt/ros/humble/include/rclcpp/rclcpp/callback_group.hpp:24[m[K,
                 from [01m[K/opt/ros/humble/include/rclcpp/rclcpp/any_executable.hpp:20[m[K,
                 from [01m[K/opt/ros/humble/include/rclcpp/rclcpp/memory_strategy.hpp:25[m[K,
                 from [01m[K/opt/ros/humble/include/rclcpp/rclcpp/memory_strategies.hpp:18[m[K,
                 from [01m[K/opt/ros/humble/include/rclcpp/rclcpp/executor_options.hpp:20[m[K,
                 from [01m[K/opt/ros/humble/include/rclcpp/rclcpp/executor.hpp:37[m[K,
                 from [01m[K/opt/ros/humble/include/rclcpp/rclcpp/executors/multi_threaded_executor.hpp:25[m[K,
                 from [01m[K/opt/ros/humble/include/rclcpp/rclcpp/executors.hpp:21[m[K,
                 from [01m[K/opt/ros/humble/include/rclcpp/rclcpp/rclcpp.hpp:155[m[K,
                 from [01m[K/home/manuel/ros2_ws/src/pwm_position_node/src/pwm_position_node.cpp:6[m[K:
[01m[K/opt/ros/humble/include/rclcpp/rclcpp/logger.hpp:106:17:[m[K [01;36m[Knote: [m[Kâ€˜[01m[Krclcpp::get_logger[m[Kâ€™ declared here
  106 |   friend Logger [01;36m[Krclcpp[m[K::get_logger(const std::string & name);
      |                 [01;36m[K^~~~~~[m[K
In file included from [01m[K/opt/ros/humble/include/rclcpp/rclcpp/client.hpp:40[m[K,
                 from [01m[K/opt/ros/humble/include/rclcpp/rclcpp/callback_group.hpp:24[m[K,
                 from [01m[K/opt/ros/humble/include/rclcpp/rclcpp/any_executable.hpp:20[m[K,
                 from [01m[K/opt/ros/humble/include/rclcpp/rclcpp/memory_strategy.hpp:25[m[K,
                 from [01m[K/opt/ros/humble/include/rclcpp/rclcpp/memory_strategies.hpp:18[m[K,
                 from [01m[K/opt/ros/humble/include/rclcpp/rclcpp/executor_options.hpp:20[m[K,
                 from [01m[K/opt/ros/humble/include/rclcpp/rclcpp/executor.hpp:37[m[K,
                 from [01m[K/opt/ros/humble/include/rclcpp/rclcpp/executors/multi_threaded_executor.hpp:25[m[K,
                 from [01m[K/opt/ros/humble/include/rclcpp/rclcpp/executors.hpp:21[m[K,
                 from [01m[K/opt/ros/humble/include/rclcpp/rclcpp/rclcpp.hpp:155[m[K,
                 from [01m[K/home/manuel/ros2_ws/src/pwm_position_node/src/pwm_position_node.cpp:6[m[K:
[01m[K/home/manuel/ros2_ws/src/pwm_position_node/src/pwm_position_node.cpp:226:9:[m[K [01;31m[Kerror: [m[Ktemplate argument 1 is invalid
  226 |         [01;31m[KRCLCPP_WARN_THROTTLE[m[K(get_logger(), *get_clock(), 2000, "Failed to get data for one or both servos in SyncRead.");
      |         [01;31m[K^~~~~~~~~~~~~~~~~~~~[m[K
[01m[K/home/manuel/ros2_ws/src/pwm_position_node/src/pwm_position_node.cpp:226:9:[m[K [01;31m[Kerror: [m[Ktemplate argument 1 is invalid
  226 |         [01;31m[KRCLCPP_WARN_THROTTLE[m[K(get_logger(), *get_clock(), 2000, "Failed to get data for one or both servos in SyncRead.");
      |         [01;31m[K^~~~~~~~~~~~~~~~~~~~[m[K
[01m[K/home/manuel/ros2_ws/src/pwm_position_node/src/pwm_position_node.cpp:226:9:[m[K [01;31m[Kerror: [m[Ktemplate argument 1 is invalid
  226 |         [01;31m[KRCLCPP_WARN_THROTTLE[m[K(get_logger(), *get_clock(), 2000, "Failed to get data for one or both servos in SyncRead.");
      |         [01;31m[K^~~~~~~~~~~~~~~~~~~~[m[K
[01m[K/home/manuel/ros2_ws/src/pwm_position_node/src/pwm_position_node.cpp:226:45:[m[K [01;31m[Kerror: [m[Kâ€˜[01m[Kget_clock[m[Kâ€™ was not declared in this scope
  226 |         RCLCPP_WARN_THROTTLE(get_logger(), *[01;31m[Kget_clock[m[K(), 2000, "Failed to get data for one or both servos in SyncRead.");
      |                                             [01;31m[K^~~~~~~~~[m[K
[01m[K/home/manuel/ros2_ws/src/pwm_position_node/src/pwm_position_node.cpp:[m[K In lambda function:
[01m[K/home/manuel/ros2_ws/src/pwm_position_node/src/pwm_position_node.cpp:226:9:[m[K [01;31m[Kerror: [m[Kâ€˜[01m[Kc[m[Kâ€™ was not declared in this scope
  226 |         [01;31m[KRCLCPP_WARN_THROTTLE[m[K(get_logger(), *get_clock(), 2000, "Failed to get data for one or both servos in SyncRead.");
      |         [01;31m[K^~~~~~~~~~~~~~~~~~~~[m[K
[01m[K/home/manuel/ros2_ws/src/pwm_position_node/src/pwm_position_node.cpp:[m[K In function â€˜[01m[Kvoid control_loop(double)[m[Kâ€™:
[01m[K/home/manuel/ros2_ws/src/pwm_position_node/src/pwm_position_node.cpp:232:5:[m[K [01;31m[Kerror: [m[Kâ€˜[01m[Kcurrent_j1_deg_[m[Kâ€™ was not declared in this scope
  232 |     [01;31m[Kcurrent_j1_deg_[m[K = tick_to_deg_1(current_ticks_1);
      |     [01;31m[K^~~~~~~~~~~~~~~[m[K
[01m[K/home/manuel/ros2_ws/src/pwm_position_node/src/pwm_position_node.cpp:233:5:[m[K [01;31m[Kerror: [m[Kâ€˜[01m[Kcurrent_j2_deg_[m[Kâ€™ was not declared in this scope
  233 |     [01;31m[Kcurrent_j2_deg_[m[K = tick_to_deg_2(current_ticks_2);
      |     [01;31m[K^~~~~~~~~~~~~~~[m[K
[01m[K/home/manuel/ros2_ws/src/pwm_position_node/src/pwm_position_node.cpp:238:42:[m[K [01;31m[Kerror: [m[Kâ€˜[01m[Ktarget_mutex_[m[Kâ€™ was not declared in this scope
  238 |         std::lock_guard<std::mutex> lock([01;31m[Ktarget_mutex_[m[K);
      |                                          [01;31m[K^~~~~~~~~~~~~[m[K
[01m[K/home/manuel/ros2_ws/src/pwm_position_node/src/pwm_position_node.cpp:239:13:[m[K [01;31m[Kerror: [m[Kâ€˜[01m[Knew_goal_is_pending_[m[Kâ€™ was not declared in this scope
  239 |         if ([01;31m[Knew_goal_is_pending_[m[K) {
      |             [01;31m[K^~~~~~~~~~~~~~~~~~~~[m[K
[01m[K/home/manuel/ros2_ws/src/pwm_position_node/src/pwm_position_node.cpp:240:29:[m[K [01;31m[Kerror: [m[Kâ€˜[01m[Ktarget_x_[m[Kâ€™ was not declared in this scope
  240 |             temp_target_x = [01;31m[Ktarget_x_[m[K;
      |                             [01;31m[K^~~~~~~~~[m[K
[01m[K/home/manuel/ros2_ws/src/pwm_position_node/src/pwm_position_node.cpp:241:29:[m[K [01;31m[Kerror: [m[Kâ€˜[01m[Ktarget_y_[m[Kâ€™ was not declared in this scope
  241 |             temp_target_y = [01;31m[Ktarget_y_[m[K;
      |                             [01;31m[K^~~~~~~~~[m[K
In file included from [01m[K/opt/ros/humble/include/rclcpp/rclcpp/client.hpp:40[m[K,
                 from [01m[K/opt/ros/humble/include/rclcpp/rclcpp/callback_group.hpp:24[m[K,
                 from [01m[K/opt/ros/humble/include/rclcpp/rclcpp/any_executable.hpp:20[m[K,
                 from [01m[K/opt/ros/humble/include/rclcpp/rclcpp/memory_strategy.hpp:25[m[K,
                 from [01m[K/opt/ros/humble/include/rclcpp/rclcpp/memory_strategies.hpp:18[m[K,
                 from [01m[K/opt/ros/humble/include/rclcpp/rclcpp/executor_options.hpp:20[m[K,
                 from [01m[K/opt/ros/humble/include/rclcpp/rclcpp/executor.hpp:37[m[K,
                 from [01m[K/opt/ros/humble/include/rclcpp/rclcpp/executors/multi_threaded_executor.hpp:25[m[K,
                 from [01m[K/opt/ros/humble/include/rclcpp/rclcpp/executors.hpp:21[m[K,
                 from [01m[K/opt/ros/humble/include/rclcpp/rclcpp/rclcpp.hpp:155[m[K,
                 from [01m[K/home/manuel/ros2_ws/src/pwm_position_node/src/pwm_position_node.cpp:6[m[K:
[01m[K/home/manuel/ros2_ws/src/pwm_position_node/src/pwm_position_node.cpp:253:21:[m[K [01;31m[Kerror: [m[Kâ€˜[01m[Kget_logger[m[Kâ€™ was not declared in this scope; did you mean â€˜[01m[Krclcpp::get_logger[m[Kâ€™?
  253 |         RCLCPP_INFO([01;31m[Kget_logger[m[K(), "Processing new XY target: (%.2f, %.2f), Distance: %.2f cm",
      |                     [01;31m[K^~~~~~~~~~[m[K
In file included from [01m[K/opt/ros/humble/include/rclcpp/rclcpp/logging.hpp:23[m[K,
                 from [01m[K/opt/ros/humble/include/rclcpp/rclcpp/client.hpp:40[m[K,
                 from [01m[K/opt/ros/humble/include/rclcpp/rclcpp/callback_group.hpp:24[m[K,
                 from [01m[K/opt/ros/humble/include/rclcpp/rclcpp/any_executable.hpp:20[m[K,
                 from [01m[K/opt/ros/humble/include/rclcpp/rclcpp/memory_strategy.hpp:25[m[K,
                 from [01m[K/opt/ros/humble/include/rclcpp/rclcpp/memory_strategies.hpp:18[m[K,
                 from [01m[K/opt/ros/humble/include/rclcpp/rclcpp/executor_options.hpp:20[m[K,
                 from [01m[K/opt/ros/humble/include/rclcpp/rclcpp/executor.hpp:37[m[K,
                 from [01m[K/opt/ros/humble/include/rclcpp/rclcpp/executors/multi_threaded_executor.hpp:25[m[K,
                 from [01m[K/opt/ros/humble/include/rclcpp/rclcpp/executors.hpp:21[m[K,
                 from [01m[K/opt/ros/humble/include/rclcpp/rclcpp/rclcpp.hpp:155[m[K,
                 from [01m[K/home/manuel/ros2_ws/src/pwm_position_node/src/pwm_position_node.cpp:6[m[K:
[01m[K/opt/ros/humble/include/rclcpp/rclcpp/logger.hpp:106:17:[m[K [01;36m[Knote: [m[Kâ€˜[01m[Krclcpp::get_logger[m[Kâ€™ declared here
  106 |   friend Logger [01;36m[Krclcpp[m[K::get_logger(const std::string & name);
      |                 [01;36m[K^~~~~~[m[K
In file included from [01m[K/opt/ros/humble/include/rclcpp/rclcpp/client.hpp:40[m[K,
                 from [01m[K/opt/ros/humble/include/rclcpp/rclcpp/callback_group.hpp:24[m[K,
                 from [01m[K/opt/ros/humble/include/rclcpp/rclcpp/any_executable.hpp:20[m[K,
                 from [01m[K/opt/ros/humble/include/rclcpp/rclcpp/memory_strategy.hpp:25[m[K,
                 from [01m[K/opt/ros/humble/include/rclcpp/rclcpp/memory_strategies.hpp:18[m[K,
                 from [01m[K/opt/ros/humble/include/rclcpp/rclcpp/executor_options.hpp:20[m[K,
                 from [01m[K/opt/ros/humble/include/rclcpp/rclcpp/executor.hpp:37[m[K,
                 from [01m[K/opt/ros/humble/include/rclcpp/rclcpp/executors/multi_threaded_executor.hpp:25[m[K,
                 from [01m[K/opt/ros/humble/include/rclcpp/rclcpp/executors.hpp:21[m[K,
                 from [01m[K/opt/ros/humble/include/rclcpp/rclcpp/rclcpp.hpp:155[m[K,
                 from [01m[K/home/manuel/ros2_ws/src/pwm_position_node/src/pwm_position_node.cpp:6[m[K:
[01m[K/home/manuel/ros2_ws/src/pwm_position_node/src/pwm_position_node.cpp:253:9:[m[K [01;31m[Kerror: [m[Ktemplate argument 1 is invalid
  253 |         [01;31m[KRCLCPP_INFO[m[K(get_logger(), "Processing new XY target: (%.2f, %.2f), Distance: %.2f cm",
      |         [01;31m[K^~~~~~~~~~~[m[K
[01m[K/home/manuel/ros2_ws/src/pwm_position_node/src/pwm_position_node.cpp:253:9:[m[K [01;31m[Kerror: [m[Ktemplate argument 1 is invalid
  253 |         [01;31m[KRCLCPP_INFO[m[K(get_logger(), "Processing new XY target: (%.2f, %.2f), Distance: %.2f cm",
      |         [01;31m[K^~~~~~~~~~~[m[K
[01m[K/home/manuel/ros2_ws/src/pwm_position_node/src/pwm_position_node.cpp:253:9:[m[K [01;31m[Kerror: [m[Ktemplate argument 1 is invalid
  253 |         [01;31m[KRCLCPP_INFO[m[K(get_logger(), "Processing new XY target: (%.2f, %.2f), Distance: %.2f cm",
      |         [01;31m[K^~~~~~~~~~~[m[K
[01m[K/home/manuel/ros2_ws/src/pwm_position_node/src/pwm_position_node.cpp:257:25:[m[K [01;31m[Kerror: [m[Kâ€˜[01m[Kget_logger[m[Kâ€™ was not declared in this scope; did you mean â€˜[01m[Krclcpp::get_logger[m[Kâ€™?
  257 |             RCLCPP_WARN([01;31m[Kget_logger[m[K(), "Target (%.2f, %.2f) is UNREACHABLE. Distance %.2f > MAX_REACH %.2f. Retaining previous joint goals.",
      |                         [01;31m[K^~~~~~~~~~[m[K
In file included from [01m[K/opt/ros/humble/include/rclcpp/rclcpp/logging.hpp:23[m[K,
                 from [01m[K/opt/ros/humble/include/rclcpp/rclcpp/client.hpp:40[m[K,
                 from [01m[K/opt/ros/humble/include/rclcpp/rclcpp/callback_group.hpp:24[m[K,
                 from [01m[K/opt/ros/humble/include/rclcpp/rclcpp/any_executable.hpp:20[m[K,
                 from [01m[K/opt/ros/humble/include/rclcpp/rclcpp/memory_strategy.hpp:25[m[K,
                 from [01m[K/opt/ros/humble/include/rclcpp/rclcpp/memory_strategies.hpp:18[m[K,
                 from [01m[K/opt/ros/humble/include/rclcpp/rclcpp/executor_options.hpp:20[m[K,
                 from [01m[K/opt/ros/humble/include/rclcpp/rclcpp/executor.hpp:37[m[K,
                 from [01m[K/opt/ros/humble/include/rclcpp/rclcpp/executors/multi_threaded_executor.hpp:25[m[K,
                 from [01m[K/opt/ros/humble/include/rclcpp/rclcpp/executors.hpp:21[m[K,
                 from [01m[K/opt/ros/humble/include/rclcpp/rclcpp/rclcpp.hpp:155[m[K,
                 from [01m[K/home/manuel/ros2_ws/src/pwm_position_node/src/pwm_position_node.cpp:6[m[K:
[01m[K/opt/ros/humble/include/rclcpp/rclcpp/logger.hpp:106:17:[m[K [01;36m[Knote: [m[Kâ€˜[01m[Krclcpp::get_logger[m[Kâ€™ declared here
  106 |   friend Logger [01;36m[Krclcpp[m[K::get_logger(const std::string & name);
      |                 [01;36m[K^~~~~~[m[K
In file included from [01m[K/opt/ros/humble/include/rclcpp/rclcpp/client.hpp:40[m[K,
                 from [01m[K/opt/ros/humble/include/rclcpp/rclcpp/callback_group.hpp:24[m[K,
                 from [01m[K/opt/ros/humble/include/rclcpp/rclcpp/any_executable.hpp:20[m[K,
                 from [01m[K/opt/ros/humble/include/rclcpp/rclcpp/memory_strategy.hpp:25[m[K,
                 from [01m[K/opt/ros/humble/include/rclcpp/rclcpp/memory_strategies.hpp:18[m[K,
                 from [01m[K/opt/ros/humble/include/rclcpp/rclcpp/executor_options.hpp:20[m[K,
                 from [01m[K/opt/ros/humble/include/rclcpp/rclcpp/executor.hpp:37[m[K,
                 from [01m[K/opt/ros/humble/include/rclcpp/rclcpp/executors/multi_threaded_executor.hpp:25[m[K,
                 from [01m[K/opt/ros/humble/include/rclcpp/rclcpp/executors.hpp:21[m[K,
                 from [01m[K/opt/ros/humble/include/rclcpp/rclcpp/rclcpp.hpp:155[m[K,
                 from [01m[K/home/manuel/ros2_ws/src/pwm_position_node/src/pwm_position_node.cpp:6[m[K:
[01m[K/home/manuel/ros2_ws/src/pwm_position_node/src/pwm_position_node.cpp:257:13:[m[K [01;31m[Kerror: [m[Ktemplate argument 1 is invalid
  257 |             [01;31m[KRCLCPP_WARN[m[K(get_logger(), "Target (%.2f, %.2f) is UNREACHABLE. Distance %.2f > MAX_REACH %.2f. Retaining previous joint goals.",
      |             [01;31m[K^~~~~~~~~~~[m[K
[01m[K/home/manuel/ros2_ws/src/pwm_position_node/src/pwm_position_node.cpp:257:13:[m[K [01;31m[Kerror: [m[Ktemplate argument 1 is invalid
  257 |             [01;31m[KRCLCPP_WARN[m[K(get_logger(), "Target (%.2f, %.2f) is UNREACHABLE. Distance %.2f > MAX_REACH %.2f. Retaining previous joint goals.",
      |             [01;31m[K^~~~~~~~~~~[m[K
[01m[K/home/manuel/ros2_ws/src/pwm_position_node/src/pwm_position_node.cpp:257:13:[m[K [01;31m[Kerror: [m[Ktemplate argument 1 is invalid
  257 |             [01;31m[KRCLCPP_WARN[m[K(get_logger(), "Target (%.2f, %.2f) is UNREACHABLE. Distance %.2f > MAX_REACH %.2f. Retaining previous joint goals.",
      |             [01;31m[K^~~~~~~~~~~[m[K
[01m[K/home/manuel/ros2_ws/src/pwm_position_node/src/pwm_position_node.cpp:260:13:[m[K [01;31m[Kerror: [m[Kâ€˜[01m[Kgoal_j1_deg_[m[Kâ€™ was not declared in this scope
  260 |             [01;31m[Kgoal_j1_deg_[m[K = calculated_tj1_deg;
      |             [01;31m[K^~~~~~~~~~~~[m[K
[01m[K/home/manuel/ros2_ws/src/pwm_position_node/src/pwm_position_node.cpp:261:13:[m[K [01;31m[Kerror: [m[Kâ€˜[01m[Kgoal_j2_deg_[m[Kâ€™ was not declared in this scope
  261 |             [01;31m[Kgoal_j2_deg_[m[K = calculated_tj2_deg;
      |             [01;31m[K^~~~~~~~~~~~[m[K
In file included from [01m[K/opt/ros/humble/include/rclcpp/rclcpp/client.hpp:40[m[K,
                 from [01m[K/opt/ros/humble/include/rclcpp/rclcpp/callback_group.hpp:24[m[K,
                 from [01m[K/opt/ros/humble/include/rclcpp/rclcpp/any_executable.hpp:20[m[K,
                 from [01m[K/opt/ros/humble/include/rclcpp/rclcpp/memory_strategy.hpp:25[m[K,
                 from [01m[K/opt/ros/humble/include/rclcpp/rclcpp/memory_strategies.hpp:18[m[K,
                 from [01m[K/opt/ros/humble/include/rclcpp/rclcpp/executor_options.hpp:20[m[K,
                 from [01m[K/opt/ros/humble/include/rclcpp/rclcpp/executor.hpp:37[m[K,
                 from [01m[K/opt/ros/humble/include/rclcpp/rclcpp/executors/multi_threaded_executor.hpp:25[m[K,
                 from [01m[K/opt/ros/humble/include/rclcpp/rclcpp/executors.hpp:21[m[K,
                 from [01m[K/opt/ros/humble/include/rclcpp/rclcpp/rclcpp.hpp:155[m[K,
                 from [01m[K/home/manuel/ros2_ws/src/pwm_position_node/src/pwm_position_node.cpp:6[m[K:
[01m[K/home/manuel/ros2_ws/src/pwm_position_node/src/pwm_position_node.cpp:262:25:[m[K [01;31m[Kerror: [m[Kâ€˜[01m[Kget_logger[m[Kâ€™ was not declared in this scope; did you mean â€˜[01m[Krclcpp::get_logger[m[Kâ€™?
  262 |             RCLCPP_INFO([01;31m[Kget_logger[m[K(), "IK SUCCESS for XY(%.2f, %.2f): New joint goals J1=%.2f deg, J2=%.2f deg",
      |                         [01;31m[K^~~~~~~~~~[m[K
In file included from [01m[K/opt/ros/humble/include/rclcpp/rclcpp/logging.hpp:23[m[K,
                 from [01m[K/opt/ros/humble/include/rclcpp/rclcpp/client.hpp:40[m[K,
                 from [01m[K/opt/ros/humble/include/rclcpp/rclcpp/callback_group.hpp:24[m[K,
                 from [01m[K/opt/ros/humble/include/rclcpp/rclcpp/any_executable.hpp:20[m[K,
                 from [01m[K/opt/ros/humble/include/rclcpp/rclcpp/memory_strategy.hpp:25[m[K,
                 from [01m[K/opt/ros/humble/include/rclcpp/rclcpp/memory_strategies.hpp:18[m[K,
                 from [01m[K/opt/ros/humble/include/rclcpp/rclcpp/executor_options.hpp:20[m[K,
                 from [01m[K/opt/ros/humble/include/rclcpp/rclcpp/executor.hpp:37[m[K,
                 from [01m[K/opt/ros/humble/include/rclcpp/rclcpp/executors/multi_threaded_executor.hpp:25[m[K,
                 from [01m[K/opt/ros/humble/include/rclcpp/rclcpp/executors.hpp:21[m[K,
                 from [01m[K/opt/ros/humble/include/rclcpp/rclcpp/rclcpp.hpp:155[m[K,
                 from [01m[K/home/manuel/ros2_ws/src/pwm_position_node/src/pwm_position_node.cpp:6[m[K:
[01m[K/opt/ros/humble/include/rclcpp/rclcpp/logger.hpp:106:17:[m[K [01;36m[Knote: [m[Kâ€˜[01m[Krclcpp::get_logger[m[Kâ€™ declared here
  106 |   friend Logger [01;36m[Krclcpp[m[K::get_logger(const std::string & name);
      |                 [01;36m[K^~~~~~[m[K
In file included from [01m[K/opt/ros/humble/include/rclcpp/rclcpp/client.hpp:40[m[K,
                 from [01m[K/opt/ros/humble/include/rclcpp/rclcpp/callback_group.hpp:24[m[K,
                 from [01m[K/opt/ros/humble/include/rclcpp/rclcpp/any_executable.hpp:20[m[K,
                 from [01m[K/opt/ros/humble/include/rclcpp/rclcpp/memory_strategy.hpp:25[m[K,
                 from [01m[K/opt/ros/humble/include/rclcpp/rclcpp/memory_strategies.hpp:18[m[K,
                 from [01m[K/opt/ros/humble/include/rclcpp/rclcpp/executor_options.hpp:20[m[K,
                 from [01m[K/opt/ros/humble/include/rclcpp/rclcpp/executor.hpp:37[m[K,
                 from [01m[K/opt/ros/humble/include/rclcpp/rclcpp/executors/multi_threaded_executor.hpp:25[m[K,
                 from [01m[K/opt/ros/humble/include/rclcpp/rclcpp/executors.hpp:21[m[K,
                 from [01m[K/opt/ros/humble/include/rclcpp/rclcpp/rclcpp.hpp:155[m[K,
                 from [01m[K/home/manuel/ros2_ws/src/pwm_position_node/src/pwm_position_node.cpp:6[m[K:
[01m[K/home/manuel/ros2_ws/src/pwm_position_node/src/pwm_position_node.cpp:262:13:[m[K [01;31m[Kerror: [m[Ktemplate argument 1 is invalid
  262 |             [01;31m[KRCLCPP_INFO[m[K(get_logger(), "IK SUCCESS for XY(%.2f, %.2f): New joint goals J1=%.2f deg, J2=%.2f deg",
      |             [01;31m[K^~~~~~~~~~~[m[K
[01m[K/home/manuel/ros2_ws/src/pwm_position_node/src/pwm_position_node.cpp:262:13:[m[K [01;31m[Kerror: [m[Ktemplate argument 1 is invalid
  262 |             [01;31m[KRCLCPP_INFO[m[K(get_logger(), "IK SUCCESS for XY(%.2f, %.2f): New joint goals J1=%.2f deg, J2=%.2f deg",
      |             [01;31m[K^~~~~~~~~~~[m[K
[01m[K/home/manuel/ros2_ws/src/pwm_position_node/src/pwm_position_node.cpp:262:13:[m[K [01;31m[Kerror: [m[Ktemplate argument 1 is invalid
  262 |             [01;31m[KRCLCPP_INFO[m[K(get_logger(), "IK SUCCESS for XY(%.2f, %.2f): New joint goals J1=%.2f deg, J2=%.2f deg",
      |             [01;31m[K^~~~~~~~~~~[m[K
[01m[K/home/manuel/ros2_ws/src/pwm_position_node/src/pwm_position_node.cpp:264:13:[m[K [01;31m[Kerror: [m[Kâ€˜[01m[Kintegral_j1_[m[Kâ€™ was not declared in this scope
  264 |             [01;31m[Kintegral_j1_[m[K = 0.0;
      |             [01;31m[K^~~~~~~~~~~~[m[K
[01m[K/home/manuel/ros2_ws/src/pwm_position_node/src/pwm_position_node.cpp:265:13:[m[K [01;31m[Kerror: [m[Kâ€˜[01m[Kintegral_j2_[m[Kâ€™ was not declared in this scope
  265 |             [01;31m[Kintegral_j2_[m[K = 0.0;
      |             [01;31m[K^~~~~~~~~~~~[m[K
[01m[K/home/manuel/ros2_ws/src/pwm_position_node/src/pwm_position_node.cpp:266:13:[m[K [01;31m[Kerror: [m[Kâ€˜[01m[Kprev_error_j1_[m[Kâ€™ was not declared in this scope
  266 |             [01;31m[Kprev_error_j1_[m[K = goal_j1_deg_ - current_j1_deg_;
      |             [01;31m[K^~~~~~~~~~~~~~[m[K
[01m[K/home/manuel/ros2_ws/src/pwm_position_node/src/pwm_position_node.cpp:267:13:[m[K [01;31m[Kerror: [m[Kâ€˜[01m[Kprev_error_j2_[m[Kâ€™ was not declared in this scope
  267 |             [01;31m[Kprev_error_j2_[m[K = goal_j2_deg_ - current_j2_deg_;
      |             [01;31m[K^~~~~~~~~~~~~~[m[K
In file included from [01m[K/opt/ros/humble/include/rclcpp/rclcpp/client.hpp:40[m[K,
                 from [01m[K/opt/ros/humble/include/rclcpp/rclcpp/callback_group.hpp:24[m[K,
                 from [01m[K/opt/ros/humble/include/rclcpp/rclcpp/any_executable.hpp:20[m[K,
                 from [01m[K/opt/ros/humble/include/rclcpp/rclcpp/memory_strategy.hpp:25[m[K,
                 from [01m[K/opt/ros/humble/include/rclcpp/rclcpp/memory_strategies.hpp:18[m[K,
                 from [01m[K/opt/ros/humble/include/rclcpp/rclcpp/executor_options.hpp:20[m[K,
                 from [01m[K/opt/ros/humble/include/rclcpp/rclcpp/executor.hpp:37[m[K,
                 from [01m[K/opt/ros/humble/include/rclcpp/rclcpp/executors/multi_threaded_executor.hpp:25[m[K,
                 from [01m[K/opt/ros/humble/include/rclcpp/rclcpp/executors.hpp:21[m[K,
                 from [01m[K/opt/ros/humble/include/rclcpp/rclcpp/rclcpp.hpp:155[m[K,
                 from [01m[K/home/manuel/ros2_ws/src/pwm_position_node/src/pwm_position_node.cpp:6[m[K:
[01m[K/home/manuel/ros2_ws/src/pwm_position_node/src/pwm_position_node.cpp:269:25:[m[K [01;31m[Kerror: [m[Kâ€˜[01m[Kget_logger[m[Kâ€™ was not declared in this scope; did you mean â€˜[01m[Krclcpp::get_logger[m[Kâ€™?
  269 |             RCLCPP_WARN([01;31m[Kget_logger[m[K(), "IK FAILED for XY(%.2f, %.2f) (likely joint limits). Retaining previous joint goals.",
      |                         [01;31m[K^~~~~~~~~~[m[K
In file included from [01m[K/opt/ros/humble/include/rclcpp/rclcpp/logging.hpp:23[m[K,
                 from [01m[K/opt/ros/humble/include/rclcpp/rclcpp/client.hpp:40[m[K,
                 from [01m[K/opt/ros/humble/include/rclcpp/rclcpp/callback_group.hpp:24[m[K,
                 from [01m[K/opt/ros/humble/include/rclcpp/rclcpp/any_executable.hpp:20[m[K,
                 from [01m[K/opt/ros/humble/include/rclcpp/rclcpp/memory_strategy.hpp:25[m[K,
                 from [01m[K/opt/ros/humble/include/rclcpp/rclcpp/memory_strategies.hpp:18[m[K,
                 from [01m[K/opt/ros/humble/include/rclcpp/rclcpp/executor_options.hpp:20[m[K,
                 from [01m[K/opt/ros/humble/include/rclcpp/rclcpp/executor.hpp:37[m[K,
                 from [01m[K/opt/ros/humble/include/rclcpp/rclcpp/executors/multi_threaded_executor.hpp:25[m[K,
                 from [01m[K/opt/ros/humble/include/rclcpp/rclcpp/executors.hpp:21[m[K,
                 from [01m[K/opt/ros/humble/include/rclcpp/rclcpp/rclcpp.hpp:155[m[K,
                 from [01m[K/home/manuel/ros2_ws/src/pwm_position_node/src/pwm_position_node.cpp:6[m[K:
[01m[K/opt/ros/humble/include/rclcpp/rclcpp/logger.hpp:106:17:[m[K [01;36m[Knote: [m[Kâ€˜[01m[Krclcpp::get_logger[m[Kâ€™ declared here
  106 |   friend Logger [01;36m[Krclcpp[m[K::get_logger(const std::string & name);
      |                 [01;36m[K^~~~~~[m[K
In file included from [01m[K/opt/ros/humble/include/rclcpp/rclcpp/client.hpp:40[m[K,
                 from [01m[K/opt/ros/humble/include/rclcpp/rclcpp/callback_group.hpp:24[m[K,
                 from [01m[K/opt/ros/humble/include/rclcpp/rclcpp/any_executable.hpp:20[m[K,
                 from [01m[K/opt/ros/humble/include/rclcpp/rclcpp/memory_strategy.hpp:25[m[K,
                 from [01m[K/opt/ros/humble/include/rclcpp/rclcpp/memory_strategies.hpp:18[m[K,
                 from [01m[K/opt/ros/humble/include/rclcpp/rclcpp/executor_options.hpp:20[m[K,
                 from [01m[K/opt/ros/humble/include/rclcpp/rclcpp/executor.hpp:37[m[K,
                 from [01m[K/opt/ros/humble/include/rclcpp/rclcpp/executors/multi_threaded_executor.hpp:25[m[K,
                 from [01m[K/opt/ros/humble/include/rclcpp/rclcpp/executors.hpp:21[m[K,
                 from [01m[K/opt/ros/humble/include/rclcpp/rclcpp/rclcpp.hpp:155[m[K,
                 from [01m[K/home/manuel/ros2_ws/src/pwm_position_node/src/pwm_position_node.cpp:6[m[K:
[01m[K/home/manuel/ros2_ws/src/pwm_position_node/src/pwm_position_node.cpp:269:13:[m[K [01;31m[Kerror: [m[Ktemplate argument 1 is invalid
  269 |             [01;31m[KRCLCPP_WARN[m[K(get_logger(), "IK FAILED for XY(%.2f, %.2f) (likely joint limits). Retaining previous joint goals.",
      |             [01;31m[K^~~~~~~~~~~[m[K
[01m[K/home/manuel/ros2_ws/src/pwm_position_node/src/pwm_position_node.cpp:269:13:[m[K [01;31m[Kerror: [m[Ktemplate argument 1 is invalid
  269 |             [01;31m[KRCLCPP_WARN[m[K(get_logger(), "IK FAILED for XY(%.2f, %.2f) (likely joint limits). Retaining previous joint goals.",
      |             [01;31m[K^~~~~~~~~~~[m[K
[01m[K/home/manuel/ros2_ws/src/pwm_position_node/src/pwm_position_node.cpp:269:13:[m[K [01;31m[Kerror: [m[Ktemplate argument 1 is invalid
  269 |             [01;31m[KRCLCPP_WARN[m[K(get_logger(), "IK FAILED for XY(%.2f, %.2f) (likely joint limits). Retaining previous joint goals.",
      |             [01;31m[K^~~~~~~~~~~[m[K
[01m[K/home/manuel/ros2_ws/src/pwm_position_node/src/pwm_position_node.cpp:274:23:[m[K [01;31m[Kerror: [m[Kâ€˜[01m[Kgoal_j1_deg_[m[Kâ€™ was not declared in this scope
  274 |     double error_j1 = [01;31m[Kgoal_j1_deg_[m[K - current_j1_deg_;
      |                       [01;31m[K^~~~~~~~~~~~[m[K
[01m[K/home/manuel/ros2_ws/src/pwm_position_node/src/pwm_position_node.cpp:275:23:[m[K [01;31m[Kerror: [m[Kâ€˜[01m[Kgoal_j2_deg_[m[Kâ€™ was not declared in this scope
  275 |     double error_j2 = [01;31m[Kgoal_j2_deg_[m[K - current_j2_deg_;
      |                       [01;31m[K^~~~~~~~~~~~[m[K
[01m[K/home/manuel/ros2_ws/src/pwm_position_node/src/pwm_position_node.cpp:277:27:[m[K [01;31m[Kerror: [m[Kâ€˜[01m[Kget_parameter[m[Kâ€™ was not declared in this scope
  277 |     double max_integral = [01;31m[Kget_parameter[m[K("max_integral_val").as_double();
      |                           [01;31m[K^~~~~~~~~~~~~[m[K
[01m[K/home/manuel/ros2_ws/src/pwm_position_node/src/pwm_position_node.cpp:278:5:[m[K [01;31m[Kerror: [m[Kâ€˜[01m[Kintegral_j1_[m[Kâ€™ was not declared in this scope
  278 |     [01;31m[Kintegral_j1_[m[K = std::clamp(integral_j1_ + error_j1 * dt_seconds, -max_integral, max_integral);
      |     [01;31m[K^~~~~~~~~~~~[m[K
[01m[K/home/manuel/ros2_ws/src/pwm_position_node/src/pwm_position_node.cpp:279:5:[m[K [01;31m[Kerror: [m[Kâ€˜[01m[Kintegral_j2_[m[Kâ€™ was not declared in this scope
  279 |     [01;31m[Kintegral_j2_[m[K = std::clamp(integral_j2_ + error_j2 * dt_seconds, -max_integral, max_integral);
      |     [01;31m[K^~~~~~~~~~~~[m[K
[01m[K/home/manuel/ros2_ws/src/pwm_position_node/src/pwm_position_node.cpp:281:40:[m[K [01;31m[Kerror: [m[Kâ€˜[01m[Kprev_error_j1_[m[Kâ€™ was not declared in this scope
  281 |     double derivative_j1 = (error_j1 - [01;31m[Kprev_error_j1_[m[K) / dt_seconds;
      |                                        [01;31m[K^~~~~~~~~~~~~~[m[K
[01m[K/home/manuel/ros2_ws/src/pwm_position_node/src/pwm_position_node.cpp:282:40:[m[K [01;31m[Kerror: [m[Kâ€˜[01m[Kprev_error_j2_[m[Kâ€™ was not declared in this scope
  282 |     double derivative_j2 = (error_j2 - [01;31m[Kprev_error_j2_[m[K) / dt_seconds;
      |                                        [01;31m[K^~~~~~~~~~~~~~[m[K
In file included from [01m[K/opt/ros/humble/include/rclcpp/rclcpp/client.hpp:40[m[K,
                 from [01m[K/opt/ros/humble/include/rclcpp/rclcpp/callback_group.hpp:24[m[K,
                 from [01m[K/opt/ros/humble/include/rclcpp/rclcpp/any_executable.hpp:20[m[K,
                 from [01m[K/opt/ros/humble/include/rclcpp/rclcpp/memory_strategy.hpp:25[m[K,
                 from [01m[K/opt/ros/humble/include/rclcpp/rclcpp/memory_strategies.hpp:18[m[K,
                 from [01m[K/opt/ros/humble/include/rclcpp/rclcpp/executor_options.hpp:20[m[K,
                 from [01m[K/opt/ros/humble/include/rclcpp/rclcpp/executor.hpp:37[m[K,
                 from [01m[K/opt/ros/humble/include/rclcpp/rclcpp/executors/multi_threaded_executor.hpp:25[m[K,
                 from [01m[K/opt/ros/humble/include/rclcpp/rclcpp/executors.hpp:21[m[K,
                 from [01m[K/opt/ros/humble/include/rclcpp/rclcpp/rclcpp.hpp:155[m[K,
                 from [01m[K/home/manuel/ros2_ws/src/pwm_position_node/src/pwm_position_node.cpp:6[m[K:
[01m[K/home/manuel/ros2_ws/src/pwm_position_node/src/pwm_position_node.cpp:301:27:[m[K [01;31m[Kerror: [m[Kâ€˜[01m[Kget_logger[m[Kâ€™ was not declared in this scope; did you mean â€˜[01m[Krclcpp::get_logger[m[Kâ€™?
  301 |     RCLCPP_DEBUG_THROTTLE([01;31m[Kget_logger[m[K(), *get_clock(), 100,
      |                           [01;31m[K^~~~~~~~~~[m[K
In file included from [01m[K/opt/ros/humble/include/rclcpp/rclcpp/logging.hpp:23[m[K,
                 from [01m[K/opt/ros/humble/include/rclcpp/rclcpp/client.hpp:40[m[K,
                 from [01m[K/opt/ros/humble/include/rclcpp/rclcpp/callback_group.hpp:24[m[K,
                 from [01m[K/opt/ros/humble/include/rclcpp/rclcpp/any_executable.hpp:20[m[K,
                 from [01m[K/opt/ros/humble/include/rclcpp/rclcpp/memory_strategy.hpp:25[m[K,
                 from [01m[K/opt/ros/humble/include/rclcpp/rclcpp/memory_strategies.hpp:18[m[K,
                 from [01m[K/opt/ros/humble/include/rclcpp/rclcpp/executor_options.hpp:20[m[K,
                 from [01m[K/opt/ros/humble/include/rclcpp/rclcpp/executor.hpp:37[m[K,
                 from [01m[K/opt/ros/humble/include/rclcpp/rclcpp/executors/multi_threaded_executor.hpp:25[m[K,
                 from [01m[K/opt/ros/humble/include/rclcpp/rclcpp/executors.hpp:21[m[K,
                 from [01m[K/opt/ros/humble/include/rclcpp/rclcpp/rclcpp.hpp:155[m[K,
                 from [01m[K/home/manuel/ros2_ws/src/pwm_position_node/src/pwm_position_node.cpp:6[m[K:
[01m[K/opt/ros/humble/include/rclcpp/rclcpp/logger.hpp:106:17:[m[K [01;36m[Knote: [m[Kâ€˜[01m[Krclcpp::get_logger[m[Kâ€™ declared here
  106 |   friend Logger [01;36m[Krclcpp[m[K::get_logger(const std::string & name);
      |                 [01;36m[K^~~~~~[m[K
In file included from [01m[K/opt/ros/humble/include/rclcpp/rclcpp/client.hpp:40[m[K,
                 from [01m[K/opt/ros/humble/include/rclcpp/rclcpp/callback_group.hpp:24[m[K,
                 from [01m[K/opt/ros/humble/include/rclcpp/rclcpp/any_executable.hpp:20[m[K,
                 from [01m[K/opt/ros/humble/include/rclcpp/rclcpp/memory_strategy.hpp:25[m[K,
                 from [01m[K/opt/ros/humble/include/rclcpp/rclcpp/memory_strategies.hpp:18[m[K,
                 from [01m[K/opt/ros/humble/include/rclcpp/rclcpp/executor_options.hpp:20[m[K,
                 from [01m[K/opt/ros/humble/include/rclcpp/rclcpp/executor.hpp:37[m[K,
                 from [01m[K/opt/ros/humble/include/rclcpp/rclcpp/executors/multi_threaded_executor.hpp:25[m[K,
                 from [01m[K/opt/ros/humble/include/rclcpp/rclcpp/executors.hpp:21[m[K,
                 from [01m[K/opt/ros/humble/include/rclcpp/rclcpp/rclcpp.hpp:155[m[K,
                 from [01m[K/home/manuel/ros2_ws/src/pwm_position_node/src/pwm_position_node.cpp:6[m[K:
[01m[K/home/manuel/ros2_ws/src/pwm_position_node/src/pwm_position_node.cpp:301:5:[m[K [01;31m[Kerror: [m[Ktemplate argument 1 is invalid
  301 |     [01;31m[KRCLCPP_DEBUG_THROTTLE[m[K(get_logger(), *get_clock(), 100,
      |     [01;31m[K^~~~~~~~~~~~~~~~~~~~~[m[K
[01m[K/home/manuel/ros2_ws/src/pwm_position_node/src/pwm_position_node.cpp:301:5:[m[K [01;31m[Kerror: [m[Ktemplate argument 1 is invalid
  301 |     [01;31m[KRCLCPP_DEBUG_THROTTLE[m[K(get_logger(), *get_clock(), 100,
      |     [01;31m[K^~~~~~~~~~~~~~~~~~~~~[m[K
[01m[K/home/manuel/ros2_ws/src/pwm_position_node/src/pwm_position_node.cpp:301:5:[m[K [01;31m[Kerror: [m[Ktemplate argument 1 is invalid
  301 |     [01;31m[KRCLCPP_DEBUG_THROTTLE[m[K(get_logger(), *get_clock(), 100,
      |     [01;31m[K^~~~~~~~~~~~~~~~~~~~~[m[K
[01m[K/home/manuel/ros2_ws/src/pwm_position_node/src/pwm_position_node.cpp:301:42:[m[K [01;31m[Kerror: [m[Kâ€˜[01m[Kget_clock[m[Kâ€™ was not declared in this scope
  301 |     RCLCPP_DEBUG_THROTTLE(get_logger(), *[01;31m[Kget_clock[m[K(), 100,
      |                                          [01;31m[K^~~~~~~~~[m[K
[01m[K/home/manuel/ros2_ws/src/pwm_position_node/src/pwm_position_node.cpp:[m[K In lambda function:
[01m[K/home/manuel/ros2_ws/src/pwm_position_node/src/pwm_position_node.cpp:301:5:[m[K [01;31m[Kerror: [m[Kâ€˜[01m[Kc[m[Kâ€™ was not declared in this scope
  301 |     [01;31m[KRCLCPP_DEBUG_THROTTLE[m[K(get_logger(), *get_clock(), 100,
      |     [01;31m[K^~~~~~~~~~~~~~~~~~~~~[m[K
[01m[K/home/manuel/ros2_ws/src/pwm_position_node/src/pwm_position_node.cpp:[m[K In function â€˜[01m[Kvoid control_loop(double)[m[Kâ€™:
[01m[K/home/manuel/ros2_ws/src/pwm_position_node/src/pwm_position_node.cpp:315:31:[m[K [01;31m[Kerror: [m[Kâ€˜[01m[Kget_logger[m[Kâ€™ was not declared in this scope; did you mean â€˜[01m[Krclcpp::get_logger[m[Kâ€™?
  315 |         RCLCPP_ERROR_THROTTLE([01;31m[Kget_logger[m[K(), *get_clock(), 2000, "Failed to add all params to GroupSyncWrite for PWM.");
      |                               [01;31m[K^~~~~~~~~~[m[K
In file included from [01m[K/opt/ros/humble/include/rclcpp/rclcpp/logging.hpp:23[m[K,
                 from [01m[K/opt/ros/humble/include/rclcpp/rclcpp/client.hpp:40[m[K,
                 from [01m[K/opt/ros/humble/include/rclcpp/rclcpp/callback_group.hpp:24[m[K,
                 from [01m[K/opt/ros/humble/include/rclcpp/rclcpp/any_executable.hpp:20[m[K,
                 from [01m[K/opt/ros/humble/include/rclcpp/rclcpp/memory_strategy.hpp:25[m[K,
                 from [01m[K/opt/ros/humble/include/rclcpp/rclcpp/memory_strategies.hpp:18[m[K,
                 from [01m[K/opt/ros/humble/include/rclcpp/rclcpp/executor_options.hpp:20[m[K,
                 from [01m[K/opt/ros/humble/include/rclcpp/rclcpp/executor.hpp:37[m[K,
                 from [01m[K/opt/ros/humble/include/rclcpp/rclcpp/executors/multi_threaded_executor.hpp:25[m[K,
                 from [01m[K/opt/ros/humble/include/rclcpp/rclcpp/executors.hpp:21[m[K,
                 from [01m[K/opt/ros/humble/include/rclcpp/rclcpp/rclcpp.hpp:155[m[K,
                 from [01m[K/home/manuel/ros2_ws/src/pwm_position_node/src/pwm_position_node.cpp:6[m[K:
[01m[K/opt/ros/humble/include/rclcpp/rclcpp/logger.hpp:106:17:[m[K [01;36m[Knote: [m[Kâ€˜[01m[Krclcpp::get_logger[m[Kâ€™ declared here
  106 |   friend Logger [01;36m[Krclcpp[m[K::get_logger(const std::string & name);
      |                 [01;36m[K^~~~~~[m[K
In file included from [01m[K/opt/ros/humble/include/rclcpp/rclcpp/client.hpp:40[m[K,
                 from [01m[K/opt/ros/humble/include/rclcpp/rclcpp/callback_group.hpp:24[m[K,
                 from [01m[K/opt/ros/humble/include/rclcpp/rclcpp/any_executable.hpp:20[m[K,
                 from [01m[K/opt/ros/humble/include/rclcpp/rclcpp/memory_strategy.hpp:25[m[K,
                 from [01m[K/opt/ros/humble/include/rclcpp/rclcpp/memory_strategies.hpp:18[m[K,
                 from [01m[K/opt/ros/humble/include/rclcpp/rclcpp/executor_options.hpp:20[m[K,
                 from [01m[K/opt/ros/humble/include/rclcpp/rclcpp/executor.hpp:37[m[K,
                 from [01m[K/opt/ros/humble/include/rclcpp/rclcpp/executors/multi_threaded_executor.hpp:25[m[K,
                 from [01m[K/opt/ros/humble/include/rclcpp/rclcpp/executors.hpp:21[m[K,
                 from [01m[K/opt/ros/humble/include/rclcpp/rclcpp/rclcpp.hpp:155[m[K,
                 from [01m[K/home/manuel/ros2_ws/src/pwm_position_node/src/pwm_position_node.cpp:6[m[K:
[01m[K/home/manuel/ros2_ws/src/pwm_position_node/src/pwm_position_node.cpp:315:9:[m[K [01;31m[Kerror: [m[Ktemplate argument 1 is invalid
  315 |         [01;31m[KRCLCPP_ERROR_THROTTLE[m[K(get_logger(), *get_clock(), 2000, "Failed to add all params to GroupSyncWrite for PWM.");
      |         [01;31m[K^~~~~~~~~~~~~~~~~~~~~[m[K
[01m[K/home/manuel/ros2_ws/src/pwm_position_node/src/pwm_position_node.cpp:315:9:[m[K [01;31m[Kerror: [m[Ktemplate argument 1 is invalid
  315 |         [01;31m[KRCLCPP_ERROR_THROTTLE[m[K(get_logger(), *get_clock(), 2000, "Failed to add all params to GroupSyncWrite for PWM.");
      |         [01;31m[K^~~~~~~~~~~~~~~~~~~~~[m[K
[01m[K/home/manuel/ros2_ws/src/pwm_position_node/src/pwm_position_node.cpp:315:9:[m[K [01;31m[Kerror: [m[Ktemplate argument 1 is invalid
  315 |         [01;31m[KRCLCPP_ERROR_THROTTLE[m[K(get_logger(), *get_clock(), 2000, "Failed to add all params to GroupSyncWrite for PWM.");
      |         [01;31m[K^~~~~~~~~~~~~~~~~~~~~[m[K
[01m[K/home/manuel/ros2_ws/src/pwm_position_node/src/pwm_position_node.cpp:315:46:[m[K [01;31m[Kerror: [m[Kâ€˜[01m[Kget_clock[m[Kâ€™ was not declared in this scope
  315 |         RCLCPP_ERROR_THROTTLE(get_logger(), *[01;31m[Kget_clock[m[K(), 2000, "Failed to add all params to GroupSyncWrite for PWM.");
      |                                              [01;31m[K^~~~~~~~~[m[K
[01m[K/home/manuel/ros2_ws/src/pwm_position_node/src/pwm_position_node.cpp:[m[K In lambda function:
[01m[K/home/manuel/ros2_ws/src/pwm_position_node/src/pwm_position_node.cpp:315:9:[m[K [01;31m[Kerror: [m[Kâ€˜[01m[Kc[m[Kâ€™ was not declared in this scope
  315 |         [01;31m[KRCLCPP_ERROR_THROTTLE[m[K(get_logger(), *get_clock(), 2000, "Failed to add all params to GroupSyncWrite for PWM.");
      |         [01;31m[K^~~~~~~~~~~~~~~~~~~~~[m[K
[01m[K/home/manuel/ros2_ws/src/pwm_position_node/src/pwm_position_node.cpp:[m[K In function â€˜[01m[Kvoid control_loop(double)[m[Kâ€™:
[01m[K/home/manuel/ros2_ws/src/pwm_position_node/src/pwm_position_node.cpp:320:42:[m[K [01;31m[Kerror: [m[Kâ€˜[01m[Kcomms_mutex_[m[Kâ€™ was not declared in this scope
  320 |         std::lock_guard<std::mutex> lock([01;31m[Kcomms_mutex_[m[K);
      |                                          [01;31m[K^~~~~~~~~~~~[m[K
In file included from [01m[K/opt/ros/humble/include/rclcpp/rclcpp/client.hpp:40[m[K,
                 from [01m[K/opt/ros/humble/include/rclcpp/rclcpp/callback_group.hpp:24[m[K,
                 from [01m[K/opt/ros/humble/include/rclcpp/rclcpp/any_executable.hpp:20[m[K,
                 from [01m[K/opt/ros/humble/include/rclcpp/rclcpp/memory_strategy.hpp:25[m[K,
                 from [01m[K/opt/ros/humble/include/rclcpp/rclcpp/memory_strategies.hpp:18[m[K,
                 from [01m[K/opt/ros/humble/include/rclcpp/rclcpp/executor_options.hpp:20[m[K,
                 from [01m[K/opt/ros/humble/include/rclcpp/rclcpp/executor.hpp:37[m[K,
                 from [01m[K/opt/ros/humble/include/rclcpp/rclcpp/executors/multi_threaded_executor.hpp:25[m[K,
                 from [01m[K/opt/ros/humble/include/rclcpp/rclcpp/executors.hpp:21[m[K,
                 from [01m[K/opt/ros/humble/include/rclcpp/rclcpp/rclcpp.hpp:155[m[K,
                 from [01m[K/home/manuel/ros2_ws/src/pwm_position_node/src/pwm_position_node.cpp:6[m[K:
[01m[K/home/manuel/ros2_ws/src/pwm_position_node/src/pwm_position_node.cpp:324:31:[m[K [01;31m[Kerror: [m[Kâ€˜[01m[Kget_logger[m[Kâ€™ was not declared in this scope; did you mean â€˜[01m[Krclcpp::get_logger[m[Kâ€™?
  324 |         RCLCPP_ERROR_THROTTLE([01;31m[Kget_logger[m[K(), *get_clock(), 2000, "SyncWrite for Goal PWM failed: %s", packet_->getTxRxResult(dxl_comm_result));
      |                               [01;31m[K^~~~~~~~~~[m[K
In file included from [01m[K/opt/ros/humble/include/rclcpp/rclcpp/logging.hpp:23[m[K,
                 from [01m[K/opt/ros/humble/include/rclcpp/rclcpp/client.hpp:40[m[K,
                 from [01m[K/opt/ros/humble/include/rclcpp/rclcpp/callback_group.hpp:24[m[K,
                 from [01m[K/opt/ros/humble/include/rclcpp/rclcpp/any_executable.hpp:20[m[K,
                 from [01m[K/opt/ros/humble/include/rclcpp/rclcpp/memory_strategy.hpp:25[m[K,
                 from [01m[K/opt/ros/humble/include/rclcpp/rclcpp/memory_strategies.hpp:18[m[K,
                 from [01m[K/opt/ros/humble/include/rclcpp/rclcpp/executor_options.hpp:20[m[K,
                 from [01m[K/opt/ros/humble/include/rclcpp/rclcpp/executor.hpp:37[m[K,
                 from [01m[K/opt/ros/humble/include/rclcpp/rclcpp/executors/multi_threaded_executor.hpp:25[m[K,
                 from [01m[K/opt/ros/humble/include/rclcpp/rclcpp/executors.hpp:21[m[K,
                 from [01m[K/opt/ros/humble/include/rclcpp/rclcpp/rclcpp.hpp:155[m[K,
                 from [01m[K/home/manuel/ros2_ws/src/pwm_position_node/src/pwm_position_node.cpp:6[m[K:
[01m[K/opt/ros/humble/include/rclcpp/rclcpp/logger.hpp:106:17:[m[K [01;36m[Knote: [m[Kâ€˜[01m[Krclcpp::get_logger[m[Kâ€™ declared here
  106 |   friend Logger [01;36m[Krclcpp[m[K::get_logger(const std::string & name);
      |                 [01;36m[K^~~~~~[m[K
In file included from [01m[K/opt/ros/humble/include/rclcpp/rclcpp/client.hpp:40[m[K,
                 from [01m[K/opt/ros/humble/include/rclcpp/rclcpp/callback_group.hpp:24[m[K,
                 from [01m[K/opt/ros/humble/include/rclcpp/rclcpp/any_executable.hpp:20[m[K,
                 from [01m[K/opt/ros/humble/include/rclcpp/rclcpp/memory_strategy.hpp:25[m[K,
                 from [01m[K/opt/ros/humble/include/rclcpp/rclcpp/memory_strategies.hpp:18[m[K,
                 from [01m[K/opt/ros/humble/include/rclcpp/rclcpp/executor_options.hpp:20[m[K,
                 from [01m[K/opt/ros/humble/include/rclcpp/rclcpp/executor.hpp:37[m[K,
                 from [01m[K/opt/ros/humble/include/rclcpp/rclcpp/executors/multi_threaded_executor.hpp:25[m[K,
                 from [01m[K/opt/ros/humble/include/rclcpp/rclcpp/executors.hpp:21[m[K,
                 from [01m[K/opt/ros/humble/include/rclcpp/rclcpp/rclcpp.hpp:155[m[K,
                 from [01m[K/home/manuel/ros2_ws/src/pwm_position_node/src/pwm_position_node.cpp:6[m[K:
[01m[K/home/manuel/ros2_ws/src/pwm_position_node/src/pwm_position_node.cpp:324:9:[m[K [01;31m[Kerror: [m[Ktemplate argument 1 is invalid
  324 |         [01;31m[KRCLCPP_ERROR_THROTTLE[m[K(get_logger(), *get_clock(), 2000, "SyncWrite for Goal PWM failed: %s", packet_->getTxRxResult(dxl_comm_result));
      |         [01;31m[K^~~~~~~~~~~~~~~~~~~~~[m[K
[01m[K/home/manuel/ros2_ws/src/pwm_position_node/src/pwm_position_node.cpp:324:9:[m[K [01;31m[Kerror: [m[Ktemplate argument 1 is invalid
  324 |         [01;31m[KRCLCPP_ERROR_THROTTLE[m[K(get_logger(), *get_clock(), 2000, "SyncWrite for Goal PWM failed: %s", packet_->getTxRxResult(dxl_comm_result));
      |         [01;31m[K^~~~~~~~~~~~~~~~~~~~~[m[K
[01m[K/home/manuel/ros2_ws/src/pwm_position_node/src/pwm_position_node.cpp:324:9:[m[K [01;31m[Kerror: [m[Ktemplate argument 1 is invalid
  324 |         [01;31m[KRCLCPP_ERROR_THROTTLE[m[K(get_logger(), *get_clock(), 2000, "SyncWrite for Goal PWM failed: %s", packet_->getTxRxResult(dxl_comm_result));
      |         [01;31m[K^~~~~~~~~~~~~~~~~~~~~[m[K
[01m[K/home/manuel/ros2_ws/src/pwm_position_node/src/pwm_position_node.cpp:324:46:[m[K [01;31m[Kerror: [m[Kâ€˜[01m[Kget_clock[m[Kâ€™ was not declared in this scope
  324 |         RCLCPP_ERROR_THROTTLE(get_logger(), *[01;31m[Kget_clock[m[K(), 2000, "SyncWrite for Goal PWM failed: %s", packet_->getTxRxResult(dxl_comm_result));
      |                                              [01;31m[K^~~~~~~~~[m[K
[01m[K/home/manuel/ros2_ws/src/pwm_position_node/src/pwm_position_node.cpp:[m[K In lambda function:
[01m[K/home/manuel/ros2_ws/src/pwm_position_node/src/pwm_position_node.cpp:324:9:[m[K [01;31m[Kerror: [m[Kâ€˜[01m[Kc[m[Kâ€™ was not declared in this scope
  324 |         [01;31m[KRCLCPP_ERROR_THROTTLE[m[K(get_logger(), *get_clock(), 2000, "SyncWrite for Goal PWM failed: %s", packet_->getTxRxResult(dxl_comm_result));
      |         [01;31m[K^~~~~~~~~~~~~~~~~~~~~[m[K
[01m[K/home/manuel/ros2_ws/src/pwm_position_node/src/pwm_position_node.cpp:[m[K At global scope:
[01m[K/home/manuel/ros2_ws/src/pwm_position_node/src/pwm_position_node.cpp:351:1:[m[K [01;31m[Kerror: [m[Kexpected declaration before â€˜[01m[K}[m[Kâ€™ token
  351 | [01;31m[K}[m[K;
      | [01;31m[K^[m[K
[01m[K/home/manuel/ros2_ws/src/pwm_position_node/src/pwm_position_node.cpp:[m[K In function â€˜[01m[Kint main(int, char**)[m[Kâ€™:
[01m[K/home/manuel/ros2_ws/src/pwm_position_node/src/pwm_position_node.cpp:356:43:[m[K [01;31m[Kerror: [m[Kno matching function for call to â€˜[01m[Kmake_shared<PWMPosNode>()[m[Kâ€™
  356 |   auto node = [01;31m[Kstd::make_shared<PWMPosNode>()[m[K;
      |               [01;31m[K~~~~~~~~~~~~~~~~~~~~~~~~~~~~^~[m[K
In file included from [01m[K/usr/include/c++/11/memory:77[m[K,
                 from [01m[K/home/manuel/ros2_ws/src/pwm_position_node/src/pwm_position_node.cpp:2[m[K:
[01m[K/usr/include/c++/11/bits/shared_ptr.h:875:5:[m[K [01;36m[Knote: [m[Kcandidate: â€˜[01m[Ktemplate<class _Tp, class ... _Args> std::shared_ptr<_Tp> std::make_shared(_Args&& ...)[m[Kâ€™
  875 |     [01;36m[Kmake_shared[m[K(_Args&&... __args)
      |     [01;36m[K^~~~~~~~~~~[m[K
[01m[K/usr/include/c++/11/bits/shared_ptr.h:875:5:[m[K [01;36m[Knote: [m[K  template argument deduction/substitution failed:
[01m[K/home/manuel/ros2_ws/src/pwm_position_node/src/pwm_position_node.cpp:356:43:[m[K [01;31m[Kerror: [m[Ktype/value mismatch at argument 1 in template parameter list for â€˜[01m[Ktemplate<class _Tp, class ... _Args> std::shared_ptr<_Tp> std::make_shared(_Args&& ...)[m[Kâ€™
  356 |   auto node = [01;31m[Kstd::make_shared<PWMPosNode>()[m[K;
      |               [01;31m[K~~~~~~~~~~~~~~~~~~~~~~~~~~~~^~[m[K
[01m[K/home/manuel/ros2_ws/src/pwm_position_node/src/pwm_position_node.cpp:356:43:[m[K [01;36m[Knote: [m[K  expected a type, got â€˜[01m[KPWMPosNode[m[Kâ€™
[01m[K/home/manuel/ros2_ws/src/pwm_position_node/src/pwm_position_node.cpp:[m[K In function â€˜[01m[Kint PWMPosNode()[m[Kâ€™:
[01m[K/home/manuel/ros2_ws/src/pwm_position_node/src/pwm_position_node.cpp:115:3:[m[K [01;35m[Kwarning: [m[Kcontrol reaches end of non-void function [[01;35m[K]8;;https://gcc.gnu.org/onlinedocs/gcc/Warning-Options.html#index-Wreturn-type-Wreturn-type]8;;[m[K]
  115 |   [01;35m[K}[m[K
      |   [01;35m[K^[m[K
gmake[2]: *** [CMakeFiles/pwm_position_node.dir/build.make:76: CMakeFiles/pwm_position_node.dir/src/pwm_position_node.cpp.o] Error 1
gmake[1]: *** [CMakeFiles/Makefile2:137: CMakeFiles/pwm_position_node.dir/all] Error 2
gmake: *** [Makefile:146: all] Error 2
