[0.013s] Invoking command in '/home/manuel/ros2_ws/build/pwm_position_node': CMAKE_PREFIX_PATH=/home/manuel/ros2_ws/install/inverse_kinematics_node:/home/manuel/ros2_ws/install/dynamixel_sdk:/home/manuel/ros2_ws/install/synthetic_ball_publisher:/home/manuel/ros2_ws/install/pwm_position_node:/home/manuel/ros2_ws/install/my_cpp_pkg:/home/manuel/ros2_ws/install/joint_positions_node:/home/manuel/ros2_ws/install/ball_arm_tracker:/home/manuel/ros2_ws/install/dynamixel_sdk_examples:/home/manuel/ros2_ws/install/dynamixel_sdk_custom_interfaces:/home/manuel/ros2_ws/install/dual_dynamixel_node:/home/manuel/ros2_ws/install/ball_centroid_detector:/home/manuel/ros2_ws/install/joint_plotter:/opt/ros/humble LD_LIBRARY_PATH=/home/manuel/ros2_ws/install/inverse_kinematics_node/lib:/home/manuel/ros2_ws/install/dynamixel_sdk/lib:/home/manuel/ros2_ws/install/joint_positions_node/lib:/home/manuel/ros2_ws/install/dynamixel_sdk_custom_interfaces/lib:/home/manuel/ros2_ws/install/dual_dynamixel_node/lib:/opt/ros/humble/opt/rviz_ogre_vendor/lib:/opt/ros/humble/lib/x86_64-linux-gnu:/opt/ros/humble/lib /usr/bin/cmake --build /home/manuel/ros2_ws/build/pwm_position_node -- -j12 -l12
[0.046s] [35m[1mConsolidate compiler generated dependencies of target pwm_position_node[0m
[0.059s] [ 50%] [32mBuilding CXX object CMakeFiles/pwm_position_node.dir/src/pwm_position_node.cpp.o[0m
[1.972s] [01m[K/home/manuel/ros2_ws/src/pwm_position_node/src/pwm_position_node.cpp:67:5:[m[K [01;31m[Kerror: [m[KISO C++ forbids declaration of â€˜[01m[KPWMPosNode[m[Kâ€™ with no type [[01;31m[K]8;;https://gcc.gnu.org/onlinedocs/gcc/Warning-Options.html#index-fpermissive-fpermissive]8;;[m[K]
[1.972s]    67 |     [01;31m[KPWMPosNode[m[K(): Node("pwm_position_node")
[1.972s]       |     [01;31m[K^~~~~~~~~~[m[K
[1.972s] [01m[K/home/manuel/ros2_ws/src/pwm_position_node/src/pwm_position_node.cpp:[m[K In function â€˜[01m[Kint PWMPosNode()[m[Kâ€™:
[1.972s] [01m[K/home/manuel/ros2_ws/src/pwm_position_node/src/pwm_position_node.cpp:67:19:[m[K [01;31m[Kerror: [m[Konly constructors take member initializers
[1.972s]    67 |     PWMPosNode(): [01;31m[KNode[m[K("pwm_position_node")
[1.972s]       |                   [01;31m[K^~~~[m[K
[1.978s] [01m[K/home/manuel/ros2_ws/src/pwm_position_node/src/pwm_position_node.cpp:69:5:[m[K [01;31m[Kerror: [m[Kâ€˜[01m[Kdeclare_parameter[m[Kâ€™ was not declared in this scope
[1.978s]    69 |     [01;31m[Kdeclare_parameter[m[K<std::string>("port","/dev/ttyUSB0");
[1.978s]       |     [01;31m[K^~~~~~~~~~~~~~~~~[m[K
[1.978s] [01m[K/home/manuel/ros2_ws/src/pwm_position_node/src/pwm_position_node.cpp:69:34:[m[K [01;31m[Kerror: [m[Kexpected primary-expression before â€˜[01m[K>[m[Kâ€™ token
[1.978s]    69 |     declare_parameter<std::string[01;31m[K>[m[K("port","/dev/ttyUSB0");
[1.978s]       |                                  [01;31m[K^[m[K
[1.978s] [01m[K/home/manuel/ros2_ws/src/pwm_position_node/src/pwm_position_node.cpp:72:23:[m[K [01;31m[Kerror: [m[Kexpected primary-expression before â€˜[01m[Kint[m[Kâ€™
[1.978s]    72 |     declare_parameter<[01;31m[Kint[m[K>("baudrate",57600);
[1.978s]       |                       [01;31m[K^~~[m[K
[1.978s] [01m[K/home/manuel/ros2_ws/src/pwm_position_node/src/pwm_position_node.cpp:73:23:[m[K [01;31m[Kerror: [m[Kexpected primary-expression before â€˜[01m[Kdouble[m[Kâ€™
[1.978s]    73 |     declare_parameter<[01;31m[Kdouble[m[K>("loop_hz",200.0);
[1.978s]       |                       [01;31m[K^~~~~~[m[K
[1.978s] [01m[K/home/manuel/ros2_ws/src/pwm_position_node/src/pwm_position_node.cpp:74:23:[m[K [01;31m[Kerror: [m[Kexpected primary-expression before â€˜[01m[Kdouble[m[Kâ€™
[1.978s]    74 |     declare_parameter<[01;31m[Kdouble[m[K>("J1.kp",1.0);
[1.978s]       |                       [01;31m[K^~~~~~[m[K
[1.978s] [01m[K/home/manuel/ros2_ws/src/pwm_position_node/src/pwm_position_node.cpp:75:23:[m[K [01;31m[Kerror: [m[Kexpected primary-expression before â€˜[01m[Kdouble[m[Kâ€™
[1.978s]    75 |     declare_parameter<[01;31m[Kdouble[m[K>("J1.ki",0.1);
[1.978s]       |                       [01;31m[K^~~~~~[m[K
[1.978s] [01m[K/home/manuel/ros2_ws/src/pwm_position_node/src/pwm_position_node.cpp:76:23:[m[K [01;31m[Kerror: [m[Kexpected primary-expression before â€˜[01m[Kdouble[m[Kâ€™
[1.978s]    76 |     declare_parameter<[01;31m[Kdouble[m[K>("J1.kd",0.01);
[1.978s]       |                       [01;31m[K^~~~~~[m[K
[1.979s] [01m[K/home/manuel/ros2_ws/src/pwm_position_node/src/pwm_position_node.cpp:77:23:[m[K [01;31m[Kerror: [m[Kexpected primary-expression before â€˜[01m[Kdouble[m[Kâ€™
[1.979s]    77 |     declare_parameter<[01;31m[Kdouble[m[K>("J2.kp",1.0);
[1.979s]       |                       [01;31m[K^~~~~~[m[K
[1.979s] [01m[K/home/manuel/ros2_ws/src/pwm_position_node/src/pwm_position_node.cpp:78:23:[m[K [01;31m[Kerror: [m[Kexpected primary-expression before â€˜[01m[Kdouble[m[Kâ€™
[1.979s]    78 |     declare_parameter<[01;31m[Kdouble[m[K>("J2.ki",0.1);
[1.979s]       |                       [01;31m[K^~~~~~[m[K
[1.979s] [01m[K/home/manuel/ros2_ws/src/pwm_position_node/src/pwm_position_node.cpp:79:23:[m[K [01;31m[Kerror: [m[Kexpected primary-expression before â€˜[01m[Kdouble[m[Kâ€™
[1.979s]    79 |     declare_parameter<[01;31m[Kdouble[m[K>("J2.kd",0.01);
[1.979s]       |                       [01;31m[K^~~~~~[m[K
[1.979s] [01m[K/home/manuel/ros2_ws/src/pwm_position_node/src/pwm_position_node.cpp:80:23:[m[K [01;31m[Kerror: [m[Kexpected primary-expression before â€˜[01m[Kint[m[Kâ€™
[1.979s]    80 |     declare_parameter<[01;31m[Kint[m[K>("pwm_limit", 600);
[1.979s]       |                       [01;31m[K^~~[m[K
[1.979s] [01m[K/home/manuel/ros2_ws/src/pwm_position_node/src/pwm_position_node.cpp:81:23:[m[K [01;31m[Kerror: [m[Kexpected primary-expression before â€˜[01m[Kdouble[m[Kâ€™
[1.979s]    81 |     declare_parameter<[01;31m[Kdouble[m[K>("max_integral_val", 50.0);
[1.979s]       |                       [01;31m[K^~~~~~[m[K
[1.980s] [01m[K/home/manuel/ros2_ws/src/pwm_position_node/src/pwm_position_node.cpp:83:5:[m[K [01;31m[Kerror: [m[Kâ€˜[01m[Kport_[m[Kâ€™ was not declared in this scope
[1.980s]    83 |     [01;31m[Kport_[m[K   = dynamixel::PortHandler::getPortHandler(
[1.980s]       |     [01;31m[K^~~~~[m[K
[1.984s] [01m[K/home/manuel/ros2_ws/src/pwm_position_node/src/pwm_position_node.cpp:84:17:[m[K [01;31m[Kerror: [m[Kâ€˜[01m[Kget_parameter[m[Kâ€™ was not declared in this scope
[1.984s]    84 |                 [01;31m[Kget_parameter[m[K("port").as_string().c_str());
[1.984s]       |                 [01;31m[K^~~~~~~~~~~~~[m[K
[1.986s] [01m[K/home/manuel/ros2_ws/src/pwm_position_node/src/pwm_position_node.cpp:85:5:[m[K [01;31m[Kerror: [m[Kâ€˜[01m[Kpacket_[m[Kâ€™ was not declared in this scope
[1.986s]    85 |     [01;31m[Kpacket_[m[K = dynamixel::PacketHandler::getPacketHandler(2.0);
[1.986s]       |     [01;31m[K^~~~~~~[m[K
[1.986s] In file included from [01m[K/opt/ros/humble/include/rclcpp/rclcpp/client.hpp:40[m[K,
[1.986s]                  from [01m[K/opt/ros/humble/include/rclcpp/rclcpp/callback_group.hpp:24[m[K,
[1.986s]                  from [01m[K/opt/ros/humble/include/rclcpp/rclcpp/any_executable.hpp:20[m[K,
[1.986s]                  from [01m[K/opt/ros/humble/include/rclcpp/rclcpp/memory_strategy.hpp:25[m[K,
[1.986s]                  from [01m[K/opt/ros/humble/include/rclcpp/rclcpp/memory_strategies.hpp:18[m[K,
[1.987s]                  from [01m[K/opt/ros/humble/include/rclcpp/rclcpp/executor_options.hpp:20[m[K,
[1.987s]                  from [01m[K/opt/ros/humble/include/rclcpp/rclcpp/executor.hpp:37[m[K,
[1.987s]                  from [01m[K/opt/ros/humble/include/rclcpp/rclcpp/executors/multi_threaded_executor.hpp:25[m[K,
[1.987s]                  from [01m[K/opt/ros/humble/include/rclcpp/rclcpp/executors.hpp:21[m[K,
[1.987s]                  from [01m[K/opt/ros/humble/include/rclcpp/rclcpp/rclcpp.hpp:155[m[K,
[1.987s]                  from [01m[K/home/manuel/ros2_ws/src/pwm_position_node/src/pwm_position_node.cpp:6[m[K:
[1.987s] [01m[K/home/manuel/ros2_ws/src/pwm_position_node/src/pwm_position_node.cpp:88:20:[m[K [01;31m[Kerror: [m[Kâ€˜[01m[Kget_logger[m[Kâ€™ was not declared in this scope; did you mean â€˜[01m[Krclcpp::get_logger[m[Kâ€™?
[1.987s]    88 |       RCLCPP_FATAL([01;31m[Kget_logger[m[K(),"Failed to open port %s", get_parameter("port").as_string().c_str());
[1.987s]       |                    [01;31m[K^~~~~~~~~~[m[K
[1.987s] In file included from [01m[K/opt/ros/humble/include/rclcpp/rclcpp/logging.hpp:23[m[K,
[1.987s]                  from [01m[K/opt/ros/humble/include/rclcpp/rclcpp/client.hpp:40[m[K,
[1.987s]                  from [01m[K/opt/ros/humble/include/rclcpp/rclcpp/callback_group.hpp:24[m[K,
[1.987s]                  from [01m[K/opt/ros/humble/include/rclcpp/rclcpp/any_executable.hpp:20[m[K,
[1.987s]                  from [01m[K/opt/ros/humble/include/rclcpp/rclcpp/memory_strategy.hpp:25[m[K,
[1.987s]                  from [01m[K/opt/ros/humble/include/rclcpp/rclcpp/memory_strategies.hpp:18[m[K,
[1.987s]                  from [01m[K/opt/ros/humble/include/rclcpp/rclcpp/executor_options.hpp:20[m[K,
[1.987s]                  from [01m[K/opt/ros/humble/include/rclcpp/rclcpp/executor.hpp:37[m[K,
[1.988s]                  from [01m[K/opt/ros/humble/include/rclcpp/rclcpp/executors/multi_threaded_executor.hpp:25[m[K,
[1.988s]                  from [01m[K/opt/ros/humble/include/rclcpp/rclcpp/executors.hpp:21[m[K,
[1.988s]                  from [01m[K/opt/ros/humble/include/rclcpp/rclcpp/rclcpp.hpp:155[m[K,
[1.988s]                  from [01m[K/home/manuel/ros2_ws/src/pwm_position_node/src/pwm_position_node.cpp:6[m[K:
[1.988s] [01m[K/opt/ros/humble/include/rclcpp/rclcpp/logger.hpp:106:17:[m[K [01;36m[Knote: [m[Kâ€˜[01m[Krclcpp::get_logger[m[Kâ€™ declared here
[1.988s]   106 |   friend Logger [01;36m[Krclcpp[m[K::get_logger(const std::string & name);
[1.988s]       |                 [01;36m[K^~~~~~[m[K
[1.988s] In file included from [01m[K/opt/ros/humble/include/rclcpp/rclcpp/client.hpp:40[m[K,
[1.988s]                  from [01m[K/opt/ros/humble/include/rclcpp/rclcpp/callback_group.hpp:24[m[K,
[1.988s]                  from [01m[K/opt/ros/humble/include/rclcpp/rclcpp/any_executable.hpp:20[m[K,
[1.988s]                  from [01m[K/opt/ros/humble/include/rclcpp/rclcpp/memory_strategy.hpp:25[m[K,
[1.988s]                  from [01m[K/opt/ros/humble/include/rclcpp/rclcpp/memory_strategies.hpp:18[m[K,
[1.988s]                  from [01m[K/opt/ros/humble/include/rclcpp/rclcpp/executor_options.hpp:20[m[K,
[1.988s]                  from [01m[K/opt/ros/humble/include/rclcpp/rclcpp/executor.hpp:37[m[K,
[1.988s]                  from [01m[K/opt/ros/humble/include/rclcpp/rclcpp/executors/multi_threaded_executor.hpp:25[m[K,
[1.988s]                  from [01m[K/opt/ros/humble/include/rclcpp/rclcpp/executors.hpp:21[m[K,
[1.988s]                  from [01m[K/opt/ros/humble/include/rclcpp/rclcpp/rclcpp.hpp:155[m[K,
[1.988s]                  from [01m[K/home/manuel/ros2_ws/src/pwm_position_node/src/pwm_position_node.cpp:6[m[K:
[1.988s] [01m[K/home/manuel/ros2_ws/src/pwm_position_node/src/pwm_position_node.cpp:88:7:[m[K [01;31m[Kerror: [m[Ktemplate argument 1 is invalid
[1.988s]    88 |       [01;31m[KRCLCPP_FATAL[m[K(get_logger(),"Failed to open port %s", get_parameter("port").as_string().c_str());
[1.988s]       |       [01;31m[K^~~~~~~~~~~~[m[K
[1.988s] [01m[K/home/manuel/ros2_ws/src/pwm_position_node/src/pwm_position_node.cpp:88:7:[m[K [01;31m[Kerror: [m[Ktemplate argument 1 is invalid
[1.988s]    88 |       [01;31m[KRCLCPP_FATAL[m[K(get_logger(),"Failed to open port %s", get_parameter("port").as_string().c_str());
[1.989s]       |       [01;31m[K^~~~~~~~~~~~[m[K
[1.989s] [01m[K/home/manuel/ros2_ws/src/pwm_position_node/src/pwm_position_node.cpp:88:7:[m[K [01;31m[Kerror: [m[Ktemplate argument 1 is invalid
[1.989s]    88 |       [01;31m[KRCLCPP_FATAL[m[K(get_logger(),"Failed to open port %s", get_parameter("port").as_string().c_str());
[1.989s]       |       [01;31m[K^~~~~~~~~~~~[m[K
[1.989s] [01m[K/home/manuel/ros2_ws/src/pwm_position_node/src/pwm_position_node.cpp:97:20:[m[K [01;31m[Kerror: [m[Kâ€˜[01m[Kget_logger[m[Kâ€™ was not declared in this scope; did you mean â€˜[01m[Krclcpp::get_logger[m[Kâ€™?
[1.989s]    97 |       RCLCPP_FATAL([01;31m[Kget_logger[m[K(),"Failed to set baudrate to %ld", baudrate_param_val); // Use %ld for logging the int64_t
[1.989s]       |                    [01;31m[K^~~~~~~~~~[m[K
[1.989s] In file included from [01m[K/opt/ros/humble/include/rclcpp/rclcpp/logging.hpp:23[m[K,
[1.989s]                  from [01m[K/opt/ros/humble/include/rclcpp/rclcpp/client.hpp:40[m[K,
[1.989s]                  from [01m[K/opt/ros/humble/include/rclcpp/rclcpp/callback_group.hpp:24[m[K,
[1.989s]                  from [01m[K/opt/ros/humble/include/rclcpp/rclcpp/any_executable.hpp:20[m[K,
[1.989s]                  from [01m[K/opt/ros/humble/include/rclcpp/rclcpp/memory_strategy.hpp:25[m[K,
[1.989s]                  from [01m[K/opt/ros/humble/include/rclcpp/rclcpp/memory_strategies.hpp:18[m[K,
[1.989s]                  from [01m[K/opt/ros/humble/include/rclcpp/rclcpp/executor_options.hpp:20[m[K,
[1.989s]                  from [01m[K/opt/ros/humble/include/rclcpp/rclcpp/executor.hpp:37[m[K,
[1.989s]                  from [01m[K/opt/ros/humble/include/rclcpp/rclcpp/executors/multi_threaded_executor.hpp:25[m[K,
[1.989s]                  from [01m[K/opt/ros/humble/include/rclcpp/rclcpp/executors.hpp:21[m[K,
[1.989s]                  from [01m[K/opt/ros/humble/include/rclcpp/rclcpp/rclcpp.hpp:155[m[K,
[1.989s]                  from [01m[K/home/manuel/ros2_ws/src/pwm_position_node/src/pwm_position_node.cpp:6[m[K:
[1.989s] [01m[K/opt/ros/humble/include/rclcpp/rclcpp/logger.hpp:106:17:[m[K [01;36m[Knote: [m[Kâ€˜[01m[Krclcpp::get_logger[m[Kâ€™ declared here
[1.989s]   106 |   friend Logger [01;36m[Krclcpp[m[K::get_logger(const std::string & name);
[1.989s]       |                 [01;36m[K^~~~~~[m[K
[1.989s] In file included from [01m[K/opt/ros/humble/include/rclcpp/rclcpp/client.hpp:40[m[K,
[1.990s]                  from [01m[K/opt/ros/humble/include/rclcpp/rclcpp/callback_group.hpp:24[m[K,
[1.990s]                  from [01m[K/opt/ros/humble/include/rclcpp/rclcpp/any_executable.hpp:20[m[K,
[1.990s]                  from [01m[K/opt/ros/humble/include/rclcpp/rclcpp/memory_strategy.hpp:25[m[K,
[1.990s]                  from [01m[K/opt/ros/humble/include/rclcpp/rclcpp/memory_strategies.hpp:18[m[K,
[1.990s]                  from [01m[K/opt/ros/humble/include/rclcpp/rclcpp/executor_options.hpp:20[m[K,
[1.990s]                  from [01m[K/opt/ros/humble/include/rclcpp/rclcpp/executor.hpp:37[m[K,
[1.990s]                  from [01m[K/opt/ros/humble/include/rclcpp/rclcpp/executors/multi_threaded_executor.hpp:25[m[K,
[1.990s]                  from [01m[K/opt/ros/humble/include/rclcpp/rclcpp/executors.hpp:21[m[K,
[1.990s]                  from [01m[K/opt/ros/humble/include/rclcpp/rclcpp/rclcpp.hpp:155[m[K,
[1.990s]                  from [01m[K/home/manuel/ros2_ws/src/pwm_position_node/src/pwm_position_node.cpp:6[m[K:
[1.990s] [01m[K/home/manuel/ros2_ws/src/pwm_position_node/src/pwm_position_node.cpp:97:7:[m[K [01;31m[Kerror: [m[Ktemplate argument 1 is invalid
[1.990s]    97 |       [01;31m[KRCLCPP_FATAL[m[K(get_logger(),"Failed to set baudrate to %ld", baudrate_param_val); // Use %ld for logging the int64_t
[1.990s]       |       [01;31m[K^~~~~~~~~~~~[m[K
[1.990s] [01m[K/home/manuel/ros2_ws/src/pwm_position_node/src/pwm_position_node.cpp:97:7:[m[K [01;31m[Kerror: [m[Ktemplate argument 1 is invalid
[1.990s]    97 |       [01;31m[KRCLCPP_FATAL[m[K(get_logger(),"Failed to set baudrate to %ld", baudrate_param_val); // Use %ld for logging the int64_t
[1.990s]       |       [01;31m[K^~~~~~~~~~~~[m[K
[1.990s] [01m[K/home/manuel/ros2_ws/src/pwm_position_node/src/pwm_position_node.cpp:97:7:[m[K [01;31m[Kerror: [m[Ktemplate argument 1 is invalid
[1.990s]    97 |       [01;31m[KRCLCPP_FATAL[m[K(get_logger(),"Failed to set baudrate to %ld", baudrate_param_val); // Use %ld for logging the int64_t
[1.990s]       |       [01;31m[K^~~~~~~~~~~~[m[K
[1.990s] [01m[K/home/manuel/ros2_ws/src/pwm_position_node/src/pwm_position_node.cpp:101:5:[m[K [01;31m[Kerror: [m[Kâ€˜[01m[Ksetup_servo[m[Kâ€™ was not declared in this scope
[1.991s]   101 |     [01;31m[Ksetup_servo[m[K(ID_1, "Shoulder (ID_1)");
[1.991s]       |     [01;31m[K^~~~~~~~~~~[m[K
[1.999s] [01m[K/home/manuel/ros2_ws/src/pwm_position_node/src/pwm_position_node.cpp:103:5:[m[K [01;31m[Kerror: [m[Kâ€˜[01m[Kinitialize_goals_to_current_positions[m[Kâ€™ was not declared in this scope
[1.999s]   103 |     [01;31m[Kinitialize_goals_to_current_positions[m[K();
[1.999s]       |     [01;31m[K^~~~~~~~~~~~~~~~~~~~~~~~~~~~~~~~~~~~~[m[K
[2.001s] [01m[K/home/manuel/ros2_ws/src/pwm_position_node/src/pwm_position_node.cpp:105:5:[m[K [01;31m[Kerror: [m[Kâ€˜[01m[Ksub_[m[Kâ€™ was not declared in this scope
[2.001s]   105 |     [01;31m[Ksub_[m[K = create_subscription<SetXY>("set_xy",10,
[2.001s]       |     [01;31m[K^~~~[m[K
[2.001s] [01m[K/home/manuel/ros2_ws/src/pwm_position_node/src/pwm_position_node.cpp:105:12:[m[K [01;31m[Kerror: [m[Kâ€˜[01m[Kcreate_subscription[m[Kâ€™ was not declared in this scope
[2.002s]   105 |     sub_ = [01;31m[Kcreate_subscription[m[K<SetXY>("set_xy",10,
[2.002s]       |            [01;31m[K^~~~~~~~~~~~~~~~~~~[m[K
[2.002s] [01m[K/home/manuel/ros2_ws/src/pwm_position_node/src/pwm_position_node.cpp:105:12:[m[K [01;36m[Knote: [m[Ksuggested alternatives:
[2.002s] In file included from [01m[K/opt/ros/humble/include/rclcpp/rclcpp/node_impl.hpp:43[m[K,
[2.002s]                  from [01m[K/opt/ros/humble/include/rclcpp/rclcpp/node.hpp:1321[m[K,
[2.002s]                  from [01m[K/opt/ros/humble/include/rclcpp/rclcpp/executors/single_threaded_executor.hpp:28[m[K,
[2.002s]                  from [01m[K/opt/ros/humble/include/rclcpp/rclcpp/executors.hpp:22[m[K,
[2.002s]                  from [01m[K/opt/ros/humble/include/rclcpp/rclcpp/rclcpp.hpp:155[m[K,
[2.002s]                  from [01m[K/home/manuel/ros2_ws/src/pwm_position_node/src/pwm_position_node.cpp:6[m[K:
[2.002s] [01m[K/opt/ros/humble/include/rclcpp/rclcpp/create_subscription.hpp:206:1:[m[K [01;36m[Knote: [m[K  â€˜[01m[Krclcpp::create_subscription[m[Kâ€™
[2.002s]   206 | [01;36m[Kcreate_subscription[m[K(
[2.002s]       | [01;36m[K^~~~~~~~~~~~~~~~~~~[m[K
[2.002s] [01m[K/opt/ros/humble/include/rclcpp/rclcpp/create_subscription.hpp:56:1:[m[K [01;36m[Knote: [m[K  â€˜[01m[Krclcpp::detail::create_subscription[m[Kâ€™
[2.002s]    56 | [01;36m[Kcreate_subscription[m[K(
[2.002s]       | [01;36m[K^~~~~~~~~~~~~~~~~~~[m[K
[2.002s] [01m[K/home/manuel/ros2_ws/src/pwm_position_node/src/pwm_position_node.cpp:105:37:[m[K [01;31m[Kerror: [m[Kexpected primary-expression before â€˜[01m[K>[m[Kâ€™ token
[2.002s]   105 |     sub_ = create_subscription<SetXY[01;31m[K>[m[K("set_xy",10,
[2.003s]       |                                     [01;31m[K^[m[K
[2.003s] [01m[K/home/manuel/ros2_ws/src/pwm_position_node/src/pwm_position_node.cpp:106:24:[m[K [01;31m[Kerror: [m[Kâ€˜[01m[KPWMPosNode[m[Kâ€™ is not a class, namespace, or enumeration
[2.003s]   106 |             std::bind(&[01;31m[KPWMPosNode[m[K::set_xy_callback,this,std::placeholders::_1));
[2.003s]       |                        [01;31m[K^~~~~~~~~~[m[K
[2.003s] [01m[K/home/manuel/ros2_ws/src/pwm_position_node/src/pwm_position_node.cpp:106:52:[m[K [01;31m[Kerror: [m[Kinvalid use of â€˜[01m[Kthis[m[Kâ€™ in non-member function
[2.003s]   106 |             std::bind(&PWMPosNode::set_xy_callback,[01;31m[Kthis[m[K,std::placeholders::_1));
[2.003s]       |                                                    [01;31m[K^~~~[m[K
[2.004s] [01m[K/home/manuel/ros2_ws/src/pwm_position_node/src/pwm_position_node.cpp:109:5:[m[K [01;31m[Kerror: [m[Kâ€˜[01m[Ktimer_[m[Kâ€™ was not declared in this scope; did you mean â€˜[01m[Ktimer_t[m[Kâ€™?
[2.004s]   109 |     [01;31m[Ktimer_[m[K = create_wall_timer(
[2.004s]       |     [01;31m[K^~~~~~[m[K
[2.004s]       |     [32m[Ktimer_t[m[K
[2.004s] [01m[K/home/manuel/ros2_ws/src/pwm_position_node/src/pwm_position_node.cpp:111:13:[m[K [01;31m[Kerror: [m[Kinvalid use of â€˜[01m[Kthis[m[Kâ€™ in non-member function
[2.004s]   111 |            [[01;31m[Kthis[m[K, dt_seconds]() { this->control_loop(dt_seconds); });
[2.004s]       |             [01;31m[K^~~~[m[K
[2.004s] [01m[K/home/manuel/ros2_ws/src/pwm_position_node/src/pwm_position_node.cpp:[m[K In lambda function:
[2.004s] [01m[K/home/manuel/ros2_ws/src/pwm_position_node/src/pwm_position_node.cpp:111:35:[m[K [01;31m[Kerror: [m[Kâ€˜[01m[Kthis[m[Kâ€™ was not captured for this lambda function
[2.004s]   111 |            [this, dt_seconds]() { [01;31m[Kthis[m[K->control_loop(dt_seconds); });
[2.004s]       |                                   [01;31m[K^~~~[m[K
[2.005s] [01m[K/home/manuel/ros2_ws/src/pwm_position_node/src/pwm_position_node.cpp:[m[K In function â€˜[01m[Kint PWMPosNode()[m[Kâ€™:
[2.005s] [01m[K/home/manuel/ros2_ws/src/pwm_position_node/src/pwm_position_node.cpp:109:14:[m[K [01;31m[Kerror: [m[Kâ€˜[01m[Kcreate_wall_timer[m[Kâ€™ was not declared in this scope; did you mean â€˜[01m[Krclcpp::create_wall_timer[m[Kâ€™?
[2.005s]   109 |     timer_ = [01;31m[Kcreate_wall_timer[m[K(
[2.005s]       |              [01;31m[K^~~~~~~~~~~~~~~~~[m[K
[2.005s]       |              [32m[Krclcpp::create_wall_timer[m[K
[2.005s] In file included from [01m[K/opt/ros/humble/include/rclcpp/rclcpp/create_subscription.hpp:33[m[K,
[2.005s]                  from [01m[K/opt/ros/humble/include/rclcpp/rclcpp/node_impl.hpp:43[m[K,
[2.005s]                  from [01m[K/opt/ros/humble/include/rclcpp/rclcpp/node.hpp:1321[m[K,
[2.005s]                  from [01m[K/opt/ros/humble/include/rclcpp/rclcpp/executors/single_threaded_executor.hpp:28[m[K,
[2.005s]                  from [01m[K/opt/ros/humble/include/rclcpp/rclcpp/executors.hpp:22[m[K,
[2.005s]                  from [01m[K/opt/ros/humble/include/rclcpp/rclcpp/rclcpp.hpp:155[m[K,
[2.005s]                  from [01m[K/home/manuel/ros2_ws/src/pwm_position_node/src/pwm_position_node.cpp:6[m[K:
[2.005s] [01m[K/opt/ros/humble/include/rclcpp/rclcpp/create_timer.hpp:90:1:[m[K [01;36m[Knote: [m[Kâ€˜[01m[Krclcpp::create_wall_timer[m[Kâ€™ declared here
[2.005s]    90 | [01;36m[Kcreate_wall_timer[m[K(
[2.005s]       | [01;36m[K^~~~~~~~~~~~~~~~~[m[K
[2.005s] In file included from [01m[K/opt/ros/humble/include/rclcpp/rclcpp/client.hpp:40[m[K,
[2.005s]                  from [01m[K/opt/ros/humble/include/rclcpp/rclcpp/callback_group.hpp:24[m[K,
[2.005s]                  from [01m[K/opt/ros/humble/include/rclcpp/rclcpp/any_executable.hpp:20[m[K,
[2.005s]                  from [01m[K/opt/ros/humble/include/rclcpp/rclcpp/memory_strategy.hpp:25[m[K,
[2.005s]                  from [01m[K/opt/ros/humble/include/rclcpp/rclcpp/memory_strategies.hpp:18[m[K,
[2.005s]                  from [01m[K/opt/ros/humble/include/rclcpp/rclcpp/executor_options.hpp:20[m[K,
[2.005s]                  from [01m[K/opt/ros/humble/include/rclcpp/rclcpp/executor.hpp:37[m[K,
[2.005s]                  from [01m[K/opt/ros/humble/include/rclcpp/rclcpp/executors/multi_threaded_executor.hpp:25[m[K,
[2.006s]                  from [01m[K/opt/ros/humble/include/rclcpp/rclcpp/executors.hpp:21[m[K,
[2.006s]                  from [01m[K/opt/ros/humble/include/rclcpp/rclcpp/rclcpp.hpp:155[m[K,
[2.006s]                  from [01m[K/home/manuel/ros2_ws/src/pwm_position_node/src/pwm_position_node.cpp:6[m[K:
[2.006s] [01m[K/home/manuel/ros2_ws/src/pwm_position_node/src/pwm_position_node.cpp:113:17:[m[K [01;31m[Kerror: [m[Kâ€˜[01m[Kget_logger[m[Kâ€™ was not declared in this scope; did you mean â€˜[01m[Krclcpp::get_logger[m[Kâ€™?
[2.006s]   113 |     RCLCPP_INFO([01;31m[Kget_logger[m[K(),"PWM position node ready (%.1f Hz loop). Current target: J1=%.1f deg, J2=%.1f deg",
[2.006s]       |                 [01;31m[K^~~~~~~~~~[m[K
[2.006s] In file included from [01m[K/opt/ros/humble/include/rclcpp/rclcpp/logging.hpp:23[m[K,
[2.006s]                  from [01m[K/opt/ros/humble/include/rclcpp/rclcpp/client.hpp:40[m[K,
[2.006s]                  from [01m[K/opt/ros/humble/include/rclcpp/rclcpp/callback_group.hpp:24[m[K,
[2.006s]                  from [01m[K/opt/ros/humble/include/rclcpp/rclcpp/any_executable.hpp:20[m[K,
[2.006s]                  from [01m[K/opt/ros/humble/include/rclcpp/rclcpp/memory_strategy.hpp:25[m[K,
[2.006s]                  from [01m[K/opt/ros/humble/include/rclcpp/rclcpp/memory_strategies.hpp:18[m[K,
[2.006s]                  from [01m[K/opt/ros/humble/include/rclcpp/rclcpp/executor_options.hpp:20[m[K,
[2.006s]                  from [01m[K/opt/ros/humble/include/rclcpp/rclcpp/executor.hpp:37[m[K,
[2.006s]                  from [01m[K/opt/ros/humble/include/rclcpp/rclcpp/executors/multi_threaded_executor.hpp:25[m[K,
[2.006s]                  from [01m[K/opt/ros/humble/include/rclcpp/rclcpp/executors.hpp:21[m[K,
[2.006s]                  from [01m[K/opt/ros/humble/include/rclcpp/rclcpp/rclcpp.hpp:155[m[K,
[2.006s]                  from [01m[K/home/manuel/ros2_ws/src/pwm_position_node/src/pwm_position_node.cpp:6[m[K:
[2.006s] [01m[K/opt/ros/humble/include/rclcpp/rclcpp/logger.hpp:106:17:[m[K [01;36m[Knote: [m[Kâ€˜[01m[Krclcpp::get_logger[m[Kâ€™ declared here
[2.006s]   106 |   friend Logger [01;36m[Krclcpp[m[K::get_logger(const std::string & name);
[2.006s]       |                 [01;36m[K^~~~~~[m[K
[2.006s] In file included from [01m[K/opt/ros/humble/include/rclcpp/rclcpp/client.hpp:40[m[K,
[2.006s]                  from [01m[K/opt/ros/humble/include/rclcpp/rclcpp/callback_group.hpp:24[m[K,
[2.006s]                  from [01m[K/opt/ros/humble/include/rclcpp/rclcpp/any_executable.hpp:20[m[K,
[2.007s]                  from [01m[K/opt/ros/humble/include/rclcpp/rclcpp/memory_strategy.hpp:25[m[K,
[2.007s]                  from [01m[K/opt/ros/humble/include/rclcpp/rclcpp/memory_strategies.hpp:18[m[K,
[2.007s]                  from [01m[K/opt/ros/humble/include/rclcpp/rclcpp/executor_options.hpp:20[m[K,
[2.007s]                  from [01m[K/opt/ros/humble/include/rclcpp/rclcpp/executor.hpp:37[m[K,
[2.007s]                  from [01m[K/opt/ros/humble/include/rclcpp/rclcpp/executors/multi_threaded_executor.hpp:25[m[K,
[2.007s]                  from [01m[K/opt/ros/humble/include/rclcpp/rclcpp/executors.hpp:21[m[K,
[2.007s]                  from [01m[K/opt/ros/humble/include/rclcpp/rclcpp/rclcpp.hpp:155[m[K,
[2.007s]                  from [01m[K/home/manuel/ros2_ws/src/pwm_position_node/src/pwm_position_node.cpp:6[m[K:
[2.007s] [01m[K/home/manuel/ros2_ws/src/pwm_position_node/src/pwm_position_node.cpp:113:5:[m[K [01;31m[Kerror: [m[Ktemplate argument 1 is invalid
[2.007s]   113 |     [01;31m[KRCLCPP_INFO[m[K(get_logger(),"PWM position node ready (%.1f Hz loop). Current target: J1=%.1f deg, J2=%.1f deg",
[2.007s]       |     [01;31m[K^~~~~~~~~~~[m[K
[2.007s] [01m[K/home/manuel/ros2_ws/src/pwm_position_node/src/pwm_position_node.cpp:113:5:[m[K [01;31m[Kerror: [m[Ktemplate argument 1 is invalid
[2.007s]   113 |     [01;31m[KRCLCPP_INFO[m[K(get_logger(),"PWM position node ready (%.1f Hz loop). Current target: J1=%.1f deg, J2=%.1f deg",
[2.007s]       |     [01;31m[K^~~~~~~~~~~[m[K
[2.007s] [01m[K/home/manuel/ros2_ws/src/pwm_position_node/src/pwm_position_node.cpp:113:5:[m[K [01;31m[Kerror: [m[Ktemplate argument 1 is invalid
[2.007s]   113 |     [01;31m[KRCLCPP_INFO[m[K(get_logger(),"PWM position node ready (%.1f Hz loop). Current target: J1=%.1f deg, J2=%.1f deg",
[2.007s]       |     [01;31m[K^~~~~~~~~~~[m[K
[2.008s] In file included from [01m[K/opt/ros/humble/include/rclcpp/rclcpp/logging.hpp:24[m[K,
[2.008s]                  from [01m[K/opt/ros/humble/include/rclcpp/rclcpp/client.hpp:40[m[K,
[2.008s]                  from [01m[K/opt/ros/humble/include/rclcpp/rclcpp/callback_group.hpp:24[m[K,
[2.008s]                  from [01m[K/opt/ros/humble/include/rclcpp/rclcpp/any_executable.hpp:20[m[K,
[2.008s]                  from [01m[K/opt/ros/humble/include/rclcpp/rclcpp/memory_strategy.hpp:25[m[K,
[2.008s]                  from [01m[K/opt/ros/humble/include/rclcpp/rclcpp/memory_strategies.hpp:18[m[K,
[2.008s]                  from [01m[K/opt/ros/humble/include/rclcpp/rclcpp/executor_options.hpp:20[m[K,
[2.008s]                  from [01m[K/opt/ros/humble/include/rclcpp/rclcpp/executor.hpp:37[m[K,
[2.008s]                  from [01m[K/opt/ros/humble/include/rclcpp/rclcpp/executors/multi_threaded_executor.hpp:25[m[K,
[2.008s]                  from [01m[K/opt/ros/humble/include/rclcpp/rclcpp/executors.hpp:21[m[K,
[2.009s]                  from [01m[K/opt/ros/humble/include/rclcpp/rclcpp/rclcpp.hpp:155[m[K,
[2.009s]                  from [01m[K/home/manuel/ros2_ws/src/pwm_position_node/src/pwm_position_node.cpp:6[m[K:
[2.009s] [01m[K/home/manuel/ros2_ws/src/pwm_position_node/src/pwm_position_node.cpp:114:33:[m[K [01;31m[Kerror: [m[Kâ€˜[01m[Kgoal_j1_deg_[m[Kâ€™ was not declared in this scope
[2.009s]   114 |                 1.0/dt_seconds, [01;31m[Kgoal_j1_deg_[m[K, goal_j2_deg_);
[2.009s]       |                                 [01;31m[K^~~~~~~~~~~~[m[K
[2.012s] [01m[K/home/manuel/ros2_ws/src/pwm_position_node/src/pwm_position_node.cpp:114:47:[m[K [01;31m[Kerror: [m[Kâ€˜[01m[Kgoal_j2_deg_[m[Kâ€™ was not declared in this scope
[2.012s]   114 |                 1.0/dt_seconds, goal_j1_deg_, [01;31m[Kgoal_j2_deg_[m[K);
[2.012s]       |                                               [01;31m[K^~~~~~~~~~~~[m[K
[2.012s] [01m[K/home/manuel/ros2_ws/src/pwm_position_node/src/pwm_position_node.cpp:[m[K At global scope:
[2.012s] [01m[K/home/manuel/ros2_ws/src/pwm_position_node/src/pwm_position_node.cpp:118:15:[m[K [01;31m[Kerror: [m[Kexpected class-name before â€˜[01m[K([m[Kâ€™ token
[2.013s]   118 |    ~PWMPosNode[01;31m[K([m[K) override{
[2.013s]       |               [01;31m[K^[m[K
[2.013s] [01m[K/home/manuel/ros2_ws/src/pwm_position_node/src/pwm_position_node.cpp:127:1:[m[K [01;31m[Kerror: [m[Kexpected unqualified-id before â€˜[01m[Kprivate[m[Kâ€™
[2.013s]   127 | [01;31m[Kprivate[m[K:
[2.013s]       | [01;31m[K^~~~~~~[m[K
[2.016s] [01m[K/home/manuel/ros2_ws/src/pwm_position_node/src/pwm_position_node.cpp:[m[K In function â€˜[01m[Kvoid initialize_goals_to_current_positions()[m[Kâ€™:
[2.016s] [01m[K/home/manuel/ros2_ws/src/pwm_position_node/src/pwm_position_node.cpp:147:46:[m[K [01;31m[Kerror: [m[Kâ€˜[01m[Kport_[m[Kâ€™ was not declared in this scope
[2.016s]   147 |     dynamixel::GroupSyncRead group_sync_read([01;31m[Kport_[m[K, packet_, ADDR_PRESENT_POSITION, 4);
[2.016s]       |                                              [01;31m[K^~~~~[m[K
[2.019s] [01m[K/home/manuel/ros2_ws/src/pwm_position_node/src/pwm_position_node.cpp:147:53:[m[K [01;31m[Kerror: [m[Kâ€˜[01m[Kpacket_[m[Kâ€™ was not declared in this scope
[2.019s]   147 |     dynamixel::GroupSyncRead group_sync_read(port_, [01;31m[Kpacket_[m[K, ADDR_PRESENT_POSITION, 4);
[2.019s]       |                                                     [01;31m[K^~~~~~~[m[K
[2.023s] [01m[K/home/manuel/ros2_ws/src/pwm_position_node/src/pwm_position_node.cpp:153:42:[m[K [01;31m[Kerror: [m[Kâ€˜[01m[Kcomms_mutex_[m[Kâ€™ was not declared in this scope
[2.023s]   153 |         std::lock_guard<std::mutex> lock([01;31m[Kcomms_mutex_[m[K);
[2.023s]       |                                          [01;31m[K^~~~~~~~~~~~[m[K
[2.023s] In file included from [01m[K/opt/ros/humble/include/rclcpp/rclcpp/client.hpp:40[m[K,
[2.023s]                  from [01m[K/opt/ros/humble/include/rclcpp/rclcpp/callback_group.hpp:24[m[K,
[2.023s]                  from [01m[K/opt/ros/humble/include/rclcpp/rclcpp/any_executable.hpp:20[m[K,
[2.023s]                  from [01m[K/opt/ros/humble/include/rclcpp/rclcpp/memory_strategy.hpp:25[m[K,
[2.023s]                  from [01m[K/opt/ros/humble/include/rclcpp/rclcpp/memory_strategies.hpp:18[m[K,
[2.023s]                  from [01m[K/opt/ros/humble/include/rclcpp/rclcpp/executor_options.hpp:20[m[K,
[2.023s]                  from [01m[K/opt/ros/humble/include/rclcpp/rclcpp/executor.hpp:37[m[K,
[2.023s]                  from [01m[K/opt/ros/humble/include/rclcpp/rclcpp/executors/multi_threaded_executor.hpp:25[m[K,
[2.023s]                  from [01m[K/opt/ros/humble/include/rclcpp/rclcpp/executors.hpp:21[m[K,
[2.023s]                  from [01m[K/opt/ros/humble/include/rclcpp/rclcpp/rclcpp.hpp:155[m[K,
[2.023s]                  from [01m[K/home/manuel/ros2_ws/src/pwm_position_node/src/pwm_position_node.cpp:6[m[K:
[2.024s] [01m[K/home/manuel/ros2_ws/src/pwm_position_node/src/pwm_position_node.cpp:158:22:[m[K [01;31m[Kerror: [m[Kâ€˜[01m[Kget_logger[m[Kâ€™ was not declared in this scope; did you mean â€˜[01m[Krclcpp::get_logger[m[Kâ€™?
[2.024s]   158 |         RCLCPP_ERROR([01;31m[Kget_logger[m[K(), "Failed to read initial positions: %s", packet_->getTxRxResult(dxl_comm_result));
[2.024s]       |                      [01;31m[K^~~~~~~~~~[m[K
[2.024s] In file included from [01m[K/opt/ros/humble/include/rclcpp/rclcpp/logging.hpp:23[m[K,
[2.024s]                  from [01m[K/opt/ros/humble/include/rclcpp/rclcpp/client.hpp:40[m[K,
[2.024s]                  from [01m[K/opt/ros/humble/include/rclcpp/rclcpp/callback_group.hpp:24[m[K,
[2.024s]                  from [01m[K/opt/ros/humble/include/rclcpp/rclcpp/any_executable.hpp:20[m[K,
[2.024s]                  from [01m[K/opt/ros/humble/include/rclcpp/rclcpp/memory_strategy.hpp:25[m[K,
[2.024s]                  from [01m[K/opt/ros/humble/include/rclcpp/rclcpp/memory_strategies.hpp:18[m[K,
[2.024s]                  from [01m[K/opt/ros/humble/include/rclcpp/rclcpp/executor_options.hpp:20[m[K,
[2.024s]                  from [01m[K/opt/ros/humble/include/rclcpp/rclcpp/executor.hpp:37[m[K,
[2.024s]                  from [01m[K/opt/ros/humble/include/rclcpp/rclcpp/executors/multi_threaded_executor.hpp:25[m[K,
[2.024s]                  from [01m[K/opt/ros/humble/include/rclcpp/rclcpp/executors.hpp:21[m[K,
[2.024s]                  from [01m[K/opt/ros/humble/include/rclcpp/rclcpp/rclcpp.hpp:155[m[K,
[2.024s]                  from [01m[K/home/manuel/ros2_ws/src/pwm_position_node/src/pwm_position_node.cpp:6[m[K:
[2.024s] [01m[K/opt/ros/humble/include/rclcpp/rclcpp/logger.hpp:106:17:[m[K [01;36m[Knote: [m[Kâ€˜[01m[Krclcpp::get_logger[m[Kâ€™ declared here
[2.024s]   106 |   friend Logger [01;36m[Krclcpp[m[K::get_logger(const std::string & name);
[2.024s]       |                 [01;36m[K^~~~~~[m[K
[2.024s] In file included from [01m[K/opt/ros/humble/include/rclcpp/rclcpp/client.hpp:40[m[K,
[2.024s]                  from [01m[K/opt/ros/humble/include/rclcpp/rclcpp/callback_group.hpp:24[m[K,
[2.024s]                  from [01m[K/opt/ros/humble/include/rclcpp/rclcpp/any_executable.hpp:20[m[K,
[2.024s]                  from [01m[K/opt/ros/humble/include/rclcpp/rclcpp/memory_strategy.hpp:25[m[K,
[2.025s]                  from [01m[K/opt/ros/humble/include/rclcpp/rclcpp/memory_strategies.hpp:18[m[K,
[2.025s]                  from [01m[K/opt/ros/humble/include/rclcpp/rclcpp/executor_options.hpp:20[m[K,
[2.025s]                  from [01m[K/opt/ros/humble/include/rclcpp/rclcpp/executor.hpp:37[m[K,
[2.025s]                  from [01m[K/opt/ros/humble/include/rclcpp/rclcpp/executors/multi_threaded_executor.hpp:25[m[K,
[2.025s]                  from [01m[K/opt/ros/humble/include/rclcpp/rclcpp/executors.hpp:21[m[K,
[2.025s]                  from [01m[K/opt/ros/humble/include/rclcpp/rclcpp/rclcpp.hpp:155[m[K,
[2.025s]                  from [01m[K/home/manuel/ros2_ws/src/pwm_position_node/src/pwm_position_node.cpp:6[m[K:
[2.025s] [01m[K/home/manuel/ros2_ws/src/pwm_position_node/src/pwm_position_node.cpp:158:9:[m[K [01;31m[Kerror: [m[Ktemplate argument 1 is invalid
[2.025s]   158 |         [01;31m[KRCLCPP_ERROR[m[K(get_logger(), "Failed to read initial positions: %s", packet_->getTxRxResult(dxl_comm_result));
[2.025s]       |         [01;31m[K^~~~~~~~~~~~[m[K
[2.025s] [01m[K/home/manuel/ros2_ws/src/pwm_position_node/src/pwm_position_node.cpp:158:9:[m[K [01;31m[Kerror: [m[Ktemplate argument 1 is invalid
[2.025s]   158 |         [01;31m[KRCLCPP_ERROR[m[K(get_logger(), "Failed to read initial positions: %s", packet_->getTxRxResult(dxl_comm_result));
[2.025s]       |         [01;31m[K^~~~~~~~~~~~[m[K
[2.025s] [01m[K/home/manuel/ros2_ws/src/pwm_position_node/src/pwm_position_node.cpp:158:9:[m[K [01;31m[Kerror: [m[Ktemplate argument 1 is invalid
[2.025s]   158 |         [01;31m[KRCLCPP_ERROR[m[K(get_logger(), "Failed to read initial positions: %s", packet_->getTxRxResult(dxl_comm_result));
[2.025s]       |         [01;31m[K^~~~~~~~~~~~[m[K
[2.027s] [01m[K/home/manuel/ros2_ws/src/pwm_position_node/src/pwm_position_node.cpp:159:9:[m[K [01;31m[Kerror: [m[Kâ€˜[01m[Kgoal_j1_deg_[m[Kâ€™ was not declared in this scope
[2.027s]   159 |         [01;31m[Kgoal_j1_deg_[m[K = 0.0;
[2.027s]       |         [01;31m[K^~~~~~~~~~~~[m[K
[2.031s] [01m[K/home/manuel/ros2_ws/src/pwm_position_node/src/pwm_position_node.cpp:160:9:[m[K [01;31m[Kerror: [m[Kâ€˜[01m[Kgoal_j2_deg_[m[Kâ€™ was not declared in this scope
[2.031s]   160 |         [01;31m[Kgoal_j2_deg_[m[K = 0.0;
[2.031s]       |         [01;31m[K^~~~~~~~~~~~[m[K
[2.035s] [01m[K/home/manuel/ros2_ws/src/pwm_position_node/src/pwm_position_node.cpp:168:13:[m[K [01;31m[Kerror: [m[Kâ€˜[01m[Kgoal_j1_deg_[m[Kâ€™ was not declared in this scope
[2.035s]   168 |             [01;31m[Kgoal_j1_deg_[m[K = tick_to_deg_1(current_ticks_1);
[2.036s]       |             [01;31m[K^~~~~~~~~~~~[m[K
[2.036s] In file included from [01m[K/opt/ros/humble/include/rclcpp/rclcpp/client.hpp:40[m[K,
[2.036s]                  from [01m[K/opt/ros/humble/include/rclcpp/rclcpp/callback_group.hpp:24[m[K,
[2.036s]                  from [01m[K/opt/ros/humble/include/rclcpp/rclcpp/any_executable.hpp:20[m[K,
[2.036s]                  from [01m[K/opt/ros/humble/include/rclcpp/rclcpp/memory_strategy.hpp:25[m[K,
[2.036s]                  from [01m[K/opt/ros/humble/include/rclcpp/rclcpp/memory_strategies.hpp:18[m[K,
[2.036s]                  from [01m[K/opt/ros/humble/include/rclcpp/rclcpp/executor_options.hpp:20[m[K,
[2.036s]                  from [01m[K/opt/ros/humble/include/rclcpp/rclcpp/executor.hpp:37[m[K,
[2.036s]                  from [01m[K/opt/ros/humble/include/rclcpp/rclcpp/executors/multi_threaded_executor.hpp:25[m[K,
[2.036s]                  from [01m[K/opt/ros/humble/include/rclcpp/rclcpp/executors.hpp:21[m[K,
[2.037s]                  from [01m[K/opt/ros/humble/include/rclcpp/rclcpp/rclcpp.hpp:155[m[K,
[2.037s]                  from [01m[K/home/manuel/ros2_ws/src/pwm_position_node/src/pwm_position_node.cpp:6[m[K:
[2.037s] [01m[K/home/manuel/ros2_ws/src/pwm_position_node/src/pwm_position_node.cpp:170:25:[m[K [01;31m[Kerror: [m[Kâ€˜[01m[Kget_logger[m[Kâ€™ was not declared in this scope; did you mean â€˜[01m[Krclcpp::get_logger[m[Kâ€™?
[2.037s]   170 |             RCLCPP_WARN([01;31m[Kget_logger[m[K(), "Could not get initial position for ID_1. Defaulting J1 goal to 0 deg.");
[2.037s]       |                         [01;31m[K^~~~~~~~~~[m[K
[2.037s] In file included from [01m[K/opt/ros/humble/include/rclcpp/rclcpp/logging.hpp:23[m[K,
[2.037s]                  from [01m[K/opt/ros/humble/include/rclcpp/rclcpp/client.hpp:40[m[K,
[2.037s]                  from [01m[K/opt/ros/humble/include/rclcpp/rclcpp/callback_group.hpp:24[m[K,
[2.037s]                  from [01m[K/opt/ros/humble/include/rclcpp/rclcpp/any_executable.hpp:20[m[K,
[2.037s]                  from [01m[K/opt/ros/humble/include/rclcpp/rclcpp/memory_strategy.hpp:25[m[K,
[2.037s]                  from [01m[K/opt/ros/humble/include/rclcpp/rclcpp/memory_strategies.hpp:18[m[K,
[2.037s]                  from [01m[K/opt/ros/humble/include/rclcpp/rclcpp/executor_options.hpp:20[m[K,
[2.037s]                  from [01m[K/opt/ros/humble/include/rclcpp/rclcpp/executor.hpp:37[m[K,
[2.037s]                  from [01m[K/opt/ros/humble/include/rclcpp/rclcpp/executors/multi_threaded_executor.hpp:25[m[K,
[2.037s]                  from [01m[K/opt/ros/humble/include/rclcpp/rclcpp/executors.hpp:21[m[K,
[2.037s]                  from [01m[K/opt/ros/humble/include/rclcpp/rclcpp/rclcpp.hpp:155[m[K,
[2.037s]                  from [01m[K/home/manuel/ros2_ws/src/pwm_position_node/src/pwm_position_node.cpp:6[m[K:
[2.037s] [01m[K/opt/ros/humble/include/rclcpp/rclcpp/logger.hpp:106:17:[m[K [01;36m[Knote: [m[Kâ€˜[01m[Krclcpp::get_logger[m[Kâ€™ declared here
[2.037s]   106 |   friend Logger [01;36m[Krclcpp[m[K::get_logger(const std::string & name);
[2.037s]       |                 [01;36m[K^~~~~~[m[K
[2.037s] In file included from [01m[K/opt/ros/humble/include/rclcpp/rclcpp/client.hpp:40[m[K,
[2.038s]                  from [01m[K/opt/ros/humble/include/rclcpp/rclcpp/callback_group.hpp:24[m[K,
[2.038s]                  from [01m[K/opt/ros/humble/include/rclcpp/rclcpp/any_executable.hpp:20[m[K,
[2.038s]                  from [01m[K/opt/ros/humble/include/rclcpp/rclcpp/memory_strategy.hpp:25[m[K,
[2.038s]                  from [01m[K/opt/ros/humble/include/rclcpp/rclcpp/memory_strategies.hpp:18[m[K,
[2.038s]                  from [01m[K/opt/ros/humble/include/rclcpp/rclcpp/executor_options.hpp:20[m[K,
[2.038s]                  from [01m[K/opt/ros/humble/include/rclcpp/rclcpp/executor.hpp:37[m[K,
[2.038s]                  from [01m[K/opt/ros/humble/include/rclcpp/rclcpp/executors/multi_threaded_executor.hpp:25[m[K,
[2.038s]                  from [01m[K/opt/ros/humble/include/rclcpp/rclcpp/executors.hpp:21[m[K,
[2.038s]                  from [01m[K/opt/ros/humble/include/rclcpp/rclcpp/rclcpp.hpp:155[m[K,
[2.038s]                  from [01m[K/home/manuel/ros2_ws/src/pwm_position_node/src/pwm_position_node.cpp:6[m[K:
[2.038s] [01m[K/home/manuel/ros2_ws/src/pwm_position_node/src/pwm_position_node.cpp:170:13:[m[K [01;31m[Kerror: [m[Ktemplate argument 1 is invalid
[2.038s]   170 |             [01;31m[KRCLCPP_WARN[m[K(get_logger(), "Could not get initial position for ID_1. Defaulting J1 goal to 0 deg.");
[2.038s]       |             [01;31m[K^~~~~~~~~~~[m[K
[2.038s] [01m[K/home/manuel/ros2_ws/src/pwm_position_node/src/pwm_position_node.cpp:170:13:[m[K [01;31m[Kerror: [m[Ktemplate argument 1 is invalid
[2.038s]   170 |             [01;31m[KRCLCPP_WARN[m[K(get_logger(), "Could not get initial position for ID_1. Defaulting J1 goal to 0 deg.");
[2.038s]       |             [01;31m[K^~~~~~~~~~~[m[K
[2.038s] [01m[K/home/manuel/ros2_ws/src/pwm_position_node/src/pwm_position_node.cpp:170:13:[m[K [01;31m[Kerror: [m[Ktemplate argument 1 is invalid
[2.038s]   170 |             [01;31m[KRCLCPP_WARN[m[K(get_logger(), "Could not get initial position for ID_1. Defaulting J1 goal to 0 deg.");
[2.038s]       |             [01;31m[K^~~~~~~~~~~[m[K
[2.040s] [01m[K/home/manuel/ros2_ws/src/pwm_position_node/src/pwm_position_node.cpp:171:13:[m[K [01;31m[Kerror: [m[Kâ€˜[01m[Kgoal_j1_deg_[m[Kâ€™ was not declared in this scope
[2.040s]   171 |             [01;31m[Kgoal_j1_deg_[m[K = 0.0;
[2.040s]       |             [01;31m[K^~~~~~~~~~~~[m[K
[2.044s] [01m[K/home/manuel/ros2_ws/src/pwm_position_node/src/pwm_position_node.cpp:175:13:[m[K [01;31m[Kerror: [m[Kâ€˜[01m[Kgoal_j2_deg_[m[Kâ€™ was not declared in this scope
[2.044s]   175 |             [01;31m[Kgoal_j2_deg_[m[K = tick_to_deg_2(current_ticks_2);
[2.044s]       |             [01;31m[K^~~~~~~~~~~~[m[K
[2.044s] In file included from [01m[K/opt/ros/humble/include/rclcpp/rclcpp/client.hpp:40[m[K,
[2.044s]                  from [01m[K/opt/ros/humble/include/rclcpp/rclcpp/callback_group.hpp:24[m[K,
[2.044s]                  from [01m[K/opt/ros/humble/include/rclcpp/rclcpp/any_executable.hpp:20[m[K,
[2.044s]                  from [01m[K/opt/ros/humble/include/rclcpp/rclcpp/memory_strategy.hpp:25[m[K,
[2.044s]                  from [01m[K/opt/ros/humble/include/rclcpp/rclcpp/memory_strategies.hpp:18[m[K,
[2.044s]                  from [01m[K/opt/ros/humble/include/rclcpp/rclcpp/executor_options.hpp:20[m[K,
[2.044s]                  from [01m[K/opt/ros/humble/include/rclcpp/rclcpp/executor.hpp:37[m[K,
[2.045s]                  from [01m[K/opt/ros/humble/include/rclcpp/rclcpp/executors/multi_threaded_executor.hpp:25[m[K,
[2.045s]                  from [01m[K/opt/ros/humble/include/rclcpp/rclcpp/executors.hpp:21[m[K,
[2.045s]                  from [01m[K/opt/ros/humble/include/rclcpp/rclcpp/rclcpp.hpp:155[m[K,
[2.045s]                  from [01m[K/home/manuel/ros2_ws/src/pwm_position_node/src/pwm_position_node.cpp:6[m[K:
[2.045s] [01m[K/home/manuel/ros2_ws/src/pwm_position_node/src/pwm_position_node.cpp:177:25:[m[K [01;31m[Kerror: [m[Kâ€˜[01m[Kget_logger[m[Kâ€™ was not declared in this scope; did you mean â€˜[01m[Krclcpp::get_logger[m[Kâ€™?
[2.045s]   177 |             RCLCPP_WARN([01;31m[Kget_logger[m[K(), "Could not get initial position for ID_2. Defaulting J2 goal to 0 deg.");
[2.045s]       |                         [01;31m[K^~~~~~~~~~[m[K
[2.045s] In file included from [01m[K/opt/ros/humble/include/rclcpp/rclcpp/logging.hpp:23[m[K,
[2.045s]                  from [01m[K/opt/ros/humble/include/rclcpp/rclcpp/client.hpp:40[m[K,
[2.045s]                  from [01m[K/opt/ros/humble/include/rclcpp/rclcpp/callback_group.hpp:24[m[K,
[2.045s]                  from [01m[K/opt/ros/humble/include/rclcpp/rclcpp/any_executable.hpp:20[m[K,
[2.045s]                  from [01m[K/opt/ros/humble/include/rclcpp/rclcpp/memory_strategy.hpp:25[m[K,
[2.045s]                  from [01m[K/opt/ros/humble/include/rclcpp/rclcpp/memory_strategies.hpp:18[m[K,
[2.045s]                  from [01m[K/opt/ros/humble/include/rclcpp/rclcpp/executor_options.hpp:20[m[K,
[2.045s]                  from [01m[K/opt/ros/humble/include/rclcpp/rclcpp/executor.hpp:37[m[K,
[2.045s]                  from [01m[K/opt/ros/humble/include/rclcpp/rclcpp/executors/multi_threaded_executor.hpp:25[m[K,
[2.045s]                  from [01m[K/opt/ros/humble/include/rclcpp/rclcpp/executors.hpp:21[m[K,
[2.045s]                  from [01m[K/opt/ros/humble/include/rclcpp/rclcpp/rclcpp.hpp:155[m[K,
[2.045s]                  from [01m[K/home/manuel/ros2_ws/src/pwm_position_node/src/pwm_position_node.cpp:6[m[K:
[2.045s] [01m[K/opt/ros/humble/include/rclcpp/rclcpp/logger.hpp:106:17:[m[K [01;36m[Knote: [m[Kâ€˜[01m[Krclcpp::get_logger[m[Kâ€™ declared here
[2.045s]   106 |   friend Logger [01;36m[Krclcpp[m[K::get_logger(const std::string & name);
[2.045s]       |                 [01;36m[K^~~~~~[m[K
[2.046s] In file included from [01m[K/opt/ros/humble/include/rclcpp/rclcpp/client.hpp:40[m[K,
[2.046s]                  from [01m[K/opt/ros/humble/include/rclcpp/rclcpp/callback_group.hpp:24[m[K,
[2.046s]                  from [01m[K/opt/ros/humble/include/rclcpp/rclcpp/any_executable.hpp:20[m[K,
[2.046s]                  from [01m[K/opt/ros/humble/include/rclcpp/rclcpp/memory_strategy.hpp:25[m[K,
[2.046s]                  from [01m[K/opt/ros/humble/include/rclcpp/rclcpp/memory_strategies.hpp:18[m[K,
[2.046s]                  from [01m[K/opt/ros/humble/include/rclcpp/rclcpp/executor_options.hpp:20[m[K,
[2.046s]                  from [01m[K/opt/ros/humble/include/rclcpp/rclcpp/executor.hpp:37[m[K,
[2.046s]                  from [01m[K/opt/ros/humble/include/rclcpp/rclcpp/executors/multi_threaded_executor.hpp:25[m[K,
[2.046s]                  from [01m[K/opt/ros/humble/include/rclcpp/rclcpp/executors.hpp:21[m[K,
[2.046s]                  from [01m[K/opt/ros/humble/include/rclcpp/rclcpp/rclcpp.hpp:155[m[K,
[2.046s]                  from [01m[K/home/manuel/ros2_ws/src/pwm_position_node/src/pwm_position_node.cpp:6[m[K:
[2.046s] [01m[K/home/manuel/ros2_ws/src/pwm_position_node/src/pwm_position_node.cpp:177:13:[m[K [01;31m[Kerror: [m[Ktemplate argument 1 is invalid
[2.046s]   177 |             [01;31m[KRCLCPP_WARN[m[K(get_logger(), "Could not get initial position for ID_2. Defaulting J2 goal to 0 deg.");
[2.046s]       |             [01;31m[K^~~~~~~~~~~[m[K
[2.046s] [01m[K/home/manuel/ros2_ws/src/pwm_position_node/src/pwm_position_node.cpp:177:13:[m[K [01;31m[Kerror: [m[Ktemplate argument 1 is invalid
[2.046s]   177 |             [01;31m[KRCLCPP_WARN[m[K(get_logger(), "Could not get initial position for ID_2. Defaulting J2 goal to 0 deg.");
[2.046s]       |             [01;31m[K^~~~~~~~~~~[m[K
[2.047s] [01m[K/home/manuel/ros2_ws/src/pwm_position_node/src/pwm_position_node.cpp:177:13:[m[K [01;31m[Kerror: [m[Ktemplate argument 1 is invalid
[2.047s]   177 |             [01;31m[KRCLCPP_WARN[m[K(get_logger(), "Could not get initial position for ID_2. Defaulting J2 goal to 0 deg.");
[2.047s]       |             [01;31m[K^~~~~~~~~~~[m[K
[2.048s] [01m[K/home/manuel/ros2_ws/src/pwm_position_node/src/pwm_position_node.cpp:178:13:[m[K [01;31m[Kerror: [m[Kâ€˜[01m[Kgoal_j2_deg_[m[Kâ€™ was not declared in this scope
[2.048s]   178 |             [01;31m[Kgoal_j2_deg_[m[K = 0.0;
[2.048s]       |             [01;31m[K^~~~~~~~~~~~[m[K
[2.052s] [01m[K/home/manuel/ros2_ws/src/pwm_position_node/src/pwm_position_node.cpp:181:5:[m[K [01;31m[Kerror: [m[Kâ€˜[01m[Kcurrent_j1_deg_[m[Kâ€™ was not declared in this scope
[2.052s]   181 |     [01;31m[Kcurrent_j1_deg_[m[K = goal_j1_deg_;
[2.052s]       |     [01;31m[K^~~~~~~~~~~~~~~[m[K
[2.056s] [01m[K/home/manuel/ros2_ws/src/pwm_position_node/src/pwm_position_node.cpp:181:23:[m[K [01;31m[Kerror: [m[Kâ€˜[01m[Kgoal_j1_deg_[m[Kâ€™ was not declared in this scope
[2.056s]   181 |     current_j1_deg_ = [01;31m[Kgoal_j1_deg_[m[K;
[2.056s]       |                       [01;31m[K^~~~~~~~~~~~[m[K
[2.060s] [01m[K/home/manuel/ros2_ws/src/pwm_position_node/src/pwm_position_node.cpp:182:5:[m[K [01;31m[Kerror: [m[Kâ€˜[01m[Kcurrent_j2_deg_[m[Kâ€™ was not declared in this scope
[2.060s]   182 |     [01;31m[Kcurrent_j2_deg_[m[K = goal_j2_deg_;
[2.060s]       |     [01;31m[K^~~~~~~~~~~~~~~[m[K
[2.064s] [01m[K/home/manuel/ros2_ws/src/pwm_position_node/src/pwm_position_node.cpp:182:23:[m[K [01;31m[Kerror: [m[Kâ€˜[01m[Kgoal_j2_deg_[m[Kâ€™ was not declared in this scope
[2.064s]   182 |     current_j2_deg_ = [01;31m[Kgoal_j2_deg_[m[K;
[2.064s]       |                       [01;31m[K^~~~~~~~~~~~[m[K
[2.069s] [01m[K/home/manuel/ros2_ws/src/pwm_position_node/src/pwm_position_node.cpp:183:5:[m[K [01;31m[Kerror: [m[Kâ€˜[01m[Kprev_error_j1_[m[Kâ€™ was not declared in this scope
[2.069s]   183 |     [01;31m[Kprev_error_j1_[m[K = 0.0;
[2.069s]       |     [01;31m[K^~~~~~~~~~~~~~[m[K
[2.073s] [01m[K/home/manuel/ros2_ws/src/pwm_position_node/src/pwm_position_node.cpp:184:5:[m[K [01;31m[Kerror: [m[Kâ€˜[01m[Kprev_error_j2_[m[Kâ€™ was not declared in this scope
[2.073s]   184 |     [01;31m[Kprev_error_j2_[m[K = 0.0;
[2.073s]       |     [01;31m[K^~~~~~~~~~~~~~[m[K
[2.076s] [01m[K/home/manuel/ros2_ws/src/pwm_position_node/src/pwm_position_node.cpp:185:5:[m[K [01;31m[Kerror: [m[Kâ€˜[01m[Kintegral_j1_[m[Kâ€™ was not declared in this scope
[2.076s]   185 |     [01;31m[Kintegral_j1_[m[K = 0.0;
[2.076s]       |     [01;31m[K^~~~~~~~~~~~[m[K
[2.080s] [01m[K/home/manuel/ros2_ws/src/pwm_position_node/src/pwm_position_node.cpp:186:5:[m[K [01;31m[Kerror: [m[Kâ€˜[01m[Kintegral_j2_[m[Kâ€™ was not declared in this scope
[2.080s]   186 |     [01;31m[Kintegral_j2_[m[K = 0.0;
[2.080s]       |     [01;31m[K^~~~~~~~~~~~[m[K
[2.083s] [01m[K/home/manuel/ros2_ws/src/pwm_position_node/src/pwm_position_node.cpp:187:5:[m[K [01;31m[Kerror: [m[Kâ€˜[01m[Ktarget_x_[m[Kâ€™ was not declared in this scope
[2.083s]   187 |     [01;31m[Ktarget_x_[m[K = BASE_X + L1 * std::cos(-goal_j1_deg_ * M_PI / 180.0) + L2 * std::cos(-goal_j1_deg_ * M_PI / 180.0 + goal_j2_deg_ * M_PI / 180.0);
[2.083s]       |     [01;31m[K^~~~~~~~~[m[K
[2.085s] [01m[K/home/manuel/ros2_ws/src/pwm_position_node/src/pwm_position_node.cpp:188:5:[m[K [01;31m[Kerror: [m[Kâ€˜[01m[Ktarget_y_[m[Kâ€™ was not declared in this scope
[2.085s]   188 |     [01;31m[Ktarget_y_[m[K = BASE_Y + L1 * std::sin(-goal_j1_deg_ * M_PI / 180.0) + L2 * std::sin(-goal_j1_deg_ * M_PI / 180.0 + goal_j2_deg_ * M_PI / 180.0);
[2.086s]       |     [01;31m[K^~~~~~~~~[m[K
[2.086s] In file included from [01m[K/opt/ros/humble/include/rclcpp/rclcpp/client.hpp:40[m[K,
[2.086s]                  from [01m[K/opt/ros/humble/include/rclcpp/rclcpp/callback_group.hpp:24[m[K,
[2.086s]                  from [01m[K/opt/ros/humble/include/rclcpp/rclcpp/any_executable.hpp:20[m[K,
[2.086s]                  from [01m[K/opt/ros/humble/include/rclcpp/rclcpp/memory_strategy.hpp:25[m[K,
[2.086s]                  from [01m[K/opt/ros/humble/include/rclcpp/rclcpp/memory_strategies.hpp:18[m[K,
[2.086s]                  from [01m[K/opt/ros/humble/include/rclcpp/rclcpp/executor_options.hpp:20[m[K,
[2.086s]                  from [01m[K/opt/ros/humble/include/rclcpp/rclcpp/executor.hpp:37[m[K,
[2.086s]                  from [01m[K/opt/ros/humble/include/rclcpp/rclcpp/executors/multi_threaded_executor.hpp:25[m[K,
[2.086s]                  from [01m[K/opt/ros/humble/include/rclcpp/rclcpp/executors.hpp:21[m[K,
[2.086s]                  from [01m[K/opt/ros/humble/include/rclcpp/rclcpp/rclcpp.hpp:155[m[K,
[2.086s]                  from [01m[K/home/manuel/ros2_ws/src/pwm_position_node/src/pwm_position_node.cpp:6[m[K:
[2.086s] [01m[K/home/manuel/ros2_ws/src/pwm_position_node/src/pwm_position_node.cpp:190:17:[m[K [01;31m[Kerror: [m[Kâ€˜[01m[Kget_logger[m[Kâ€™ was not declared in this scope; did you mean â€˜[01m[Krclcpp::get_logger[m[Kâ€™?
[2.086s]   190 |     RCLCPP_INFO([01;31m[Kget_logger[m[K(), "Initialized goals to current positions: J1=%.2f deg, J2=%.2f deg. Corresponding XY approx: (%.2f, %.2f)",
[2.086s]       |                 [01;31m[K^~~~~~~~~~[m[K
[2.086s] In file included from [01m[K/opt/ros/humble/include/rclcpp/rclcpp/logging.hpp:23[m[K,
[2.086s]                  from [01m[K/opt/ros/humble/include/rclcpp/rclcpp/client.hpp:40[m[K,
[2.086s]                  from [01m[K/opt/ros/humble/include/rclcpp/rclcpp/callback_group.hpp:24[m[K,
[2.086s]                  from [01m[K/opt/ros/humble/include/rclcpp/rclcpp/any_executable.hpp:20[m[K,
[2.087s]                  from [01m[K/opt/ros/humble/include/rclcpp/rclcpp/memory_strategy.hpp:25[m[K,
[2.087s]                  from [01m[K/opt/ros/humble/include/rclcpp/rclcpp/memory_strategies.hpp:18[m[K,
[2.087s]                  from [01m[K/opt/ros/humble/include/rclcpp/rclcpp/executor_options.hpp:20[m[K,
[2.087s]                  from [01m[K/opt/ros/humble/include/rclcpp/rclcpp/executor.hpp:37[m[K,
[2.087s]                  from [01m[K/opt/ros/humble/include/rclcpp/rclcpp/executors/multi_threaded_executor.hpp:25[m[K,
[2.087s]                  from [01m[K/opt/ros/humble/include/rclcpp/rclcpp/executors.hpp:21[m[K,
[2.087s]                  from [01m[K/opt/ros/humble/include/rclcpp/rclcpp/rclcpp.hpp:155[m[K,
[2.087s]                  from [01m[K/home/manuel/ros2_ws/src/pwm_position_node/src/pwm_position_node.cpp:6[m[K:
[2.087s] [01m[K/opt/ros/humble/include/rclcpp/rclcpp/logger.hpp:106:17:[m[K [01;36m[Knote: [m[Kâ€˜[01m[Krclcpp::get_logger[m[Kâ€™ declared here
[2.087s]   106 |   friend Logger [01;36m[Krclcpp[m[K::get_logger(const std::string & name);
[2.087s]       |                 [01;36m[K^~~~~~[m[K
[2.087s] In file included from [01m[K/opt/ros/humble/include/rclcpp/rclcpp/client.hpp:40[m[K,
[2.087s]                  from [01m[K/opt/ros/humble/include/rclcpp/rclcpp/callback_group.hpp:24[m[K,
[2.087s]                  from [01m[K/opt/ros/humble/include/rclcpp/rclcpp/any_executable.hpp:20[m[K,
[2.087s]                  from [01m[K/opt/ros/humble/include/rclcpp/rclcpp/memory_strategy.hpp:25[m[K,
[2.087s]                  from [01m[K/opt/ros/humble/include/rclcpp/rclcpp/memory_strategies.hpp:18[m[K,
[2.087s]                  from [01m[K/opt/ros/humble/include/rclcpp/rclcpp/executor_options.hpp:20[m[K,
[2.087s]                  from [01m[K/opt/ros/humble/include/rclcpp/rclcpp/executor.hpp:37[m[K,
[2.087s]                  from [01m[K/opt/ros/humble/include/rclcpp/rclcpp/executors/multi_threaded_executor.hpp:25[m[K,
[2.087s]                  from [01m[K/opt/ros/humble/include/rclcpp/rclcpp/executors.hpp:21[m[K,
[2.087s]                  from [01m[K/opt/ros/humble/include/rclcpp/rclcpp/rclcpp.hpp:155[m[K,
[2.087s]                  from [01m[K/home/manuel/ros2_ws/src/pwm_position_node/src/pwm_position_node.cpp:6[m[K:
[2.088s] [01m[K/home/manuel/ros2_ws/src/pwm_position_node/src/pwm_position_node.cpp:190:5:[m[K [01;31m[Kerror: [m[Ktemplate argument 1 is invalid
[2.088s]   190 |     [01;31m[KRCLCPP_INFO[m[K(get_logger(), "Initialized goals to current positions: J1=%.2f deg, J2=%.2f deg. Corresponding XY approx: (%.2f, %.2f)",
[2.088s]       |     [01;31m[K^~~~~~~~~~~[m[K
[2.088s] [01m[K/home/manuel/ros2_ws/src/pwm_position_node/src/pwm_position_node.cpp:190:5:[m[K [01;31m[Kerror: [m[Ktemplate argument 1 is invalid
[2.088s]   190 |     [01;31m[KRCLCPP_INFO[m[K(get_logger(), "Initialized goals to current positions: J1=%.2f deg, J2=%.2f deg. Corresponding XY approx: (%.2f, %.2f)",
[2.088s]       |     [01;31m[K^~~~~~~~~~~[m[K
[2.088s] [01m[K/home/manuel/ros2_ws/src/pwm_position_node/src/pwm_position_node.cpp:190:5:[m[K [01;31m[Kerror: [m[Ktemplate argument 1 is invalid
[2.088s]   190 |     [01;31m[KRCLCPP_INFO[m[K(get_logger(), "Initialized goals to current positions: J1=%.2f deg, J2=%.2f deg. Corresponding XY approx: (%.2f, %.2f)",
[2.088s]       |     [01;31m[K^~~~~~~~~~~[m[K
[2.088s] [01m[K/home/manuel/ros2_ws/src/pwm_position_node/src/pwm_position_node.cpp:[m[K In function â€˜[01m[Kvoid set_xy_callback(inverse_kinematics_node::msg::SetXY_<std::allocator<void> >::SharedPtr)[m[Kâ€™:
[2.088s] [01m[K/home/manuel/ros2_ws/src/pwm_position_node/src/pwm_position_node.cpp:195:17:[m[K [01;31m[Kerror: [m[Kâ€˜[01m[Kget_logger[m[Kâ€™ was not declared in this scope; did you mean â€˜[01m[Krclcpp::get_logger[m[Kâ€™?
[2.088s]   195 |     RCLCPP_INFO([01;31m[Kget_logger[m[K(), "Received new target XY: (%.2f, %.2f)", msg->x, msg->y);
[2.088s]       |                 [01;31m[K^~~~~~~~~~[m[K
[2.088s] In file included from [01m[K/opt/ros/humble/include/rclcpp/rclcpp/logging.hpp:23[m[K,
[2.088s]                  from [01m[K/opt/ros/humble/include/rclcpp/rclcpp/client.hpp:40[m[K,
[2.089s]                  from [01m[K/opt/ros/humble/include/rclcpp/rclcpp/callback_group.hpp:24[m[K,
[2.089s]                  from [01m[K/opt/ros/humble/include/rclcpp/rclcpp/any_executable.hpp:20[m[K,
[2.089s]                  from [01m[K/opt/ros/humble/include/rclcpp/rclcpp/memory_strategy.hpp:25[m[K,
[2.089s]                  from [01m[K/opt/ros/humble/include/rclcpp/rclcpp/memory_strategies.hpp:18[m[K,
[2.089s]                  from [01m[K/opt/ros/humble/include/rclcpp/rclcpp/executor_options.hpp:20[m[K,
[2.089s]                  from [01m[K/opt/ros/humble/include/rclcpp/rclcpp/executor.hpp:37[m[K,
[2.089s]                  from [01m[K/opt/ros/humble/include/rclcpp/rclcpp/executors/multi_threaded_executor.hpp:25[m[K,
[2.089s]                  from [01m[K/opt/ros/humble/include/rclcpp/rclcpp/executors.hpp:21[m[K,
[2.089s]                  from [01m[K/opt/ros/humble/include/rclcpp/rclcpp/rclcpp.hpp:155[m[K,
[2.089s]                  from [01m[K/home/manuel/ros2_ws/src/pwm_position_node/src/pwm_position_node.cpp:6[m[K:
[2.089s] [01m[K/opt/ros/humble/include/rclcpp/rclcpp/logger.hpp:106:17:[m[K [01;36m[Knote: [m[Kâ€˜[01m[Krclcpp::get_logger[m[Kâ€™ declared here
[2.089s]   106 |   friend Logger [01;36m[Krclcpp[m[K::get_logger(const std::string & name);
[2.089s]       |                 [01;36m[K^~~~~~[m[K
[2.089s] In file included from [01m[K/opt/ros/humble/include/rclcpp/rclcpp/client.hpp:40[m[K,
[2.089s]                  from [01m[K/opt/ros/humble/include/rclcpp/rclcpp/callback_group.hpp:24[m[K,
[2.089s]                  from [01m[K/opt/ros/humble/include/rclcpp/rclcpp/any_executable.hpp:20[m[K,
[2.089s]                  from [01m[K/opt/ros/humble/include/rclcpp/rclcpp/memory_strategy.hpp:25[m[K,
[2.089s]                  from [01m[K/opt/ros/humble/include/rclcpp/rclcpp/memory_strategies.hpp:18[m[K,
[2.090s]                  from [01m[K/opt/ros/humble/include/rclcpp/rclcpp/executor_options.hpp:20[m[K,
[2.090s]                  from [01m[K/opt/ros/humble/include/rclcpp/rclcpp/executor.hpp:37[m[K,
[2.090s]                  from [01m[K/opt/ros/humble/include/rclcpp/rclcpp/executors/multi_threaded_executor.hpp:25[m[K,
[2.090s]                  from [01m[K/opt/ros/humble/include/rclcpp/rclcpp/executors.hpp:21[m[K,
[2.090s]                  from [01m[K/opt/ros/humble/include/rclcpp/rclcpp/rclcpp.hpp:155[m[K,
[2.090s]                  from [01m[K/home/manuel/ros2_ws/src/pwm_position_node/src/pwm_position_node.cpp:6[m[K:
[2.090s] [01m[K/home/manuel/ros2_ws/src/pwm_position_node/src/pwm_position_node.cpp:195:5:[m[K [01;31m[Kerror: [m[Ktemplate argument 1 is invalid
[2.090s]   195 |     [01;31m[KRCLCPP_INFO[m[K(get_logger(), "Received new target XY: (%.2f, %.2f)", msg->x, msg->y);
[2.090s]       |     [01;31m[K^~~~~~~~~~~[m[K
[2.090s] [01m[K/home/manuel/ros2_ws/src/pwm_position_node/src/pwm_position_node.cpp:195:5:[m[K [01;31m[Kerror: [m[Ktemplate argument 1 is invalid
[2.090s]   195 |     [01;31m[KRCLCPP_INFO[m[K(get_logger(), "Received new target XY: (%.2f, %.2f)", msg->x, msg->y);
[2.090s]       |     [01;31m[K^~~~~~~~~~~[m[K
[2.090s] [01m[K/home/manuel/ros2_ws/src/pwm_position_node/src/pwm_position_node.cpp:195:5:[m[K [01;31m[Kerror: [m[Ktemplate argument 1 is invalid
[2.090s]   195 |     [01;31m[KRCLCPP_INFO[m[K(get_logger(), "Received new target XY: (%.2f, %.2f)", msg->x, msg->y);
[2.090s]       |     [01;31m[K^~~~~~~~~~~[m[K
[2.092s] [01m[K/home/manuel/ros2_ws/src/pwm_position_node/src/pwm_position_node.cpp:197:42:[m[K [01;31m[Kerror: [m[Kâ€˜[01m[Ktarget_mutex_[m[Kâ€™ was not declared in this scope
[2.092s]   197 |         std::lock_guard<std::mutex> lock([01;31m[Ktarget_mutex_[m[K);
[2.092s]       |                                          [01;31m[K^~~~~~~~~~~~~[m[K
[2.095s] [01m[K/home/manuel/ros2_ws/src/pwm_position_node/src/pwm_position_node.cpp:198:9:[m[K [01;31m[Kerror: [m[Kâ€˜[01m[Ktarget_x_[m[Kâ€™ was not declared in this scope
[2.095s]   198 |         [01;31m[Ktarget_x_[m[K = msg->x;
[2.095s]       |         [01;31m[K^~~~~~~~~[m[K
[2.098s] [01m[K/home/manuel/ros2_ws/src/pwm_position_node/src/pwm_position_node.cpp:199:9:[m[K [01;31m[Kerror: [m[Kâ€˜[01m[Ktarget_y_[m[Kâ€™ was not declared in this scope
[2.098s]   199 |         [01;31m[Ktarget_y_[m[K = msg->y;
[2.098s]       |         [01;31m[K^~~~~~~~~[m[K
[2.104s] [01m[K/home/manuel/ros2_ws/src/pwm_position_node/src/pwm_position_node.cpp:200:9:[m[K [01;31m[Kerror: [m[Kâ€˜[01m[Knew_goal_is_pending_[m[Kâ€™ was not declared in this scope
[2.104s]   200 |         [01;31m[Knew_goal_is_pending_[m[K = true;
[2.104s]       |         [01;31m[K^~~~~~~~~~~~~~~~~~~~[m[K
[2.106s] [01m[K/home/manuel/ros2_ws/src/pwm_position_node/src/pwm_position_node.cpp:[m[K In function â€˜[01m[Kvoid control_loop(double)[m[Kâ€™:
[2.106s] [01m[K/home/manuel/ros2_ws/src/pwm_position_node/src/pwm_position_node.cpp:206:46:[m[K [01;31m[Kerror: [m[Kâ€˜[01m[Kport_[m[Kâ€™ was not declared in this scope
[2.106s]   206 |     dynamixel::GroupSyncRead group_sync_read([01;31m[Kport_[m[K, packet_, ADDR_PRESENT_POSITION, 4);
[2.106s]       |                                              [01;31m[K^~~~~[m[K
[2.108s] [01m[K/home/manuel/ros2_ws/src/pwm_position_node/src/pwm_position_node.cpp:206:53:[m[K [01;31m[Kerror: [m[Kâ€˜[01m[Kpacket_[m[Kâ€™ was not declared in this scope
[2.109s]   206 |     dynamixel::GroupSyncRead group_sync_read(port_, [01;31m[Kpacket_[m[K, ADDR_PRESENT_POSITION, 4);
[2.109s]       |                                                     [01;31m[K^~~~~~~[m[K
[2.112s] [01m[K/home/manuel/ros2_ws/src/pwm_position_node/src/pwm_position_node.cpp:212:42:[m[K [01;31m[Kerror: [m[Kâ€˜[01m[Kcomms_mutex_[m[Kâ€™ was not declared in this scope
[2.112s]   212 |         std::lock_guard<std::mutex> lock([01;31m[Kcomms_mutex_[m[K);
[2.112s]       |                                          [01;31m[K^~~~~~~~~~~~[m[K
[2.113s] In file included from [01m[K/opt/ros/humble/include/rclcpp/rclcpp/client.hpp:40[m[K,
[2.113s]                  from [01m[K/opt/ros/humble/include/rclcpp/rclcpp/callback_group.hpp:24[m[K,
[2.113s]                  from [01m[K/opt/ros/humble/include/rclcpp/rclcpp/any_executable.hpp:20[m[K,
[2.113s]                  from [01m[K/opt/ros/humble/include/rclcpp/rclcpp/memory_strategy.hpp:25[m[K,
[2.113s]                  from [01m[K/opt/ros/humble/include/rclcpp/rclcpp/memory_strategies.hpp:18[m[K,
[2.113s]                  from [01m[K/opt/ros/humble/include/rclcpp/rclcpp/executor_options.hpp:20[m[K,
[2.113s]                  from [01m[K/opt/ros/humble/include/rclcpp/rclcpp/executor.hpp:37[m[K,
[2.113s]                  from [01m[K/opt/ros/humble/include/rclcpp/rclcpp/executors/multi_threaded_executor.hpp:25[m[K,
[2.113s]                  from [01m[K/opt/ros/humble/include/rclcpp/rclcpp/executors.hpp:21[m[K,
[2.113s]                  from [01m[K/opt/ros/humble/include/rclcpp/rclcpp/rclcpp.hpp:155[m[K,
[2.113s]                  from [01m[K/home/manuel/ros2_ws/src/pwm_position_node/src/pwm_position_node.cpp:6[m[K:
[2.113s] [01m[K/home/manuel/ros2_ws/src/pwm_position_node/src/pwm_position_node.cpp:217:31:[m[K [01;31m[Kerror: [m[Kâ€˜[01m[Kget_logger[m[Kâ€™ was not declared in this scope; did you mean â€˜[01m[Krclcpp::get_logger[m[Kâ€™?
[2.113s]   217 |         RCLCPP_ERROR_THROTTLE([01;31m[Kget_logger[m[K(), *get_clock(), 2000, "SyncRead for Present Position failed: %s", packet_->getTxRxResult(dxl_comm_result));
[2.113s]       |                               [01;31m[K^~~~~~~~~~[m[K
[2.113s] In file included from [01m[K/opt/ros/humble/include/rclcpp/rclcpp/logging.hpp:23[m[K,
[2.113s]                  from [01m[K/opt/ros/humble/include/rclcpp/rclcpp/client.hpp:40[m[K,
[2.114s]                  from [01m[K/opt/ros/humble/include/rclcpp/rclcpp/callback_group.hpp:24[m[K,
[2.114s]                  from [01m[K/opt/ros/humble/include/rclcpp/rclcpp/any_executable.hpp:20[m[K,
[2.114s]                  from [01m[K/opt/ros/humble/include/rclcpp/rclcpp/memory_strategy.hpp:25[m[K,
[2.114s]                  from [01m[K/opt/ros/humble/include/rclcpp/rclcpp/memory_strategies.hpp:18[m[K,
[2.114s]                  from [01m[K/opt/ros/humble/include/rclcpp/rclcpp/executor_options.hpp:20[m[K,
[2.114s]                  from [01m[K/opt/ros/humble/include/rclcpp/rclcpp/executor.hpp:37[m[K,
[2.114s]                  from [01m[K/opt/ros/humble/include/rclcpp/rclcpp/executors/multi_threaded_executor.hpp:25[m[K,
[2.114s]                  from [01m[K/opt/ros/humble/include/rclcpp/rclcpp/executors.hpp:21[m[K,
[2.114s]                  from [01m[K/opt/ros/humble/include/rclcpp/rclcpp/rclcpp.hpp:155[m[K,
[2.114s]                  from [01m[K/home/manuel/ros2_ws/src/pwm_position_node/src/pwm_position_node.cpp:6[m[K:
[2.114s] [01m[K/opt/ros/humble/include/rclcpp/rclcpp/logger.hpp:106:17:[m[K [01;36m[Knote: [m[Kâ€˜[01m[Krclcpp::get_logger[m[Kâ€™ declared here
[2.114s]   106 |   friend Logger [01;36m[Krclcpp[m[K::get_logger(const std::string & name);
[2.114s]       |                 [01;36m[K^~~~~~[m[K
[2.114s] In file included from [01m[K/opt/ros/humble/include/rclcpp/rclcpp/client.hpp:40[m[K,
[2.114s]                  from [01m[K/opt/ros/humble/include/rclcpp/rclcpp/callback_group.hpp:24[m[K,
[2.114s]                  from [01m[K/opt/ros/humble/include/rclcpp/rclcpp/any_executable.hpp:20[m[K,
[2.114s]                  from [01m[K/opt/ros/humble/include/rclcpp/rclcpp/memory_strategy.hpp:25[m[K,
[2.114s]                  from [01m[K/opt/ros/humble/include/rclcpp/rclcpp/memory_strategies.hpp:18[m[K,
[2.114s]                  from [01m[K/opt/ros/humble/include/rclcpp/rclcpp/executor_options.hpp:20[m[K,
[2.115s]                  from [01m[K/opt/ros/humble/include/rclcpp/rclcpp/executor.hpp:37[m[K,
[2.115s]                  from [01m[K/opt/ros/humble/include/rclcpp/rclcpp/executors/multi_threaded_executor.hpp:25[m[K,
[2.115s]                  from [01m[K/opt/ros/humble/include/rclcpp/rclcpp/executors.hpp:21[m[K,
[2.115s]                  from [01m[K/opt/ros/humble/include/rclcpp/rclcpp/rclcpp.hpp:155[m[K,
[2.115s]                  from [01m[K/home/manuel/ros2_ws/src/pwm_position_node/src/pwm_position_node.cpp:6[m[K:
[2.115s] [01m[K/home/manuel/ros2_ws/src/pwm_position_node/src/pwm_position_node.cpp:217:9:[m[K [01;31m[Kerror: [m[Ktemplate argument 1 is invalid
[2.115s]   217 |         [01;31m[KRCLCPP_ERROR_THROTTLE[m[K(get_logger(), *get_clock(), 2000, "SyncRead for Present Position failed: %s", packet_->getTxRxResult(dxl_comm_result));
[2.115s]       |         [01;31m[K^~~~~~~~~~~~~~~~~~~~~[m[K
[2.115s] [01m[K/home/manuel/ros2_ws/src/pwm_position_node/src/pwm_position_node.cpp:217:9:[m[K [01;31m[Kerror: [m[Ktemplate argument 1 is invalid
[2.115s]   217 |         [01;31m[KRCLCPP_ERROR_THROTTLE[m[K(get_logger(), *get_clock(), 2000, "SyncRead for Present Position failed: %s", packet_->getTxRxResult(dxl_comm_result));
[2.115s]       |         [01;31m[K^~~~~~~~~~~~~~~~~~~~~[m[K
[2.115s] [01m[K/home/manuel/ros2_ws/src/pwm_position_node/src/pwm_position_node.cpp:217:9:[m[K [01;31m[Kerror: [m[Ktemplate argument 1 is invalid
[2.115s]   217 |         [01;31m[KRCLCPP_ERROR_THROTTLE[m[K(get_logger(), *get_clock(), 2000, "SyncRead for Present Position failed: %s", packet_->getTxRxResult(dxl_comm_result));
[2.115s]       |         [01;31m[K^~~~~~~~~~~~~~~~~~~~~[m[K
[2.115s] [01m[K/home/manuel/ros2_ws/src/pwm_position_node/src/pwm_position_node.cpp:217:46:[m[K [01;31m[Kerror: [m[Kâ€˜[01m[Kget_clock[m[Kâ€™ was not declared in this scope
[2.115s]   217 |         RCLCPP_ERROR_THROTTLE(get_logger(), *[01;31m[Kget_clock[m[K(), 2000, "SyncRead for Present Position failed: %s", packet_->getTxRxResult(dxl_comm_result));
[2.115s]       |                                              [01;31m[K^~~~~~~~~[m[K
[2.118s] [01m[K/home/manuel/ros2_ws/src/pwm_position_node/src/pwm_position_node.cpp:[m[K In lambda function:
[2.118s] [01m[K/home/manuel/ros2_ws/src/pwm_position_node/src/pwm_position_node.cpp:217:9:[m[K [01;31m[Kerror: [m[Kâ€˜[01m[Kc[m[Kâ€™ was not declared in this scope
[2.118s]   217 |         [01;31m[KRCLCPP_ERROR_THROTTLE[m[K(get_logger(), *get_clock(), 2000, "SyncRead for Present Position failed: %s", packet_->getTxRxResult(dxl_comm_result));
[2.118s]       |         [01;31m[K^~~~~~~~~~~~~~~~~~~~~[m[K
[2.119s] [01m[K/home/manuel/ros2_ws/src/pwm_position_node/src/pwm_position_node.cpp:[m[K In function â€˜[01m[Kvoid control_loop(double)[m[Kâ€™:
[2.119s] [01m[K/home/manuel/ros2_ws/src/pwm_position_node/src/pwm_position_node.cpp:226:30:[m[K [01;31m[Kerror: [m[Kâ€˜[01m[Kget_logger[m[Kâ€™ was not declared in this scope; did you mean â€˜[01m[Krclcpp::get_logger[m[Kâ€™?
[2.119s]   226 |         RCLCPP_WARN_THROTTLE([01;31m[Kget_logger[m[K(), *get_clock(), 2000, "Failed to get data for one or both servos in SyncRead.");
[2.119s]       |                              [01;31m[K^~~~~~~~~~[m[K
[2.119s] In file included from [01m[K/opt/ros/humble/include/rclcpp/rclcpp/logging.hpp:23[m[K,
[2.119s]                  from [01m[K/opt/ros/humble/include/rclcpp/rclcpp/client.hpp:40[m[K,
[2.119s]                  from [01m[K/opt/ros/humble/include/rclcpp/rclcpp/callback_group.hpp:24[m[K,
[2.119s]                  from [01m[K/opt/ros/humble/include/rclcpp/rclcpp/any_executable.hpp:20[m[K,
[2.119s]                  from [01m[K/opt/ros/humble/include/rclcpp/rclcpp/memory_strategy.hpp:25[m[K,
[2.119s]                  from [01m[K/opt/ros/humble/include/rclcpp/rclcpp/memory_strategies.hpp:18[m[K,
[2.119s]                  from [01m[K/opt/ros/humble/include/rclcpp/rclcpp/executor_options.hpp:20[m[K,
[2.120s]                  from [01m[K/opt/ros/humble/include/rclcpp/rclcpp/executor.hpp:37[m[K,
[2.120s]                  from [01m[K/opt/ros/humble/include/rclcpp/rclcpp/executors/multi_threaded_executor.hpp:25[m[K,
[2.120s]                  from [01m[K/opt/ros/humble/include/rclcpp/rclcpp/executors.hpp:21[m[K,
[2.120s]                  from [01m[K/opt/ros/humble/include/rclcpp/rclcpp/rclcpp.hpp:155[m[K,
[2.120s]                  from [01m[K/home/manuel/ros2_ws/src/pwm_position_node/src/pwm_position_node.cpp:6[m[K:
[2.120s] [01m[K/opt/ros/humble/include/rclcpp/rclcpp/logger.hpp:106:17:[m[K [01;36m[Knote: [m[Kâ€˜[01m[Krclcpp::get_logger[m[Kâ€™ declared here
[2.120s]   106 |   friend Logger [01;36m[Krclcpp[m[K::get_logger(const std::string & name);
[2.120s]       |                 [01;36m[K^~~~~~[m[K
[2.120s] In file included from [01m[K/opt/ros/humble/include/rclcpp/rclcpp/client.hpp:40[m[K,
[2.120s]                  from [01m[K/opt/ros/humble/include/rclcpp/rclcpp/callback_group.hpp:24[m[K,
[2.120s]                  from [01m[K/opt/ros/humble/include/rclcpp/rclcpp/any_executable.hpp:20[m[K,
[2.120s]                  from [01m[K/opt/ros/humble/include/rclcpp/rclcpp/memory_strategy.hpp:25[m[K,
[2.120s]                  from [01m[K/opt/ros/humble/include/rclcpp/rclcpp/memory_strategies.hpp:18[m[K,
[2.120s]                  from [01m[K/opt/ros/humble/include/rclcpp/rclcpp/executor_options.hpp:20[m[K,
[2.120s]                  from [01m[K/opt/ros/humble/include/rclcpp/rclcpp/executor.hpp:37[m[K,
[2.120s]                  from [01m[K/opt/ros/humble/include/rclcpp/rclcpp/executors/multi_threaded_executor.hpp:25[m[K,
[2.120s]                  from [01m[K/opt/ros/humble/include/rclcpp/rclcpp/executors.hpp:21[m[K,
[2.120s]                  from [01m[K/opt/ros/humble/include/rclcpp/rclcpp/rclcpp.hpp:155[m[K,
[2.121s]                  from [01m[K/home/manuel/ros2_ws/src/pwm_position_node/src/pwm_position_node.cpp:6[m[K:
[2.121s] [01m[K/home/manuel/ros2_ws/src/pwm_position_node/src/pwm_position_node.cpp:226:9:[m[K [01;31m[Kerror: [m[Ktemplate argument 1 is invalid
[2.121s]   226 |         [01;31m[KRCLCPP_WARN_THROTTLE[m[K(get_logger(), *get_clock(), 2000, "Failed to get data for one or both servos in SyncRead.");
[2.121s]       |         [01;31m[K^~~~~~~~~~~~~~~~~~~~[m[K
[2.121s] [01m[K/home/manuel/ros2_ws/src/pwm_position_node/src/pwm_position_node.cpp:226:9:[m[K [01;31m[Kerror: [m[Ktemplate argument 1 is invalid
[2.121s]   226 |         [01;31m[KRCLCPP_WARN_THROTTLE[m[K(get_logger(), *get_clock(), 2000, "Failed to get data for one or both servos in SyncRead.");
[2.121s]       |         [01;31m[K^~~~~~~~~~~~~~~~~~~~[m[K
[2.121s] [01m[K/home/manuel/ros2_ws/src/pwm_position_node/src/pwm_position_node.cpp:226:9:[m[K [01;31m[Kerror: [m[Ktemplate argument 1 is invalid
[2.121s]   226 |         [01;31m[KRCLCPP_WARN_THROTTLE[m[K(get_logger(), *get_clock(), 2000, "Failed to get data for one or both servos in SyncRead.");
[2.121s]       |         [01;31m[K^~~~~~~~~~~~~~~~~~~~[m[K
[2.122s] [01m[K/home/manuel/ros2_ws/src/pwm_position_node/src/pwm_position_node.cpp:226:45:[m[K [01;31m[Kerror: [m[Kâ€˜[01m[Kget_clock[m[Kâ€™ was not declared in this scope
[2.122s]   226 |         RCLCPP_WARN_THROTTLE(get_logger(), *[01;31m[Kget_clock[m[K(), 2000, "Failed to get data for one or both servos in SyncRead.");
[2.122s]       |                                             [01;31m[K^~~~~~~~~[m[K
[2.125s] [01m[K/home/manuel/ros2_ws/src/pwm_position_node/src/pwm_position_node.cpp:[m[K In lambda function:
[2.125s] [01m[K/home/manuel/ros2_ws/src/pwm_position_node/src/pwm_position_node.cpp:226:9:[m[K [01;31m[Kerror: [m[Kâ€˜[01m[Kc[m[Kâ€™ was not declared in this scope
[2.125s]   226 |         [01;31m[KRCLCPP_WARN_THROTTLE[m[K(get_logger(), *get_clock(), 2000, "Failed to get data for one or both servos in SyncRead.");
[2.125s]       |         [01;31m[K^~~~~~~~~~~~~~~~~~~~[m[K
[2.129s] [01m[K/home/manuel/ros2_ws/src/pwm_position_node/src/pwm_position_node.cpp:[m[K In function â€˜[01m[Kvoid control_loop(double)[m[Kâ€™:
[2.130s] [01m[K/home/manuel/ros2_ws/src/pwm_position_node/src/pwm_position_node.cpp:232:5:[m[K [01;31m[Kerror: [m[Kâ€˜[01m[Kcurrent_j1_deg_[m[Kâ€™ was not declared in this scope
[2.130s]   232 |     [01;31m[Kcurrent_j1_deg_[m[K = tick_to_deg_1(current_ticks_1);
[2.130s]       |     [01;31m[K^~~~~~~~~~~~~~~[m[K
[2.134s] [01m[K/home/manuel/ros2_ws/src/pwm_position_node/src/pwm_position_node.cpp:233:5:[m[K [01;31m[Kerror: [m[Kâ€˜[01m[Kcurrent_j2_deg_[m[Kâ€™ was not declared in this scope
[2.134s]   233 |     [01;31m[Kcurrent_j2_deg_[m[K = tick_to_deg_2(current_ticks_2);
[2.134s]       |     [01;31m[K^~~~~~~~~~~~~~~[m[K
[2.137s] [01m[K/home/manuel/ros2_ws/src/pwm_position_node/src/pwm_position_node.cpp:238:42:[m[K [01;31m[Kerror: [m[Kâ€˜[01m[Ktarget_mutex_[m[Kâ€™ was not declared in this scope
[2.138s]   238 |         std::lock_guard<std::mutex> lock([01;31m[Ktarget_mutex_[m[K);
[2.138s]       |                                          [01;31m[K^~~~~~~~~~~~~[m[K
[2.144s] [01m[K/home/manuel/ros2_ws/src/pwm_position_node/src/pwm_position_node.cpp:239:13:[m[K [01;31m[Kerror: [m[Kâ€˜[01m[Knew_goal_is_pending_[m[Kâ€™ was not declared in this scope
[2.144s]   239 |         if ([01;31m[Knew_goal_is_pending_[m[K) {
[2.144s]       |             [01;31m[K^~~~~~~~~~~~~~~~~~~~[m[K
[2.147s] [01m[K/home/manuel/ros2_ws/src/pwm_position_node/src/pwm_position_node.cpp:240:29:[m[K [01;31m[Kerror: [m[Kâ€˜[01m[Ktarget_x_[m[Kâ€™ was not declared in this scope
[2.147s]   240 |             temp_target_x = [01;31m[Ktarget_x_[m[K;
[2.147s]       |                             [01;31m[K^~~~~~~~~[m[K
[2.151s] [01m[K/home/manuel/ros2_ws/src/pwm_position_node/src/pwm_position_node.cpp:241:29:[m[K [01;31m[Kerror: [m[Kâ€˜[01m[Ktarget_y_[m[Kâ€™ was not declared in this scope
[2.151s]   241 |             temp_target_y = [01;31m[Ktarget_y_[m[K;
[2.151s]       |                             [01;31m[K^~~~~~~~~[m[K
[2.152s] In file included from [01m[K/opt/ros/humble/include/rclcpp/rclcpp/client.hpp:40[m[K,
[2.152s]                  from [01m[K/opt/ros/humble/include/rclcpp/rclcpp/callback_group.hpp:24[m[K,
[2.152s]                  from [01m[K/opt/ros/humble/include/rclcpp/rclcpp/any_executable.hpp:20[m[K,
[2.152s]                  from [01m[K/opt/ros/humble/include/rclcpp/rclcpp/memory_strategy.hpp:25[m[K,
[2.152s]                  from [01m[K/opt/ros/humble/include/rclcpp/rclcpp/memory_strategies.hpp:18[m[K,
[2.152s]                  from [01m[K/opt/ros/humble/include/rclcpp/rclcpp/executor_options.hpp:20[m[K,
[2.152s]                  from [01m[K/opt/ros/humble/include/rclcpp/rclcpp/executor.hpp:37[m[K,
[2.152s]                  from [01m[K/opt/ros/humble/include/rclcpp/rclcpp/executors/multi_threaded_executor.hpp:25[m[K,
[2.152s]                  from [01m[K/opt/ros/humble/include/rclcpp/rclcpp/executors.hpp:21[m[K,
[2.152s]                  from [01m[K/opt/ros/humble/include/rclcpp/rclcpp/rclcpp.hpp:155[m[K,
[2.152s]                  from [01m[K/home/manuel/ros2_ws/src/pwm_position_node/src/pwm_position_node.cpp:6[m[K:
[2.152s] [01m[K/home/manuel/ros2_ws/src/pwm_position_node/src/pwm_position_node.cpp:253:21:[m[K [01;31m[Kerror: [m[Kâ€˜[01m[Kget_logger[m[Kâ€™ was not declared in this scope; did you mean â€˜[01m[Krclcpp::get_logger[m[Kâ€™?
[2.152s]   253 |         RCLCPP_INFO([01;31m[Kget_logger[m[K(), "Processing new XY target: (%.2f, %.2f), Distance: %.2f cm",
[2.153s]       |                     [01;31m[K^~~~~~~~~~[m[K
[2.153s] In file included from [01m[K/opt/ros/humble/include/rclcpp/rclcpp/logging.hpp:23[m[K,
[2.153s]                  from [01m[K/opt/ros/humble/include/rclcpp/rclcpp/client.hpp:40[m[K,
[2.153s]                  from [01m[K/opt/ros/humble/include/rclcpp/rclcpp/callback_group.hpp:24[m[K,
[2.153s]                  from [01m[K/opt/ros/humble/include/rclcpp/rclcpp/any_executable.hpp:20[m[K,
[2.153s]                  from [01m[K/opt/ros/humble/include/rclcpp/rclcpp/memory_strategy.hpp:25[m[K,
[2.153s]                  from [01m[K/opt/ros/humble/include/rclcpp/rclcpp/memory_strategies.hpp:18[m[K,
[2.153s]                  from [01m[K/opt/ros/humble/include/rclcpp/rclcpp/executor_options.hpp:20[m[K,
[2.153s]                  from [01m[K/opt/ros/humble/include/rclcpp/rclcpp/executor.hpp:37[m[K,
[2.153s]                  from [01m[K/opt/ros/humble/include/rclcpp/rclcpp/executors/multi_threaded_executor.hpp:25[m[K,
[2.153s]                  from [01m[K/opt/ros/humble/include/rclcpp/rclcpp/executors.hpp:21[m[K,
[2.153s]                  from [01m[K/opt/ros/humble/include/rclcpp/rclcpp/rclcpp.hpp:155[m[K,
[2.153s]                  from [01m[K/home/manuel/ros2_ws/src/pwm_position_node/src/pwm_position_node.cpp:6[m[K:
[2.153s] [01m[K/opt/ros/humble/include/rclcpp/rclcpp/logger.hpp:106:17:[m[K [01;36m[Knote: [m[Kâ€˜[01m[Krclcpp::get_logger[m[Kâ€™ declared here
[2.153s]   106 |   friend Logger [01;36m[Krclcpp[m[K::get_logger(const std::string & name);
[2.153s]       |                 [01;36m[K^~~~~~[m[K
[2.153s] In file included from [01m[K/opt/ros/humble/include/rclcpp/rclcpp/client.hpp:40[m[K,
[2.153s]                  from [01m[K/opt/ros/humble/include/rclcpp/rclcpp/callback_group.hpp:24[m[K,
[2.153s]                  from [01m[K/opt/ros/humble/include/rclcpp/rclcpp/any_executable.hpp:20[m[K,
[2.153s]                  from [01m[K/opt/ros/humble/include/rclcpp/rclcpp/memory_strategy.hpp:25[m[K,
[2.154s]                  from [01m[K/opt/ros/humble/include/rclcpp/rclcpp/memory_strategies.hpp:18[m[K,
[2.154s]                  from [01m[K/opt/ros/humble/include/rclcpp/rclcpp/executor_options.hpp:20[m[K,
[2.154s]                  from [01m[K/opt/ros/humble/include/rclcpp/rclcpp/executor.hpp:37[m[K,
[2.154s]                  from [01m[K/opt/ros/humble/include/rclcpp/rclcpp/executors/multi_threaded_executor.hpp:25[m[K,
[2.154s]                  from [01m[K/opt/ros/humble/include/rclcpp/rclcpp/executors.hpp:21[m[K,
[2.154s]                  from [01m[K/opt/ros/humble/include/rclcpp/rclcpp/rclcpp.hpp:155[m[K,
[2.154s]                  from [01m[K/home/manuel/ros2_ws/src/pwm_position_node/src/pwm_position_node.cpp:6[m[K:
[2.154s] [01m[K/home/manuel/ros2_ws/src/pwm_position_node/src/pwm_position_node.cpp:253:9:[m[K [01;31m[Kerror: [m[Ktemplate argument 1 is invalid
[2.154s]   253 |         [01;31m[KRCLCPP_INFO[m[K(get_logger(), "Processing new XY target: (%.2f, %.2f), Distance: %.2f cm",
[2.154s]       |         [01;31m[K^~~~~~~~~~~[m[K
[2.154s] [01m[K/home/manuel/ros2_ws/src/pwm_position_node/src/pwm_position_node.cpp:253:9:[m[K [01;31m[Kerror: [m[Ktemplate argument 1 is invalid
[2.154s]   253 |         [01;31m[KRCLCPP_INFO[m[K(get_logger(), "Processing new XY target: (%.2f, %.2f), Distance: %.2f cm",
[2.154s]       |         [01;31m[K^~~~~~~~~~~[m[K
[2.154s] [01m[K/home/manuel/ros2_ws/src/pwm_position_node/src/pwm_position_node.cpp:253:9:[m[K [01;31m[Kerror: [m[Ktemplate argument 1 is invalid
[2.154s]   253 |         [01;31m[KRCLCPP_INFO[m[K(get_logger(), "Processing new XY target: (%.2f, %.2f), Distance: %.2f cm",
[2.154s]       |         [01;31m[K^~~~~~~~~~~[m[K
[2.154s] [01m[K/home/manuel/ros2_ws/src/pwm_position_node/src/pwm_position_node.cpp:257:25:[m[K [01;31m[Kerror: [m[Kâ€˜[01m[Kget_logger[m[Kâ€™ was not declared in this scope; did you mean â€˜[01m[Krclcpp::get_logger[m[Kâ€™?
[2.154s]   257 |             RCLCPP_WARN([01;31m[Kget_logger[m[K(), "Target (%.2f, %.2f) is UNREACHABLE. Distance %.2f > MAX_REACH %.2f. Retaining previous joint goals.",
[2.154s]       |                         [01;31m[K^~~~~~~~~~[m[K
[2.154s] In file included from [01m[K/opt/ros/humble/include/rclcpp/rclcpp/logging.hpp:23[m[K,
[2.154s]                  from [01m[K/opt/ros/humble/include/rclcpp/rclcpp/client.hpp:40[m[K,
[2.154s]                  from [01m[K/opt/ros/humble/include/rclcpp/rclcpp/callback_group.hpp:24[m[K,
[2.154s]                  from [01m[K/opt/ros/humble/include/rclcpp/rclcpp/any_executable.hpp:20[m[K,
[2.154s]                  from [01m[K/opt/ros/humble/include/rclcpp/rclcpp/memory_strategy.hpp:25[m[K,
[2.155s]                  from [01m[K/opt/ros/humble/include/rclcpp/rclcpp/memory_strategies.hpp:18[m[K,
[2.155s]                  from [01m[K/opt/ros/humble/include/rclcpp/rclcpp/executor_options.hpp:20[m[K,
[2.155s]                  from [01m[K/opt/ros/humble/include/rclcpp/rclcpp/executor.hpp:37[m[K,
[2.155s]                  from [01m[K/opt/ros/humble/include/rclcpp/rclcpp/executors/multi_threaded_executor.hpp:25[m[K,
[2.155s]                  from [01m[K/opt/ros/humble/include/rclcpp/rclcpp/executors.hpp:21[m[K,
[2.155s]                  from [01m[K/opt/ros/humble/include/rclcpp/rclcpp/rclcpp.hpp:155[m[K,
[2.155s]                  from [01m[K/home/manuel/ros2_ws/src/pwm_position_node/src/pwm_position_node.cpp:6[m[K:
[2.155s] [01m[K/opt/ros/humble/include/rclcpp/rclcpp/logger.hpp:106:17:[m[K [01;36m[Knote: [m[Kâ€˜[01m[Krclcpp::get_logger[m[Kâ€™ declared here
[2.155s]   106 |   friend Logger [01;36m[Krclcpp[m[K::get_logger(const std::string & name);
[2.155s]       |                 [01;36m[K^~~~~~[m[K
[2.155s] In file included from [01m[K/opt/ros/humble/include/rclcpp/rclcpp/client.hpp:40[m[K,
[2.155s]                  from [01m[K/opt/ros/humble/include/rclcpp/rclcpp/callback_group.hpp:24[m[K,
[2.155s]                  from [01m[K/opt/ros/humble/include/rclcpp/rclcpp/any_executable.hpp:20[m[K,
[2.155s]                  from [01m[K/opt/ros/humble/include/rclcpp/rclcpp/memory_strategy.hpp:25[m[K,
[2.155s]                  from [01m[K/opt/ros/humble/include/rclcpp/rclcpp/memory_strategies.hpp:18[m[K,
[2.155s]                  from [01m[K/opt/ros/humble/include/rclcpp/rclcpp/executor_options.hpp:20[m[K,
[2.155s]                  from [01m[K/opt/ros/humble/include/rclcpp/rclcpp/executor.hpp:37[m[K,
[2.155s]                  from [01m[K/opt/ros/humble/include/rclcpp/rclcpp/executors/multi_threaded_executor.hpp:25[m[K,
[2.155s]                  from [01m[K/opt/ros/humble/include/rclcpp/rclcpp/executors.hpp:21[m[K,
[2.155s]                  from [01m[K/opt/ros/humble/include/rclcpp/rclcpp/rclcpp.hpp:155[m[K,
[2.155s]                  from [01m[K/home/manuel/ros2_ws/src/pwm_position_node/src/pwm_position_node.cpp:6[m[K:
[2.155s] [01m[K/home/manuel/ros2_ws/src/pwm_position_node/src/pwm_position_node.cpp:257:13:[m[K [01;31m[Kerror: [m[Ktemplate argument 1 is invalid
[2.155s]   257 |             [01;31m[KRCLCPP_WARN[m[K(get_logger(), "Target (%.2f, %.2f) is UNREACHABLE. Distance %.2f > MAX_REACH %.2f. Retaining previous joint goals.",
[2.155s]       |             [01;31m[K^~~~~~~~~~~[m[K
[2.156s] [01m[K/home/manuel/ros2_ws/src/pwm_position_node/src/pwm_position_node.cpp:257:13:[m[K [01;31m[Kerror: [m[Ktemplate argument 1 is invalid
[2.156s]   257 |             [01;31m[KRCLCPP_WARN[m[K(get_logger(), "Target (%.2f, %.2f) is UNREACHABLE. Distance %.2f > MAX_REACH %.2f. Retaining previous joint goals.",
[2.156s]       |             [01;31m[K^~~~~~~~~~~[m[K
[2.156s] [01m[K/home/manuel/ros2_ws/src/pwm_position_node/src/pwm_position_node.cpp:257:13:[m[K [01;31m[Kerror: [m[Ktemplate argument 1 is invalid
[2.156s]   257 |             [01;31m[KRCLCPP_WARN[m[K(get_logger(), "Target (%.2f, %.2f) is UNREACHABLE. Distance %.2f > MAX_REACH %.2f. Retaining previous joint goals.",
[2.156s]       |             [01;31m[K^~~~~~~~~~~[m[K
[2.156s] [01m[K/home/manuel/ros2_ws/src/pwm_position_node/src/pwm_position_node.cpp:260:13:[m[K [01;31m[Kerror: [m[Kâ€˜[01m[Kgoal_j1_deg_[m[Kâ€™ was not declared in this scope
[2.156s]   260 |             [01;31m[Kgoal_j1_deg_[m[K = calculated_tj1_deg;
[2.156s]       |             [01;31m[K^~~~~~~~~~~~[m[K
[2.160s] [01m[K/home/manuel/ros2_ws/src/pwm_position_node/src/pwm_position_node.cpp:261:13:[m[K [01;31m[Kerror: [m[Kâ€˜[01m[Kgoal_j2_deg_[m[Kâ€™ was not declared in this scope
[2.160s]   261 |             [01;31m[Kgoal_j2_deg_[m[K = calculated_tj2_deg;
[2.160s]       |             [01;31m[K^~~~~~~~~~~~[m[K
[2.160s] In file included from [01m[K/opt/ros/humble/include/rclcpp/rclcpp/client.hpp:40[m[K,
[2.160s]                  from [01m[K/opt/ros/humble/include/rclcpp/rclcpp/callback_group.hpp:24[m[K,
[2.160s]                  from [01m[K/opt/ros/humble/include/rclcpp/rclcpp/any_executable.hpp:20[m[K,
[2.160s]                  from [01m[K/opt/ros/humble/include/rclcpp/rclcpp/memory_strategy.hpp:25[m[K,
[2.160s]                  from [01m[K/opt/ros/humble/include/rclcpp/rclcpp/memory_strategies.hpp:18[m[K,
[2.160s]                  from [01m[K/opt/ros/humble/include/rclcpp/rclcpp/executor_options.hpp:20[m[K,
[2.160s]                  from [01m[K/opt/ros/humble/include/rclcpp/rclcpp/executor.hpp:37[m[K,
[2.160s]                  from [01m[K/opt/ros/humble/include/rclcpp/rclcpp/executors/multi_threaded_executor.hpp:25[m[K,
[2.160s]                  from [01m[K/opt/ros/humble/include/rclcpp/rclcpp/executors.hpp:21[m[K,
[2.161s]                  from [01m[K/opt/ros/humble/include/rclcpp/rclcpp/rclcpp.hpp:155[m[K,
[2.161s]                  from [01m[K/home/manuel/ros2_ws/src/pwm_position_node/src/pwm_position_node.cpp:6[m[K:
[2.161s] [01m[K/home/manuel/ros2_ws/src/pwm_position_node/src/pwm_position_node.cpp:262:25:[m[K [01;31m[Kerror: [m[Kâ€˜[01m[Kget_logger[m[Kâ€™ was not declared in this scope; did you mean â€˜[01m[Krclcpp::get_logger[m[Kâ€™?
[2.161s]   262 |             RCLCPP_INFO([01;31m[Kget_logger[m[K(), "IK SUCCESS for XY(%.2f, %.2f): New joint goals J1=%.2f deg, J2=%.2f deg",
[2.161s]       |                         [01;31m[K^~~~~~~~~~[m[K
[2.161s] In file included from [01m[K/opt/ros/humble/include/rclcpp/rclcpp/logging.hpp:23[m[K,
[2.161s]                  from [01m[K/opt/ros/humble/include/rclcpp/rclcpp/client.hpp:40[m[K,
[2.161s]                  from [01m[K/opt/ros/humble/include/rclcpp/rclcpp/callback_group.hpp:24[m[K,
[2.161s]                  from [01m[K/opt/ros/humble/include/rclcpp/rclcpp/any_executable.hpp:20[m[K,
[2.161s]                  from [01m[K/opt/ros/humble/include/rclcpp/rclcpp/memory_strategy.hpp:25[m[K,
[2.161s]                  from [01m[K/opt/ros/humble/include/rclcpp/rclcpp/memory_strategies.hpp:18[m[K,
[2.161s]                  from [01m[K/opt/ros/humble/include/rclcpp/rclcpp/executor_options.hpp:20[m[K,
[2.161s]                  from [01m[K/opt/ros/humble/include/rclcpp/rclcpp/executor.hpp:37[m[K,
[2.161s]                  from [01m[K/opt/ros/humble/include/rclcpp/rclcpp/executors/multi_threaded_executor.hpp:25[m[K,
[2.161s]                  from [01m[K/opt/ros/humble/include/rclcpp/rclcpp/executors.hpp:21[m[K,
[2.161s]                  from [01m[K/opt/ros/humble/include/rclcpp/rclcpp/rclcpp.hpp:155[m[K,
[2.161s]                  from [01m[K/home/manuel/ros2_ws/src/pwm_position_node/src/pwm_position_node.cpp:6[m[K:
[2.161s] [01m[K/opt/ros/humble/include/rclcpp/rclcpp/logger.hpp:106:17:[m[K [01;36m[Knote: [m[Kâ€˜[01m[Krclcpp::get_logger[m[Kâ€™ declared here
[2.161s]   106 |   friend Logger [01;36m[Krclcpp[m[K::get_logger(const std::string & name);
[2.161s]       |                 [01;36m[K^~~~~~[m[K
[2.161s] In file included from [01m[K/opt/ros/humble/include/rclcpp/rclcpp/client.hpp:40[m[K,
[2.161s]                  from [01m[K/opt/ros/humble/include/rclcpp/rclcpp/callback_group.hpp:24[m[K,
[2.162s]                  from [01m[K/opt/ros/humble/include/rclcpp/rclcpp/any_executable.hpp:20[m[K,
[2.162s]                  from [01m[K/opt/ros/humble/include/rclcpp/rclcpp/memory_strategy.hpp:25[m[K,
[2.162s]                  from [01m[K/opt/ros/humble/include/rclcpp/rclcpp/memory_strategies.hpp:18[m[K,
[2.162s]                  from [01m[K/opt/ros/humble/include/rclcpp/rclcpp/executor_options.hpp:20[m[K,
[2.162s]                  from [01m[K/opt/ros/humble/include/rclcpp/rclcpp/executor.hpp:37[m[K,
[2.162s]                  from [01m[K/opt/ros/humble/include/rclcpp/rclcpp/executors/multi_threaded_executor.hpp:25[m[K,
[2.162s]                  from [01m[K/opt/ros/humble/include/rclcpp/rclcpp/executors.hpp:21[m[K,
[2.162s]                  from [01m[K/opt/ros/humble/include/rclcpp/rclcpp/rclcpp.hpp:155[m[K,
[2.162s]                  from [01m[K/home/manuel/ros2_ws/src/pwm_position_node/src/pwm_position_node.cpp:6[m[K:
[2.162s] [01m[K/home/manuel/ros2_ws/src/pwm_position_node/src/pwm_position_node.cpp:262:13:[m[K [01;31m[Kerror: [m[Ktemplate argument 1 is invalid
[2.162s]   262 |             [01;31m[KRCLCPP_INFO[m[K(get_logger(), "IK SUCCESS for XY(%.2f, %.2f): New joint goals J1=%.2f deg, J2=%.2f deg",
[2.162s]       |             [01;31m[K^~~~~~~~~~~[m[K
[2.162s] [01m[K/home/manuel/ros2_ws/src/pwm_position_node/src/pwm_position_node.cpp:262:13:[m[K [01;31m[Kerror: [m[Ktemplate argument 1 is invalid
[2.162s]   262 |             [01;31m[KRCLCPP_INFO[m[K(get_logger(), "IK SUCCESS for XY(%.2f, %.2f): New joint goals J1=%.2f deg, J2=%.2f deg",
[2.162s]       |             [01;31m[K^~~~~~~~~~~[m[K
[2.162s] [01m[K/home/manuel/ros2_ws/src/pwm_position_node/src/pwm_position_node.cpp:262:13:[m[K [01;31m[Kerror: [m[Ktemplate argument 1 is invalid
[2.162s]   262 |             [01;31m[KRCLCPP_INFO[m[K(get_logger(), "IK SUCCESS for XY(%.2f, %.2f): New joint goals J1=%.2f deg, J2=%.2f deg",
[2.162s]       |             [01;31m[K^~~~~~~~~~~[m[K
[2.164s] [01m[K/home/manuel/ros2_ws/src/pwm_position_node/src/pwm_position_node.cpp:264:13:[m[K [01;31m[Kerror: [m[Kâ€˜[01m[Kintegral_j1_[m[Kâ€™ was not declared in this scope
[2.164s]   264 |             [01;31m[Kintegral_j1_[m[K = 0.0;
[2.164s]       |             [01;31m[K^~~~~~~~~~~~[m[K
[2.167s] [01m[K/home/manuel/ros2_ws/src/pwm_position_node/src/pwm_position_node.cpp:265:13:[m[K [01;31m[Kerror: [m[Kâ€˜[01m[Kintegral_j2_[m[Kâ€™ was not declared in this scope
[2.167s]   265 |             [01;31m[Kintegral_j2_[m[K = 0.0;
[2.167s]       |             [01;31m[K^~~~~~~~~~~~[m[K
[2.171s] [01m[K/home/manuel/ros2_ws/src/pwm_position_node/src/pwm_position_node.cpp:266:13:[m[K [01;31m[Kerror: [m[Kâ€˜[01m[Kprev_error_j1_[m[Kâ€™ was not declared in this scope
[2.171s]   266 |             [01;31m[Kprev_error_j1_[m[K = goal_j1_deg_ - current_j1_deg_;
[2.171s]       |             [01;31m[K^~~~~~~~~~~~~~[m[K
[2.175s] [01m[K/home/manuel/ros2_ws/src/pwm_position_node/src/pwm_position_node.cpp:267:13:[m[K [01;31m[Kerror: [m[Kâ€˜[01m[Kprev_error_j2_[m[Kâ€™ was not declared in this scope
[2.175s]   267 |             [01;31m[Kprev_error_j2_[m[K = goal_j2_deg_ - current_j2_deg_;
[2.175s]       |             [01;31m[K^~~~~~~~~~~~~~[m[K
[2.176s] In file included from [01m[K/opt/ros/humble/include/rclcpp/rclcpp/client.hpp:40[m[K,
[2.176s]                  from [01m[K/opt/ros/humble/include/rclcpp/rclcpp/callback_group.hpp:24[m[K,
[2.176s]                  from [01m[K/opt/ros/humble/include/rclcpp/rclcpp/any_executable.hpp:20[m[K,
[2.176s]                  from [01m[K/opt/ros/humble/include/rclcpp/rclcpp/memory_strategy.hpp:25[m[K,
[2.176s]                  from [01m[K/opt/ros/humble/include/rclcpp/rclcpp/memory_strategies.hpp:18[m[K,
[2.176s]                  from [01m[K/opt/ros/humble/include/rclcpp/rclcpp/executor_options.hpp:20[m[K,
[2.176s]                  from [01m[K/opt/ros/humble/include/rclcpp/rclcpp/executor.hpp:37[m[K,
[2.176s]                  from [01m[K/opt/ros/humble/include/rclcpp/rclcpp/executors/multi_threaded_executor.hpp:25[m[K,
[2.176s]                  from [01m[K/opt/ros/humble/include/rclcpp/rclcpp/executors.hpp:21[m[K,
[2.176s]                  from [01m[K/opt/ros/humble/include/rclcpp/rclcpp/rclcpp.hpp:155[m[K,
[2.176s]                  from [01m[K/home/manuel/ros2_ws/src/pwm_position_node/src/pwm_position_node.cpp:6[m[K:
[2.176s] [01m[K/home/manuel/ros2_ws/src/pwm_position_node/src/pwm_position_node.cpp:269:25:[m[K [01;31m[Kerror: [m[Kâ€˜[01m[Kget_logger[m[Kâ€™ was not declared in this scope; did you mean â€˜[01m[Krclcpp::get_logger[m[Kâ€™?
[2.176s]   269 |             RCLCPP_WARN([01;31m[Kget_logger[m[K(), "IK FAILED for XY(%.2f, %.2f) (likely joint limits). Retaining previous joint goals.",
[2.176s]       |                         [01;31m[K^~~~~~~~~~[m[K
[2.176s] In file included from [01m[K/opt/ros/humble/include/rclcpp/rclcpp/logging.hpp:23[m[K,
[2.176s]                  from [01m[K/opt/ros/humble/include/rclcpp/rclcpp/client.hpp:40[m[K,
[2.176s]                  from [01m[K/opt/ros/humble/include/rclcpp/rclcpp/callback_group.hpp:24[m[K,
[2.176s]                  from [01m[K/opt/ros/humble/include/rclcpp/rclcpp/any_executable.hpp:20[m[K,
[2.176s]                  from [01m[K/opt/ros/humble/include/rclcpp/rclcpp/memory_strategy.hpp:25[m[K,
[2.176s]                  from [01m[K/opt/ros/humble/include/rclcpp/rclcpp/memory_strategies.hpp:18[m[K,
[2.176s]                  from [01m[K/opt/ros/humble/include/rclcpp/rclcpp/executor_options.hpp:20[m[K,
[2.176s]                  from [01m[K/opt/ros/humble/include/rclcpp/rclcpp/executor.hpp:37[m[K,
[2.177s]                  from [01m[K/opt/ros/humble/include/rclcpp/rclcpp/executors/multi_threaded_executor.hpp:25[m[K,
[2.177s]                  from [01m[K/opt/ros/humble/include/rclcpp/rclcpp/executors.hpp:21[m[K,
[2.177s]                  from [01m[K/opt/ros/humble/include/rclcpp/rclcpp/rclcpp.hpp:155[m[K,
[2.177s]                  from [01m[K/home/manuel/ros2_ws/src/pwm_position_node/src/pwm_position_node.cpp:6[m[K:
[2.177s] [01m[K/opt/ros/humble/include/rclcpp/rclcpp/logger.hpp:106:17:[m[K [01;36m[Knote: [m[Kâ€˜[01m[Krclcpp::get_logger[m[Kâ€™ declared here
[2.177s]   106 |   friend Logger [01;36m[Krclcpp[m[K::get_logger(const std::string & name);
[2.177s]       |                 [01;36m[K^~~~~~[m[K
[2.177s] In file included from [01m[K/opt/ros/humble/include/rclcpp/rclcpp/client.hpp:40[m[K,
[2.177s]                  from [01m[K/opt/ros/humble/include/rclcpp/rclcpp/callback_group.hpp:24[m[K,
[2.177s]                  from [01m[K/opt/ros/humble/include/rclcpp/rclcpp/any_executable.hpp:20[m[K,
[2.177s]                  from [01m[K/opt/ros/humble/include/rclcpp/rclcpp/memory_strategy.hpp:25[m[K,
[2.177s]                  from [01m[K/opt/ros/humble/include/rclcpp/rclcpp/memory_strategies.hpp:18[m[K,
[2.177s]                  from [01m[K/opt/ros/humble/include/rclcpp/rclcpp/executor_options.hpp:20[m[K,
[2.177s]                  from [01m[K/opt/ros/humble/include/rclcpp/rclcpp/executor.hpp:37[m[K,
[2.177s]                  from [01m[K/opt/ros/humble/include/rclcpp/rclcpp/executors/multi_threaded_executor.hpp:25[m[K,
[2.177s]                  from [01m[K/opt/ros/humble/include/rclcpp/rclcpp/executors.hpp:21[m[K,
[2.177s]                  from [01m[K/opt/ros/humble/include/rclcpp/rclcpp/rclcpp.hpp:155[m[K,
[2.177s]                  from [01m[K/home/manuel/ros2_ws/src/pwm_position_node/src/pwm_position_node.cpp:6[m[K:
[2.177s] [01m[K/home/manuel/ros2_ws/src/pwm_position_node/src/pwm_position_node.cpp:269:13:[m[K [01;31m[Kerror: [m[Ktemplate argument 1 is invalid
[2.177s]   269 |             [01;31m[KRCLCPP_WARN[m[K(get_logger(), "IK FAILED for XY(%.2f, %.2f) (likely joint limits). Retaining previous joint goals.",
[2.177s]       |             [01;31m[K^~~~~~~~~~~[m[K
[2.177s] [01m[K/home/manuel/ros2_ws/src/pwm_position_node/src/pwm_position_node.cpp:269:13:[m[K [01;31m[Kerror: [m[Ktemplate argument 1 is invalid
[2.178s]   269 |             [01;31m[KRCLCPP_WARN[m[K(get_logger(), "IK FAILED for XY(%.2f, %.2f) (likely joint limits). Retaining previous joint goals.",
[2.178s]       |             [01;31m[K^~~~~~~~~~~[m[K
[2.178s] [01m[K/home/manuel/ros2_ws/src/pwm_position_node/src/pwm_position_node.cpp:269:13:[m[K [01;31m[Kerror: [m[Ktemplate argument 1 is invalid
[2.178s]   269 |             [01;31m[KRCLCPP_WARN[m[K(get_logger(), "IK FAILED for XY(%.2f, %.2f) (likely joint limits). Retaining previous joint goals.",
[2.178s]       |             [01;31m[K^~~~~~~~~~~[m[K
[2.179s] [01m[K/home/manuel/ros2_ws/src/pwm_position_node/src/pwm_position_node.cpp:274:23:[m[K [01;31m[Kerror: [m[Kâ€˜[01m[Kgoal_j1_deg_[m[Kâ€™ was not declared in this scope
[2.179s]   274 |     double error_j1 = [01;31m[Kgoal_j1_deg_[m[K - current_j1_deg_;
[2.179s]       |                       [01;31m[K^~~~~~~~~~~~[m[K
[2.183s] [01m[K/home/manuel/ros2_ws/src/pwm_position_node/src/pwm_position_node.cpp:275:23:[m[K [01;31m[Kerror: [m[Kâ€˜[01m[Kgoal_j2_deg_[m[Kâ€™ was not declared in this scope
[2.183s]   275 |     double error_j2 = [01;31m[Kgoal_j2_deg_[m[K - current_j2_deg_;
[2.183s]       |                       [01;31m[K^~~~~~~~~~~~[m[K
[2.186s] [01m[K/home/manuel/ros2_ws/src/pwm_position_node/src/pwm_position_node.cpp:277:27:[m[K [01;31m[Kerror: [m[Kâ€˜[01m[Kget_parameter[m[Kâ€™ was not declared in this scope
[2.186s]   277 |     double max_integral = [01;31m[Kget_parameter[m[K("max_integral_val").as_double();
[2.186s]       |                           [01;31m[K^~~~~~~~~~~~~[m[K
[2.189s] [01m[K/home/manuel/ros2_ws/src/pwm_position_node/src/pwm_position_node.cpp:278:5:[m[K [01;31m[Kerror: [m[Kâ€˜[01m[Kintegral_j1_[m[Kâ€™ was not declared in this scope
[2.189s]   278 |     [01;31m[Kintegral_j1_[m[K = std::clamp(integral_j1_ + error_j1 * dt_seconds, -max_integral, max_integral);
[2.190s]       |     [01;31m[K^~~~~~~~~~~~[m[K
[2.193s] [01m[K/home/manuel/ros2_ws/src/pwm_position_node/src/pwm_position_node.cpp:279:5:[m[K [01;31m[Kerror: [m[Kâ€˜[01m[Kintegral_j2_[m[Kâ€™ was not declared in this scope
[2.193s]   279 |     [01;31m[Kintegral_j2_[m[K = std::clamp(integral_j2_ + error_j2 * dt_seconds, -max_integral, max_integral);
[2.193s]       |     [01;31m[K^~~~~~~~~~~~[m[K
[2.197s] [01m[K/home/manuel/ros2_ws/src/pwm_position_node/src/pwm_position_node.cpp:281:40:[m[K [01;31m[Kerror: [m[Kâ€˜[01m[Kprev_error_j1_[m[Kâ€™ was not declared in this scope
[2.197s]   281 |     double derivative_j1 = (error_j1 - [01;31m[Kprev_error_j1_[m[K) / dt_seconds;
[2.197s]       |                                        [01;31m[K^~~~~~~~~~~~~~[m[K
[2.200s] [01m[K/home/manuel/ros2_ws/src/pwm_position_node/src/pwm_position_node.cpp:282:40:[m[K [01;31m[Kerror: [m[Kâ€˜[01m[Kprev_error_j2_[m[Kâ€™ was not declared in this scope
[2.200s]   282 |     double derivative_j2 = (error_j2 - [01;31m[Kprev_error_j2_[m[K) / dt_seconds;
[2.201s]       |                                        [01;31m[K^~~~~~~~~~~~~~[m[K
[2.201s] In file included from [01m[K/opt/ros/humble/include/rclcpp/rclcpp/client.hpp:40[m[K,
[2.201s]                  from [01m[K/opt/ros/humble/include/rclcpp/rclcpp/callback_group.hpp:24[m[K,
[2.201s]                  from [01m[K/opt/ros/humble/include/rclcpp/rclcpp/any_executable.hpp:20[m[K,
[2.201s]                  from [01m[K/opt/ros/humble/include/rclcpp/rclcpp/memory_strategy.hpp:25[m[K,
[2.201s]                  from [01m[K/opt/ros/humble/include/rclcpp/rclcpp/memory_strategies.hpp:18[m[K,
[2.201s]                  from [01m[K/opt/ros/humble/include/rclcpp/rclcpp/executor_options.hpp:20[m[K,
[2.201s]                  from [01m[K/opt/ros/humble/include/rclcpp/rclcpp/executor.hpp:37[m[K,
[2.201s]                  from [01m[K/opt/ros/humble/include/rclcpp/rclcpp/executors/multi_threaded_executor.hpp:25[m[K,
[2.201s]                  from [01m[K/opt/ros/humble/include/rclcpp/rclcpp/executors.hpp:21[m[K,
[2.201s]                  from [01m[K/opt/ros/humble/include/rclcpp/rclcpp/rclcpp.hpp:155[m[K,
[2.201s]                  from [01m[K/home/manuel/ros2_ws/src/pwm_position_node/src/pwm_position_node.cpp:6[m[K:
[2.201s] [01m[K/home/manuel/ros2_ws/src/pwm_position_node/src/pwm_position_node.cpp:301:27:[m[K [01;31m[Kerror: [m[Kâ€˜[01m[Kget_logger[m[Kâ€™ was not declared in this scope; did you mean â€˜[01m[Krclcpp::get_logger[m[Kâ€™?
[2.201s]   301 |     RCLCPP_DEBUG_THROTTLE([01;31m[Kget_logger[m[K(), *get_clock(), 100,
[2.202s]       |                           [01;31m[K^~~~~~~~~~[m[K
[2.202s] In file included from [01m[K/opt/ros/humble/include/rclcpp/rclcpp/logging.hpp:23[m[K,
[2.202s]                  from [01m[K/opt/ros/humble/include/rclcpp/rclcpp/client.hpp:40[m[K,
[2.202s]                  from [01m[K/opt/ros/humble/include/rclcpp/rclcpp/callback_group.hpp:24[m[K,
[2.202s]                  from [01m[K/opt/ros/humble/include/rclcpp/rclcpp/any_executable.hpp:20[m[K,
[2.202s]                  from [01m[K/opt/ros/humble/include/rclcpp/rclcpp/memory_strategy.hpp:25[m[K,
[2.202s]                  from [01m[K/opt/ros/humble/include/rclcpp/rclcpp/memory_strategies.hpp:18[m[K,
[2.202s]                  from [01m[K/opt/ros/humble/include/rclcpp/rclcpp/executor_options.hpp:20[m[K,
[2.202s]                  from [01m[K/opt/ros/humble/include/rclcpp/rclcpp/executor.hpp:37[m[K,
[2.202s]                  from [01m[K/opt/ros/humble/include/rclcpp/rclcpp/executors/multi_threaded_executor.hpp:25[m[K,
[2.202s]                  from [01m[K/opt/ros/humble/include/rclcpp/rclcpp/executors.hpp:21[m[K,
[2.202s]                  from [01m[K/opt/ros/humble/include/rclcpp/rclcpp/rclcpp.hpp:155[m[K,
[2.202s]                  from [01m[K/home/manuel/ros2_ws/src/pwm_position_node/src/pwm_position_node.cpp:6[m[K:
[2.202s] [01m[K/opt/ros/humble/include/rclcpp/rclcpp/logger.hpp:106:17:[m[K [01;36m[Knote: [m[Kâ€˜[01m[Krclcpp::get_logger[m[Kâ€™ declared here
[2.202s]   106 |   friend Logger [01;36m[Krclcpp[m[K::get_logger(const std::string & name);
[2.202s]       |                 [01;36m[K^~~~~~[m[K
[2.202s] In file included from [01m[K/opt/ros/humble/include/rclcpp/rclcpp/client.hpp:40[m[K,
[2.202s]                  from [01m[K/opt/ros/humble/include/rclcpp/rclcpp/callback_group.hpp:24[m[K,
[2.202s]                  from [01m[K/opt/ros/humble/include/rclcpp/rclcpp/any_executable.hpp:20[m[K,
[2.202s]                  from [01m[K/opt/ros/humble/include/rclcpp/rclcpp/memory_strategy.hpp:25[m[K,
[2.202s]                  from [01m[K/opt/ros/humble/include/rclcpp/rclcpp/memory_strategies.hpp:18[m[K,
[2.202s]                  from [01m[K/opt/ros/humble/include/rclcpp/rclcpp/executor_options.hpp:20[m[K,
[2.202s]                  from [01m[K/opt/ros/humble/include/rclcpp/rclcpp/executor.hpp:37[m[K,
[2.203s]                  from [01m[K/opt/ros/humble/include/rclcpp/rclcpp/executors/multi_threaded_executor.hpp:25[m[K,
[2.203s]                  from [01m[K/opt/ros/humble/include/rclcpp/rclcpp/executors.hpp:21[m[K,
[2.203s]                  from [01m[K/opt/ros/humble/include/rclcpp/rclcpp/rclcpp.hpp:155[m[K,
[2.203s]                  from [01m[K/home/manuel/ros2_ws/src/pwm_position_node/src/pwm_position_node.cpp:6[m[K:
[2.203s] [01m[K/home/manuel/ros2_ws/src/pwm_position_node/src/pwm_position_node.cpp:301:5:[m[K [01;31m[Kerror: [m[Ktemplate argument 1 is invalid
[2.203s]   301 |     [01;31m[KRCLCPP_DEBUG_THROTTLE[m[K(get_logger(), *get_clock(), 100,
[2.203s]       |     [01;31m[K^~~~~~~~~~~~~~~~~~~~~[m[K
[2.203s] [01m[K/home/manuel/ros2_ws/src/pwm_position_node/src/pwm_position_node.cpp:301:5:[m[K [01;31m[Kerror: [m[Ktemplate argument 1 is invalid
[2.203s]   301 |     [01;31m[KRCLCPP_DEBUG_THROTTLE[m[K(get_logger(), *get_clock(), 100,
[2.203s]       |     [01;31m[K^~~~~~~~~~~~~~~~~~~~~[m[K
[2.203s] [01m[K/home/manuel/ros2_ws/src/pwm_position_node/src/pwm_position_node.cpp:301:5:[m[K [01;31m[Kerror: [m[Ktemplate argument 1 is invalid
[2.203s]   301 |     [01;31m[KRCLCPP_DEBUG_THROTTLE[m[K(get_logger(), *get_clock(), 100,
[2.203s]       |     [01;31m[K^~~~~~~~~~~~~~~~~~~~~[m[K
[2.204s] [01m[K/home/manuel/ros2_ws/src/pwm_position_node/src/pwm_position_node.cpp:301:42:[m[K [01;31m[Kerror: [m[Kâ€˜[01m[Kget_clock[m[Kâ€™ was not declared in this scope
[2.204s]   301 |     RCLCPP_DEBUG_THROTTLE(get_logger(), *[01;31m[Kget_clock[m[K(), 100,
[2.204s]       |                                          [01;31m[K^~~~~~~~~[m[K
[2.206s] [01m[K/home/manuel/ros2_ws/src/pwm_position_node/src/pwm_position_node.cpp:[m[K In lambda function:
[2.206s] [01m[K/home/manuel/ros2_ws/src/pwm_position_node/src/pwm_position_node.cpp:301:5:[m[K [01;31m[Kerror: [m[Kâ€˜[01m[Kc[m[Kâ€™ was not declared in this scope
[2.207s]   301 |     [01;31m[KRCLCPP_DEBUG_THROTTLE[m[K(get_logger(), *get_clock(), 100,
[2.207s]       |     [01;31m[K^~~~~~~~~~~~~~~~~~~~~[m[K
[2.207s] [01m[K/home/manuel/ros2_ws/src/pwm_position_node/src/pwm_position_node.cpp:[m[K In function â€˜[01m[Kvoid control_loop(double)[m[Kâ€™:
[2.207s] [01m[K/home/manuel/ros2_ws/src/pwm_position_node/src/pwm_position_node.cpp:315:31:[m[K [01;31m[Kerror: [m[Kâ€˜[01m[Kget_logger[m[Kâ€™ was not declared in this scope; did you mean â€˜[01m[Krclcpp::get_logger[m[Kâ€™?
[2.207s]   315 |         RCLCPP_ERROR_THROTTLE([01;31m[Kget_logger[m[K(), *get_clock(), 2000, "Failed to add all params to GroupSyncWrite for PWM.");
[2.208s]       |                               [01;31m[K^~~~~~~~~~[m[K
[2.208s] In file included from [01m[K/opt/ros/humble/include/rclcpp/rclcpp/logging.hpp:23[m[K,
[2.208s]                  from [01m[K/opt/ros/humble/include/rclcpp/rclcpp/client.hpp:40[m[K,
[2.208s]                  from [01m[K/opt/ros/humble/include/rclcpp/rclcpp/callback_group.hpp:24[m[K,
[2.208s]                  from [01m[K/opt/ros/humble/include/rclcpp/rclcpp/any_executable.hpp:20[m[K,
[2.208s]                  from [01m[K/opt/ros/humble/include/rclcpp/rclcpp/memory_strategy.hpp:25[m[K,
[2.208s]                  from [01m[K/opt/ros/humble/include/rclcpp/rclcpp/memory_strategies.hpp:18[m[K,
[2.208s]                  from [01m[K/opt/ros/humble/include/rclcpp/rclcpp/executor_options.hpp:20[m[K,
[2.208s]                  from [01m[K/opt/ros/humble/include/rclcpp/rclcpp/executor.hpp:37[m[K,
[2.208s]                  from [01m[K/opt/ros/humble/include/rclcpp/rclcpp/executors/multi_threaded_executor.hpp:25[m[K,
[2.208s]                  from [01m[K/opt/ros/humble/include/rclcpp/rclcpp/executors.hpp:21[m[K,
[2.208s]                  from [01m[K/opt/ros/humble/include/rclcpp/rclcpp/rclcpp.hpp:155[m[K,
[2.208s]                  from [01m[K/home/manuel/ros2_ws/src/pwm_position_node/src/pwm_position_node.cpp:6[m[K:
[2.208s] [01m[K/opt/ros/humble/include/rclcpp/rclcpp/logger.hpp:106:17:[m[K [01;36m[Knote: [m[Kâ€˜[01m[Krclcpp::get_logger[m[Kâ€™ declared here
[2.208s]   106 |   friend Logger [01;36m[Krclcpp[m[K::get_logger(const std::string & name);
[2.208s]       |                 [01;36m[K^~~~~~[m[K
[2.208s] In file included from [01m[K/opt/ros/humble/include/rclcpp/rclcpp/client.hpp:40[m[K,
[2.208s]                  from [01m[K/opt/ros/humble/include/rclcpp/rclcpp/callback_group.hpp:24[m[K,
[2.208s]                  from [01m[K/opt/ros/humble/include/rclcpp/rclcpp/any_executable.hpp:20[m[K,
[2.208s]                  from [01m[K/opt/ros/humble/include/rclcpp/rclcpp/memory_strategy.hpp:25[m[K,
[2.208s]                  from [01m[K/opt/ros/humble/include/rclcpp/rclcpp/memory_strategies.hpp:18[m[K,
[2.209s]                  from [01m[K/opt/ros/humble/include/rclcpp/rclcpp/executor_options.hpp:20[m[K,
[2.209s]                  from [01m[K/opt/ros/humble/include/rclcpp/rclcpp/executor.hpp:37[m[K,
[2.209s]                  from [01m[K/opt/ros/humble/include/rclcpp/rclcpp/executors/multi_threaded_executor.hpp:25[m[K,
[2.209s]                  from [01m[K/opt/ros/humble/include/rclcpp/rclcpp/executors.hpp:21[m[K,
[2.209s]                  from [01m[K/opt/ros/humble/include/rclcpp/rclcpp/rclcpp.hpp:155[m[K,
[2.209s]                  from [01m[K/home/manuel/ros2_ws/src/pwm_position_node/src/pwm_position_node.cpp:6[m[K:
[2.209s] [01m[K/home/manuel/ros2_ws/src/pwm_position_node/src/pwm_position_node.cpp:315:9:[m[K [01;31m[Kerror: [m[Ktemplate argument 1 is invalid
[2.209s]   315 |         [01;31m[KRCLCPP_ERROR_THROTTLE[m[K(get_logger(), *get_clock(), 2000, "Failed to add all params to GroupSyncWrite for PWM.");
[2.209s]       |         [01;31m[K^~~~~~~~~~~~~~~~~~~~~[m[K
[2.209s] [01m[K/home/manuel/ros2_ws/src/pwm_position_node/src/pwm_position_node.cpp:315:9:[m[K [01;31m[Kerror: [m[Ktemplate argument 1 is invalid
[2.209s]   315 |         [01;31m[KRCLCPP_ERROR_THROTTLE[m[K(get_logger(), *get_clock(), 2000, "Failed to add all params to GroupSyncWrite for PWM.");
[2.209s]       |         [01;31m[K^~~~~~~~~~~~~~~~~~~~~[m[K
[2.209s] [01m[K/home/manuel/ros2_ws/src/pwm_position_node/src/pwm_position_node.cpp:315:9:[m[K [01;31m[Kerror: [m[Ktemplate argument 1 is invalid
[2.209s]   315 |         [01;31m[KRCLCPP_ERROR_THROTTLE[m[K(get_logger(), *get_clock(), 2000, "Failed to add all params to GroupSyncWrite for PWM.");
[2.209s]       |         [01;31m[K^~~~~~~~~~~~~~~~~~~~~[m[K
[2.210s] [01m[K/home/manuel/ros2_ws/src/pwm_position_node/src/pwm_position_node.cpp:315:46:[m[K [01;31m[Kerror: [m[Kâ€˜[01m[Kget_clock[m[Kâ€™ was not declared in this scope
[2.210s]   315 |         RCLCPP_ERROR_THROTTLE(get_logger(), *[01;31m[Kget_clock[m[K(), 2000, "Failed to add all params to GroupSyncWrite for PWM.");
[2.210s]       |                                              [01;31m[K^~~~~~~~~[m[K
[2.213s] [01m[K/home/manuel/ros2_ws/src/pwm_position_node/src/pwm_position_node.cpp:[m[K In lambda function:
[2.213s] [01m[K/home/manuel/ros2_ws/src/pwm_position_node/src/pwm_position_node.cpp:315:9:[m[K [01;31m[Kerror: [m[Kâ€˜[01m[Kc[m[Kâ€™ was not declared in this scope
[2.213s]   315 |         [01;31m[KRCLCPP_ERROR_THROTTLE[m[K(get_logger(), *get_clock(), 2000, "Failed to add all params to GroupSyncWrite for PWM.");
[2.214s]       |         [01;31m[K^~~~~~~~~~~~~~~~~~~~~[m[K
[2.217s] [01m[K/home/manuel/ros2_ws/src/pwm_position_node/src/pwm_position_node.cpp:[m[K In function â€˜[01m[Kvoid control_loop(double)[m[Kâ€™:
[2.217s] [01m[K/home/manuel/ros2_ws/src/pwm_position_node/src/pwm_position_node.cpp:320:42:[m[K [01;31m[Kerror: [m[Kâ€˜[01m[Kcomms_mutex_[m[Kâ€™ was not declared in this scope
[2.217s]   320 |         std::lock_guard<std::mutex> lock([01;31m[Kcomms_mutex_[m[K);
[2.217s]       |                                          [01;31m[K^~~~~~~~~~~~[m[K
[2.218s] In file included from [01m[K/opt/ros/humble/include/rclcpp/rclcpp/client.hpp:40[m[K,
[2.218s]                  from [01m[K/opt/ros/humble/include/rclcpp/rclcpp/callback_group.hpp:24[m[K,
[2.218s]                  from [01m[K/opt/ros/humble/include/rclcpp/rclcpp/any_executable.hpp:20[m[K,
[2.218s]                  from [01m[K/opt/ros/humble/include/rclcpp/rclcpp/memory_strategy.hpp:25[m[K,
[2.218s]                  from [01m[K/opt/ros/humble/include/rclcpp/rclcpp/memory_strategies.hpp:18[m[K,
[2.218s]                  from [01m[K/opt/ros/humble/include/rclcpp/rclcpp/executor_options.hpp:20[m[K,
[2.218s]                  from [01m[K/opt/ros/humble/include/rclcpp/rclcpp/executor.hpp:37[m[K,
[2.218s]                  from [01m[K/opt/ros/humble/include/rclcpp/rclcpp/executors/multi_threaded_executor.hpp:25[m[K,
[2.218s]                  from [01m[K/opt/ros/humble/include/rclcpp/rclcpp/executors.hpp:21[m[K,
[2.218s]                  from [01m[K/opt/ros/humble/include/rclcpp/rclcpp/rclcpp.hpp:155[m[K,
[2.218s]                  from [01m[K/home/manuel/ros2_ws/src/pwm_position_node/src/pwm_position_node.cpp:6[m[K:
[2.218s] [01m[K/home/manuel/ros2_ws/src/pwm_position_node/src/pwm_position_node.cpp:324:31:[m[K [01;31m[Kerror: [m[Kâ€˜[01m[Kget_logger[m[Kâ€™ was not declared in this scope; did you mean â€˜[01m[Krclcpp::get_logger[m[Kâ€™?
[2.218s]   324 |         RCLCPP_ERROR_THROTTLE([01;31m[Kget_logger[m[K(), *get_clock(), 2000, "SyncWrite for Goal PWM failed: %s", packet_->getTxRxResult(dxl_comm_result));
[2.218s]       |                               [01;31m[K^~~~~~~~~~[m[K
[2.218s] In file included from [01m[K/opt/ros/humble/include/rclcpp/rclcpp/logging.hpp:23[m[K,
[2.218s]                  from [01m[K/opt/ros/humble/include/rclcpp/rclcpp/client.hpp:40[m[K,
[2.218s]                  from [01m[K/opt/ros/humble/include/rclcpp/rclcpp/callback_group.hpp:24[m[K,
[2.218s]                  from [01m[K/opt/ros/humble/include/rclcpp/rclcpp/any_executable.hpp:20[m[K,
[2.218s]                  from [01m[K/opt/ros/humble/include/rclcpp/rclcpp/memory_strategy.hpp:25[m[K,
[2.219s]                  from [01m[K/opt/ros/humble/include/rclcpp/rclcpp/memory_strategies.hpp:18[m[K,
[2.219s]                  from [01m[K/opt/ros/humble/include/rclcpp/rclcpp/executor_options.hpp:20[m[K,
[2.219s]                  from [01m[K/opt/ros/humble/include/rclcpp/rclcpp/executor.hpp:37[m[K,
[2.219s]                  from [01m[K/opt/ros/humble/include/rclcpp/rclcpp/executors/multi_threaded_executor.hpp:25[m[K,
[2.219s]                  from [01m[K/opt/ros/humble/include/rclcpp/rclcpp/executors.hpp:21[m[K,
[2.219s]                  from [01m[K/opt/ros/humble/include/rclcpp/rclcpp/rclcpp.hpp:155[m[K,
[2.219s]                  from [01m[K/home/manuel/ros2_ws/src/pwm_position_node/src/pwm_position_node.cpp:6[m[K:
[2.219s] [01m[K/opt/ros/humble/include/rclcpp/rclcpp/logger.hpp:106:17:[m[K [01;36m[Knote: [m[Kâ€˜[01m[Krclcpp::get_logger[m[Kâ€™ declared here
[2.219s]   106 |   friend Logger [01;36m[Krclcpp[m[K::get_logger(const std::string & name);
[2.219s]       |                 [01;36m[K^~~~~~[m[K
[2.219s] In file included from [01m[K/opt/ros/humble/include/rclcpp/rclcpp/client.hpp:40[m[K,
[2.219s]                  from [01m[K/opt/ros/humble/include/rclcpp/rclcpp/callback_group.hpp:24[m[K,
[2.219s]                  from [01m[K/opt/ros/humble/include/rclcpp/rclcpp/any_executable.hpp:20[m[K,
[2.219s]                  from [01m[K/opt/ros/humble/include/rclcpp/rclcpp/memory_strategy.hpp:25[m[K,
[2.219s]                  from [01m[K/opt/ros/humble/include/rclcpp/rclcpp/memory_strategies.hpp:18[m[K,
[2.219s]                  from [01m[K/opt/ros/humble/include/rclcpp/rclcpp/executor_options.hpp:20[m[K,
[2.219s]                  from [01m[K/opt/ros/humble/include/rclcpp/rclcpp/executor.hpp:37[m[K,
[2.219s]                  from [01m[K/opt/ros/humble/include/rclcpp/rclcpp/executors/multi_threaded_executor.hpp:25[m[K,
[2.219s]                  from [01m[K/opt/ros/humble/include/rclcpp/rclcpp/executors.hpp:21[m[K,
[2.219s]                  from [01m[K/opt/ros/humble/include/rclcpp/rclcpp/rclcpp.hpp:155[m[K,
[2.219s]                  from [01m[K/home/manuel/ros2_ws/src/pwm_position_node/src/pwm_position_node.cpp:6[m[K:
[2.219s] [01m[K/home/manuel/ros2_ws/src/pwm_position_node/src/pwm_position_node.cpp:324:9:[m[K [01;31m[Kerror: [m[Ktemplate argument 1 is invalid
[2.219s]   324 |         [01;31m[KRCLCPP_ERROR_THROTTLE[m[K(get_logger(), *get_clock(), 2000, "SyncWrite for Goal PWM failed: %s", packet_->getTxRxResult(dxl_comm_result));
[2.219s]       |         [01;31m[K^~~~~~~~~~~~~~~~~~~~~[m[K
[2.220s] [01m[K/home/manuel/ros2_ws/src/pwm_position_node/src/pwm_position_node.cpp:324:9:[m[K [01;31m[Kerror: [m[Ktemplate argument 1 is invalid
[2.220s]   324 |         [01;31m[KRCLCPP_ERROR_THROTTLE[m[K(get_logger(), *get_clock(), 2000, "SyncWrite for Goal PWM failed: %s", packet_->getTxRxResult(dxl_comm_result));
[2.220s]       |         [01;31m[K^~~~~~~~~~~~~~~~~~~~~[m[K
[2.220s] [01m[K/home/manuel/ros2_ws/src/pwm_position_node/src/pwm_position_node.cpp:324:9:[m[K [01;31m[Kerror: [m[Ktemplate argument 1 is invalid
[2.220s]   324 |         [01;31m[KRCLCPP_ERROR_THROTTLE[m[K(get_logger(), *get_clock(), 2000, "SyncWrite for Goal PWM failed: %s", packet_->getTxRxResult(dxl_comm_result));
[2.220s]       |         [01;31m[K^~~~~~~~~~~~~~~~~~~~~[m[K
[2.220s] [01m[K/home/manuel/ros2_ws/src/pwm_position_node/src/pwm_position_node.cpp:324:46:[m[K [01;31m[Kerror: [m[Kâ€˜[01m[Kget_clock[m[Kâ€™ was not declared in this scope
[2.220s]   324 |         RCLCPP_ERROR_THROTTLE(get_logger(), *[01;31m[Kget_clock[m[K(), 2000, "SyncWrite for Goal PWM failed: %s", packet_->getTxRxResult(dxl_comm_result));
[2.220s]       |                                              [01;31m[K^~~~~~~~~[m[K
[2.223s] [01m[K/home/manuel/ros2_ws/src/pwm_position_node/src/pwm_position_node.cpp:[m[K In lambda function:
[2.223s] [01m[K/home/manuel/ros2_ws/src/pwm_position_node/src/pwm_position_node.cpp:324:9:[m[K [01;31m[Kerror: [m[Kâ€˜[01m[Kc[m[Kâ€™ was not declared in this scope
[2.223s]   324 |         [01;31m[KRCLCPP_ERROR_THROTTLE[m[K(get_logger(), *get_clock(), 2000, "SyncWrite for Goal PWM failed: %s", packet_->getTxRxResult(dxl_comm_result));
[2.223s]       |         [01;31m[K^~~~~~~~~~~~~~~~~~~~~[m[K
[2.259s] [01m[K/home/manuel/ros2_ws/src/pwm_position_node/src/pwm_position_node.cpp:[m[K At global scope:
[2.259s] [01m[K/home/manuel/ros2_ws/src/pwm_position_node/src/pwm_position_node.cpp:351:1:[m[K [01;31m[Kerror: [m[Kexpected declaration before â€˜[01m[K}[m[Kâ€™ token
[2.259s]   351 | [01;31m[K}[m[K;
[2.259s]       | [01;31m[K^[m[K
[2.259s] [01m[K/home/manuel/ros2_ws/src/pwm_position_node/src/pwm_position_node.cpp:[m[K In function â€˜[01m[Kint main(int, char**)[m[Kâ€™:
[2.259s] [01m[K/home/manuel/ros2_ws/src/pwm_position_node/src/pwm_position_node.cpp:356:43:[m[K [01;31m[Kerror: [m[Kno matching function for call to â€˜[01m[Kmake_shared<PWMPosNode>()[m[Kâ€™
[2.259s]   356 |   auto node = [01;31m[Kstd::make_shared<PWMPosNode>()[m[K;
[2.259s]       |               [01;31m[K~~~~~~~~~~~~~~~~~~~~~~~~~~~~^~[m[K
[2.259s] In file included from [01m[K/usr/include/c++/11/memory:77[m[K,
[2.259s]                  from [01m[K/home/manuel/ros2_ws/src/pwm_position_node/src/pwm_position_node.cpp:2[m[K:
[2.259s] [01m[K/usr/include/c++/11/bits/shared_ptr.h:875:5:[m[K [01;36m[Knote: [m[Kcandidate: â€˜[01m[Ktemplate<class _Tp, class ... _Args> std::shared_ptr<_Tp> std::make_shared(_Args&& ...)[m[Kâ€™
[2.259s]   875 |     [01;36m[Kmake_shared[m[K(_Args&&... __args)
[2.259s]       |     [01;36m[K^~~~~~~~~~~[m[K
[2.260s] [01m[K/usr/include/c++/11/bits/shared_ptr.h:875:5:[m[K [01;36m[Knote: [m[K  template argument deduction/substitution failed:
[2.260s] [01m[K/home/manuel/ros2_ws/src/pwm_position_node/src/pwm_position_node.cpp:356:43:[m[K [01;31m[Kerror: [m[Ktype/value mismatch at argument 1 in template parameter list for â€˜[01m[Ktemplate<class _Tp, class ... _Args> std::shared_ptr<_Tp> std::make_shared(_Args&& ...)[m[Kâ€™
[2.260s]   356 |   auto node = [01;31m[Kstd::make_shared<PWMPosNode>()[m[K;
[2.260s]       |               [01;31m[K~~~~~~~~~~~~~~~~~~~~~~~~~~~~^~[m[K
[2.260s] [01m[K/home/manuel/ros2_ws/src/pwm_position_node/src/pwm_position_node.cpp:356:43:[m[K [01;36m[Knote: [m[K  expected a type, got â€˜[01m[KPWMPosNode[m[Kâ€™
[2.597s] [01m[K/home/manuel/ros2_ws/src/pwm_position_node/src/pwm_position_node.cpp:[m[K In function â€˜[01m[Kint PWMPosNode()[m[Kâ€™:
[2.597s] [01m[K/home/manuel/ros2_ws/src/pwm_position_node/src/pwm_position_node.cpp:115:3:[m[K [01;35m[Kwarning: [m[Kcontrol reaches end of non-void function [[01;35m[K]8;;https://gcc.gnu.org/onlinedocs/gcc/Warning-Options.html#index-Wreturn-type-Wreturn-type]8;;[m[K]
[2.597s]   115 |   [01;35m[K}[m[K
[2.597s]       |   [01;35m[K^[m[K
[2.620s] gmake[2]: *** [CMakeFiles/pwm_position_node.dir/build.make:76: CMakeFiles/pwm_position_node.dir/src/pwm_position_node.cpp.o] Error 1
[2.620s] gmake[1]: *** [CMakeFiles/Makefile2:137: CMakeFiles/pwm_position_node.dir/all] Error 2
[2.620s] gmake: *** [Makefile:146: all] Error 2
[2.622s] Invoked command in '/home/manuel/ros2_ws/build/pwm_position_node' returned '2': CMAKE_PREFIX_PATH=/home/manuel/ros2_ws/install/inverse_kinematics_node:/home/manuel/ros2_ws/install/dynamixel_sdk:/home/manuel/ros2_ws/install/synthetic_ball_publisher:/home/manuel/ros2_ws/install/pwm_position_node:/home/manuel/ros2_ws/install/my_cpp_pkg:/home/manuel/ros2_ws/install/joint_positions_node:/home/manuel/ros2_ws/install/ball_arm_tracker:/home/manuel/ros2_ws/install/dynamixel_sdk_examples:/home/manuel/ros2_ws/install/dynamixel_sdk_custom_interfaces:/home/manuel/ros2_ws/install/dual_dynamixel_node:/home/manuel/ros2_ws/install/ball_centroid_detector:/home/manuel/ros2_ws/install/joint_plotter:/opt/ros/humble LD_LIBRARY_PATH=/home/manuel/ros2_ws/install/inverse_kinematics_node/lib:/home/manuel/ros2_ws/install/dynamixel_sdk/lib:/home/manuel/ros2_ws/install/joint_positions_node/lib:/home/manuel/ros2_ws/install/dynamixel_sdk_custom_interfaces/lib:/home/manuel/ros2_ws/install/dual_dynamixel_node/lib:/opt/ros/humble/opt/rviz_ogre_vendor/lib:/opt/ros/humble/lib/x86_64-linux-gnu:/opt/ros/humble/lib /usr/bin/cmake --build /home/manuel/ros2_ws/build/pwm_position_node -- -j12 -l12
