[35m[1mConsolidate compiler generated dependencies of target pwm_position_node[0m
[ 50%] [32mBuilding CXX object CMakeFiles/pwm_position_node.dir/src/pwm_position_node.cpp.o[0m
In file included from [01m[K/opt/ros/humble/include/rclcpp/rclcpp/logging.hpp:24[m[K,
                 from [01m[K/opt/ros/humble/include/rclcpp/rclcpp/client.hpp:40[m[K,
                 from [01m[K/opt/ros/humble/include/rclcpp/rclcpp/callback_group.hpp:24[m[K,
                 from [01m[K/opt/ros/humble/include/rclcpp/rclcpp/any_executable.hpp:20[m[K,
                 from [01m[K/opt/ros/humble/include/rclcpp/rclcpp/memory_strategy.hpp:25[m[K,
                 from [01m[K/opt/ros/humble/include/rclcpp/rclcpp/memory_strategies.hpp:18[m[K,
                 from [01m[K/opt/ros/humble/include/rclcpp/rclcpp/executor_options.hpp:20[m[K,
                 from [01m[K/opt/ros/humble/include/rclcpp/rclcpp/executor.hpp:37[m[K,
                 from [01m[K/opt/ros/humble/include/rclcpp/rclcpp/executors/multi_threaded_executor.hpp:25[m[K,
                 from [01m[K/opt/ros/humble/include/rclcpp/rclcpp/executors.hpp:21[m[K,
                 from [01m[K/opt/ros/humble/include/rclcpp/rclcpp/rclcpp.hpp:155[m[K,
                 from [01m[K/home/manuel/ros2_ws/src/pwm_position_node/src/pwm_position_node.cpp:5[m[K:
[01m[K/home/manuel/ros2_ws/src/pwm_position_node/src/pwm_position_node.cpp:[m[K In constructor â€˜[01m[KPWMPosNode::PWMPosNode()[m[Kâ€™:
[01m[K/home/manuel/ros2_ws/src/pwm_position_node/src/pwm_position_node.cpp:121:33:[m[K [01;35m[Kwarning: [m[Kformat â€˜[01m[K%d[m[Kâ€™ expects argument of type â€˜[01m[Kint[m[Kâ€™, but argument 5 has type â€˜[01m[Kint64_t[m[Kâ€™ {aka â€˜[01m[Klong int[m[Kâ€™} [[01;35m[K]8;;https://gcc.gnu.org/onlinedocs/gcc/Warning-Options.html#index-Wformat=-Wformat=]8;;[m[K]
  121 |       RCLCPP_FATAL(get_logger(),[01;35m[K"Failed to set baudrate to %d"[m[K, [32m[Kget_parameter("baudrate").as_int()[m[K);
      |                                 [01;35m[K^~~~~~~~~~~~~~~~~~~~~~~~~~~~~~[m[K  [32m[K~~~~~~~~~~~~~~~~~~~~~~~~~~~~~~~~~~[m[K
      |                                                                                                 [32m[K|[m[K
      |                                                                                                 [32m[Kint64_t {aka long int}[m[K
[01m[K/home/manuel/ros2_ws/src/pwm_position_node/src/pwm_position_node.cpp:121:61:[m[K [01;36m[Knote: [m[Kformat string is defined here
  121 |       RCLCPP_FATAL(get_logger(),"Failed to set baudrate to [01;36m[K%d[m[K", get_parameter("baudrate").as_int());
      |                                                            [01;36m[K~^[m[K
      |                                                             [01;36m[K|[m[K
      |                                                             [01;36m[Kint[m[K
      |                                                            [32m[K%ld[m[K
[01m[K/home/manuel/ros2_ws/src/pwm_position_node/src/pwm_position_node.cpp:[m[K In member function â€˜[01m[Kvoid PWMPosNode::initialize_goals_to_current_positions()[m[Kâ€™:
[01m[K/home/manuel/ros2_ws/src/pwm_position_node/src/pwm_position_node.cpp:196:9:[m[K [01;31m[Kerror: [m[Kâ€˜[01m[Kbool_t[m[Kâ€™ was not declared in this scope; did you mean â€˜[01m[Kbool[m[Kâ€™?
  196 |         [01;31m[Kbool_t[m[K is_available_1 = group_sync_read.isAvailable(ID_1, ADDR_PRESENT_POSITION, 4);
      |         [01;31m[K^~~~~~[m[K
      |         [32m[Kbool[m[K
[01m[K/home/manuel/ros2_ws/src/pwm_position_node/src/pwm_position_node.cpp:197:16:[m[K [01;31m[Kerror: [m[Kexpected â€˜[01m[K;[m[Kâ€™ before â€˜[01m[Kis_available_2[m[Kâ€™
  197 |         bool_t [01;31m[Kis_available_2[m[K = group_sync_read.isAvailable(ID_2, ADDR_PRESENT_POSITION, 4);
      |                [01;31m[K^~~~~~~~~~~~~~[m[K
[01m[K/home/manuel/ros2_ws/src/pwm_position_node/src/pwm_position_node.cpp:199:13:[m[K [01;31m[Kerror: [m[Kâ€˜[01m[Kis_available_1[m[Kâ€™ was not declared in this scope
  199 |         if ([01;31m[Kis_available_1[m[K) {
      |             [01;31m[K^~~~~~~~~~~~~~[m[K
[01m[K/home/manuel/ros2_ws/src/pwm_position_node/src/pwm_position_node.cpp:206:13:[m[K [01;31m[Kerror: [m[Kâ€˜[01m[Kis_available_2[m[Kâ€™ was not declared in this scope
  206 |         if ([01;31m[Kis_available_2[m[K) {
      |             [01;31m[K^~~~~~~~~~~~~~[m[K
[01m[K/home/manuel/ros2_ws/src/pwm_position_node/src/pwm_position_node.cpp:[m[K In member function â€˜[01m[Kvoid PWMPosNode::control_loop(double)[m[Kâ€™:
[01m[K/home/manuel/ros2_ws/src/pwm_position_node/src/pwm_position_node.cpp:260:5:[m[K [01;31m[Kerror: [m[Kâ€˜[01m[Kbool_t[m[Kâ€™ was not declared in this scope; did you mean â€˜[01m[Kbool[m[Kâ€™?
  260 |     [01;31m[Kbool_t[m[K is_available_1 = group_sync_read.isAvailable(ID_1, ADDR_PRESENT_POSITION, 4);
      |     [01;31m[K^~~~~~[m[K
      |     [32m[Kbool[m[K
[01m[K/home/manuel/ros2_ws/src/pwm_position_node/src/pwm_position_node.cpp:261:12:[m[K [01;31m[Kerror: [m[Kexpected â€˜[01m[K;[m[Kâ€™ before â€˜[01m[Kis_available_2[m[Kâ€™
  261 |     bool_t [01;31m[Kis_available_2[m[K = group_sync_read.isAvailable(ID_2, ADDR_PRESENT_POSITION, 4);
      |            [01;31m[K^~~~~~~~~~~~~~[m[K
[01m[K/home/manuel/ros2_ws/src/pwm_position_node/src/pwm_position_node.cpp:263:10:[m[K [01;31m[Kerror: [m[Kâ€˜[01m[Kis_available_1[m[Kâ€™ was not declared in this scope
  263 |     if (![01;31m[Kis_available_1[m[K || !is_available_2) {
      |          [01;31m[K^~~~~~~~~~~~~~[m[K
[01m[K/home/manuel/ros2_ws/src/pwm_position_node/src/pwm_position_node.cpp:263:29:[m[K [01;31m[Kerror: [m[Kâ€˜[01m[Kis_available_2[m[Kâ€™ was not declared in this scope
  263 |     if (!is_available_1 || ![01;31m[Kis_available_2[m[K) {
      |                             [01;31m[K^~~~~~~~~~~~~~[m[K
gmake[2]: *** [CMakeFiles/pwm_position_node.dir/build.make:76: CMakeFiles/pwm_position_node.dir/src/pwm_position_node.cpp.o] Error 1
gmake[1]: *** [CMakeFiles/Makefile2:137: CMakeFiles/pwm_position_node.dir/all] Error 2
gmake: *** [Makefile:146: all] Error 2
