[0.013s] Invoking command in '/home/manuel/ros2_ws/build/pwm_position_node': CMAKE_PREFIX_PATH=/home/manuel/ros2_ws/install/inverse_kinematics_node:/home/manuel/ros2_ws/install/dynamixel_sdk:/home/manuel/ros2_ws/install/synthetic_ball_publisher:/home/manuel/ros2_ws/install/pwm_position_node:/home/manuel/ros2_ws/install/my_cpp_pkg:/home/manuel/ros2_ws/install/joint_positions_node:/home/manuel/ros2_ws/install/ball_arm_tracker:/home/manuel/ros2_ws/install/dynamixel_sdk_examples:/home/manuel/ros2_ws/install/dynamixel_sdk_custom_interfaces:/home/manuel/ros2_ws/install/dual_dynamixel_node:/home/manuel/ros2_ws/install/ball_centroid_detector:/home/manuel/ros2_ws/install/joint_plotter:/opt/ros/humble LD_LIBRARY_PATH=/home/manuel/ros2_ws/install/inverse_kinematics_node/lib:/home/manuel/ros2_ws/install/dynamixel_sdk/lib:/home/manuel/ros2_ws/install/joint_positions_node/lib:/home/manuel/ros2_ws/install/dynamixel_sdk_custom_interfaces/lib:/home/manuel/ros2_ws/install/dual_dynamixel_node/lib:/opt/ros/humble/opt/rviz_ogre_vendor/lib:/opt/ros/humble/lib/x86_64-linux-gnu:/opt/ros/humble/lib /usr/bin/cmake --build /home/manuel/ros2_ws/build/pwm_position_node -- -j12 -l12
[0.047s] [35m[1mConsolidate compiler generated dependencies of target pwm_position_node[0m
[0.060s] [ 50%] [32mBuilding CXX object CMakeFiles/pwm_position_node.dir/src/pwm_position_node.cpp.o[0m
[2.028s] In file included from [01m[K/opt/ros/humble/include/rclcpp/rclcpp/logging.hpp:24[m[K,
[2.028s]                  from [01m[K/opt/ros/humble/include/rclcpp/rclcpp/client.hpp:40[m[K,
[2.028s]                  from [01m[K/opt/ros/humble/include/rclcpp/rclcpp/callback_group.hpp:24[m[K,
[2.028s]                  from [01m[K/opt/ros/humble/include/rclcpp/rclcpp/any_executable.hpp:20[m[K,
[2.028s]                  from [01m[K/opt/ros/humble/include/rclcpp/rclcpp/memory_strategy.hpp:25[m[K,
[2.028s]                  from [01m[K/opt/ros/humble/include/rclcpp/rclcpp/memory_strategies.hpp:18[m[K,
[2.028s]                  from [01m[K/opt/ros/humble/include/rclcpp/rclcpp/executor_options.hpp:20[m[K,
[2.028s]                  from [01m[K/opt/ros/humble/include/rclcpp/rclcpp/executor.hpp:37[m[K,
[2.028s]                  from [01m[K/opt/ros/humble/include/rclcpp/rclcpp/executors/multi_threaded_executor.hpp:25[m[K,
[2.028s]                  from [01m[K/opt/ros/humble/include/rclcpp/rclcpp/executors.hpp:21[m[K,
[2.028s]                  from [01m[K/opt/ros/humble/include/rclcpp/rclcpp/rclcpp.hpp:155[m[K,
[2.028s]                  from [01m[K/home/manuel/ros2_ws/src/pwm_position_node/src/pwm_position_node.cpp:5[m[K:
[2.028s] [01m[K/home/manuel/ros2_ws/src/pwm_position_node/src/pwm_position_node.cpp:[m[K In constructor â€˜[01m[KPWMPosNode::PWMPosNode()[m[Kâ€™:
[2.028s] [01m[K/home/manuel/ros2_ws/src/pwm_position_node/src/pwm_position_node.cpp:121:33:[m[K [01;35m[Kwarning: [m[Kformat â€˜[01m[K%d[m[Kâ€™ expects argument of type â€˜[01m[Kint[m[Kâ€™, but argument 5 has type â€˜[01m[Kint64_t[m[Kâ€™ {aka â€˜[01m[Klong int[m[Kâ€™} [[01;35m[K]8;;https://gcc.gnu.org/onlinedocs/gcc/Warning-Options.html#index-Wformat=-Wformat=]8;;[m[K]
[2.028s]   121 |       RCLCPP_FATAL(get_logger(),[01;35m[K"Failed to set baudrate to %d"[m[K, [32m[Kget_parameter("baudrate").as_int()[m[K);
[2.028s]       |                                 [01;35m[K^~~~~~~~~~~~~~~~~~~~~~~~~~~~~~[m[K  [32m[K~~~~~~~~~~~~~~~~~~~~~~~~~~~~~~~~~~[m[K
[2.028s]       |                                                                                                 [32m[K|[m[K
[2.028s]       |                                                                                                 [32m[Kint64_t {aka long int}[m[K
[2.029s] [01m[K/home/manuel/ros2_ws/src/pwm_position_node/src/pwm_position_node.cpp:121:61:[m[K [01;36m[Knote: [m[Kformat string is defined here
[2.029s]   121 |       RCLCPP_FATAL(get_logger(),"Failed to set baudrate to [01;36m[K%d[m[K", get_parameter("baudrate").as_int());
[2.029s]       |                                                            [01;36m[K~^[m[K
[2.029s]       |                                                             [01;36m[K|[m[K
[2.029s]       |                                                             [01;36m[Kint[m[K
[2.029s]       |                                                            [32m[K%ld[m[K
[2.050s] [01m[K/home/manuel/ros2_ws/src/pwm_position_node/src/pwm_position_node.cpp:[m[K In member function â€˜[01m[Kvoid PWMPosNode::initialize_goals_to_current_positions()[m[Kâ€™:
[2.050s] [01m[K/home/manuel/ros2_ws/src/pwm_position_node/src/pwm_position_node.cpp:196:9:[m[K [01;31m[Kerror: [m[Kâ€˜[01m[Kbool_t[m[Kâ€™ was not declared in this scope; did you mean â€˜[01m[Kbool[m[Kâ€™?
[2.050s]   196 |         [01;31m[Kbool_t[m[K is_available_1 = group_sync_read.isAvailable(ID_1, ADDR_PRESENT_POSITION, 4);
[2.051s]       |         [01;31m[K^~~~~~[m[K
[2.051s]       |         [32m[Kbool[m[K
[2.051s] [01m[K/home/manuel/ros2_ws/src/pwm_position_node/src/pwm_position_node.cpp:197:16:[m[K [01;31m[Kerror: [m[Kexpected â€˜[01m[K;[m[Kâ€™ before â€˜[01m[Kis_available_2[m[Kâ€™
[2.051s]   197 |         bool_t [01;31m[Kis_available_2[m[K = group_sync_read.isAvailable(ID_2, ADDR_PRESENT_POSITION, 4);
[2.051s]       |                [01;31m[K^~~~~~~~~~~~~~[m[K
[2.058s] [01m[K/home/manuel/ros2_ws/src/pwm_position_node/src/pwm_position_node.cpp:199:13:[m[K [01;31m[Kerror: [m[Kâ€˜[01m[Kis_available_1[m[Kâ€™ was not declared in this scope
[2.058s]   199 |         if ([01;31m[Kis_available_1[m[K) {
[2.058s]       |             [01;31m[K^~~~~~~~~~~~~~[m[K
[2.066s] [01m[K/home/manuel/ros2_ws/src/pwm_position_node/src/pwm_position_node.cpp:206:13:[m[K [01;31m[Kerror: [m[Kâ€˜[01m[Kis_available_2[m[Kâ€™ was not declared in this scope
[2.066s]   206 |         if ([01;31m[Kis_available_2[m[K) {
[2.066s]       |             [01;31m[K^~~~~~~~~~~~~~[m[K
[2.075s] [01m[K/home/manuel/ros2_ws/src/pwm_position_node/src/pwm_position_node.cpp:[m[K In member function â€˜[01m[Kvoid PWMPosNode::control_loop(double)[m[Kâ€™:
[2.075s] [01m[K/home/manuel/ros2_ws/src/pwm_position_node/src/pwm_position_node.cpp:260:5:[m[K [01;31m[Kerror: [m[Kâ€˜[01m[Kbool_t[m[Kâ€™ was not declared in this scope; did you mean â€˜[01m[Kbool[m[Kâ€™?
[2.075s]   260 |     [01;31m[Kbool_t[m[K is_available_1 = group_sync_read.isAvailable(ID_1, ADDR_PRESENT_POSITION, 4);
[2.075s]       |     [01;31m[K^~~~~~[m[K
[2.075s]       |     [32m[Kbool[m[K
[2.075s] [01m[K/home/manuel/ros2_ws/src/pwm_position_node/src/pwm_position_node.cpp:261:12:[m[K [01;31m[Kerror: [m[Kexpected â€˜[01m[K;[m[Kâ€™ before â€˜[01m[Kis_available_2[m[Kâ€™
[2.075s]   261 |     bool_t [01;31m[Kis_available_2[m[K = group_sync_read.isAvailable(ID_2, ADDR_PRESENT_POSITION, 4);
[2.075s]       |            [01;31m[K^~~~~~~~~~~~~~[m[K
[2.082s] [01m[K/home/manuel/ros2_ws/src/pwm_position_node/src/pwm_position_node.cpp:263:10:[m[K [01;31m[Kerror: [m[Kâ€˜[01m[Kis_available_1[m[Kâ€™ was not declared in this scope
[2.082s]   263 |     if (![01;31m[Kis_available_1[m[K || !is_available_2) {
[2.082s]       |          [01;31m[K^~~~~~~~~~~~~~[m[K
[2.088s] [01m[K/home/manuel/ros2_ws/src/pwm_position_node/src/pwm_position_node.cpp:263:29:[m[K [01;31m[Kerror: [m[Kâ€˜[01m[Kis_available_2[m[Kâ€™ was not declared in this scope
[2.089s]   263 |     if (!is_available_1 || ![01;31m[Kis_available_2[m[K) {
[2.089s]       |                             [01;31m[K^~~~~~~~~~~~~~[m[K
[4.176s] gmake[2]: *** [CMakeFiles/pwm_position_node.dir/build.make:76: CMakeFiles/pwm_position_node.dir/src/pwm_position_node.cpp.o] Error 1
[4.176s] gmake[1]: *** [CMakeFiles/Makefile2:137: CMakeFiles/pwm_position_node.dir/all] Error 2
[4.176s] gmake: *** [Makefile:146: all] Error 2
[4.178s] Invoked command in '/home/manuel/ros2_ws/build/pwm_position_node' returned '2': CMAKE_PREFIX_PATH=/home/manuel/ros2_ws/install/inverse_kinematics_node:/home/manuel/ros2_ws/install/dynamixel_sdk:/home/manuel/ros2_ws/install/synthetic_ball_publisher:/home/manuel/ros2_ws/install/pwm_position_node:/home/manuel/ros2_ws/install/my_cpp_pkg:/home/manuel/ros2_ws/install/joint_positions_node:/home/manuel/ros2_ws/install/ball_arm_tracker:/home/manuel/ros2_ws/install/dynamixel_sdk_examples:/home/manuel/ros2_ws/install/dynamixel_sdk_custom_interfaces:/home/manuel/ros2_ws/install/dual_dynamixel_node:/home/manuel/ros2_ws/install/ball_centroid_detector:/home/manuel/ros2_ws/install/joint_plotter:/opt/ros/humble LD_LIBRARY_PATH=/home/manuel/ros2_ws/install/inverse_kinematics_node/lib:/home/manuel/ros2_ws/install/dynamixel_sdk/lib:/home/manuel/ros2_ws/install/joint_positions_node/lib:/home/manuel/ros2_ws/install/dynamixel_sdk_custom_interfaces/lib:/home/manuel/ros2_ws/install/dual_dynamixel_node/lib:/opt/ros/humble/opt/rviz_ogre_vendor/lib:/opt/ros/humble/lib/x86_64-linux-gnu:/opt/ros/humble/lib /usr/bin/cmake --build /home/manuel/ros2_ws/build/pwm_position_node -- -j12 -l12
