[35m[1mConsolidate compiler generated dependencies of target pwm_position_node[0m
[ 50%] [32mBuilding CXX object CMakeFiles/pwm_position_node.dir/src/pwm_position_node.cpp.o[0m
[01m[K/home/manuel/ros2_ws/src/pwm_position_node/src/pwm_position_node.cpp:[m[K In constructor â€˜[01m[KPWMPosNode::PWMPosNode()[m[Kâ€™:
[01m[K/home/manuel/ros2_ws/src/pwm_position_node/src/pwm_position_node.cpp:93:55:[m[K [01;31m[Kerror: [m[Kâ€˜[01m[Kclass rclcpp::Parameter[m[Kâ€™ has no member named â€˜[01m[Kas_int64[m[Kâ€™; did you mean â€˜[01m[Kas_int[m[Kâ€™?
   93 |     if(!port_->setBaudRate( get_parameter("baudrate").[01;31m[Kas_int64[m[K() )){ // Use as_int64() for clarity with %ld
      |                                                       [01;31m[K^~~~~~~~[m[K
      |                                                       [32m[Kas_int[m[K
In file included from [01m[K/opt/ros/humble/include/rclcpp/rclcpp/logging.hpp:24[m[K,
                 from [01m[K/opt/ros/humble/include/rclcpp/rclcpp/client.hpp:40[m[K,
                 from [01m[K/opt/ros/humble/include/rclcpp/rclcpp/callback_group.hpp:24[m[K,
                 from [01m[K/opt/ros/humble/include/rclcpp/rclcpp/any_executable.hpp:20[m[K,
                 from [01m[K/opt/ros/humble/include/rclcpp/rclcpp/memory_strategy.hpp:25[m[K,
                 from [01m[K/opt/ros/humble/include/rclcpp/rclcpp/memory_strategies.hpp:18[m[K,
                 from [01m[K/opt/ros/humble/include/rclcpp/rclcpp/executor_options.hpp:20[m[K,
                 from [01m[K/opt/ros/humble/include/rclcpp/rclcpp/executor.hpp:37[m[K,
                 from [01m[K/opt/ros/humble/include/rclcpp/rclcpp/executors/multi_threaded_executor.hpp:25[m[K,
                 from [01m[K/opt/ros/humble/include/rclcpp/rclcpp/executors.hpp:21[m[K,
                 from [01m[K/opt/ros/humble/include/rclcpp/rclcpp/rclcpp.hpp:155[m[K,
                 from [01m[K/home/manuel/ros2_ws/src/pwm_position_node/src/pwm_position_node.cpp:6[m[K:
[01m[K/home/manuel/ros2_ws/src/pwm_position_node/src/pwm_position_node.cpp:94:92:[m[K [01;31m[Kerror: [m[Kâ€˜[01m[Kclass rclcpp::Parameter[m[Kâ€™ has no member named â€˜[01m[Kas_int64[m[Kâ€™; did you mean â€˜[01m[Kas_int[m[Kâ€™?
   94 | PP_FATAL(get_logger(),"Failed to set baudrate to %ld", get_parameter("baudrate").[01;31m[Kas_int64[m[K());
      |                                                                                  [01;31m[K^~~~~~~~[m[K

gmake[2]: *** [CMakeFiles/pwm_position_node.dir/build.make:76: CMakeFiles/pwm_position_node.dir/src/pwm_position_node.cpp.o] Error 1
gmake[1]: *** [CMakeFiles/Makefile2:137: CMakeFiles/pwm_position_node.dir/all] Error 2
gmake: *** [Makefile:146: all] Error 2
