[0.060s] Invoking command in '/home/manuel/ros2_ws/src/build/my_cpp_pkg': CMAKE_PREFIX_PATH=${CMAKE_PREFIX_PATH}:/opt/ros/humble /usr/bin/cmake /home/manuel/ros2_ws/src/my_cpp_pkg -DCMAKE_INSTALL_PREFIX=/home/manuel/ros2_ws/src/install/my_cpp_pkg
[0.174s] -- Found ament_cmake: 1.3.11 (/opt/ros/humble/share/ament_cmake/cmake)
[0.811s] -- Override CMake install command with custom implementation using symlinks instead of copying resources
[0.858s] -- Found rclcpp: 16.0.12 (/opt/ros/humble/share/rclcpp/cmake)
[1.066s] -- Found rosidl_generator_c: 3.1.6 (/opt/ros/humble/share/rosidl_generator_c/cmake)
[1.080s] -- Found rosidl_adapter: 3.1.6 (/opt/ros/humble/share/rosidl_adapter/cmake)
[1.114s] -- Found rosidl_generator_cpp: 3.1.6 (/opt/ros/humble/share/rosidl_generator_cpp/cmake)
[1.170s] -- Using all available rosidl_typesupport_c: rosidl_typesupport_fastrtps_c;rosidl_typesupport_introspection_c
[1.231s] -- Using all available rosidl_typesupport_cpp: rosidl_typesupport_fastrtps_cpp;rosidl_typesupport_introspection_cpp
[1.407s] -- Found rmw_implementation_cmake: 6.1.2 (/opt/ros/humble/share/rmw_implementation_cmake/cmake)
[1.416s] -- Found rmw_fastrtps_cpp: 6.2.7 (/opt/ros/humble/share/rmw_fastrtps_cpp/cmake)
[2.376s] -- Using RMW implementation 'rmw_fastrtps_cpp' as default
[2.621s] -- Found ament_lint_auto: 0.12.12 (/opt/ros/humble/share/ament_lint_auto/cmake)
[2.968s] -- Added test 'cppcheck' to perform static code analysis on C / C++ code
[2.969s] -- Configured cppcheck include dirs: 
[2.969s] -- Configured cppcheck exclude dirs and/or files: 
[2.972s] -- Added test 'lint_cmake' to check CMake code style
[2.979s] -- Added test 'uncrustify' to check C / C++ code style
[2.979s] -- Configured uncrustify additional arguments: 
[2.981s] -- Added test 'xmllint' to check XML markup files
[2.988s] -- Configuring done
[3.053s] -- Generating done
[3.074s] -- Build files have been written to: /home/manuel/ros2_ws/src/build/my_cpp_pkg
[3.107s] Invoked command in '/home/manuel/ros2_ws/src/build/my_cpp_pkg' returned '0': CMAKE_PREFIX_PATH=${CMAKE_PREFIX_PATH}:/opt/ros/humble /usr/bin/cmake /home/manuel/ros2_ws/src/my_cpp_pkg -DCMAKE_INSTALL_PREFIX=/home/manuel/ros2_ws/src/install/my_cpp_pkg
[3.120s] Invoking command in '/home/manuel/ros2_ws/src/build/my_cpp_pkg': CMAKE_PREFIX_PATH=${CMAKE_PREFIX_PATH}:/opt/ros/humble /usr/bin/cmake --build /home/manuel/ros2_ws/src/build/my_cpp_pkg -- -j4 -l4
[3.299s] [35m[1mConsolidate compiler generated dependencies of target minimal_subscriber[0m
[3.391s] [ 50%] [32mBuilding CXX object CMakeFiles/minimal_subscriber.dir/src/main.cpp.o[0m
[5.485s] [01m[K/home/manuel/ros2_ws/src/my_cpp_pkg/src/main.cpp:13:16:[m[K [01;35m[Kwarning: [m[Kmissing terminating " character
[5.486s]    13 |         : Node([01;35m[K"[m[Kminimal_subscriber)
[5.487s]       |                [01;35m[K^[m[K
[5.487s] [01m[K/home/manuel/ros2_ws/src/my_cpp_pkg/src/main.cpp:13:16:[m[K [01;31m[Kerror: [m[Kmissing terminating " character
[5.487s]    13 |         : Node([01;31m[K"minimal_subscriber)[m[K
[5.488s]       |                [01;31m[K^~~~~~~~~~~~~~~~~~~~[m[K
[14.533s] [01m[K/home/manuel/ros2_ws/src/my_cpp_pkg/src/main.cpp:[m[K In constructor â€˜[01m[KMinimalSubscriber::MinimalSubscriber()[m[Kâ€™:
[14.533s] [01m[K/home/manuel/ros2_ws/src/my_cpp_pkg/src/main.cpp:15:17:[m[K [01;31m[Kerror: [m[Kâ€˜[01m[Ksubscription_[m[Kâ€™ was not declared in this scope; did you mean â€˜[01m[Krmw_subscription_t[m[Kâ€™?
[14.534s]    15 |                 [01;31m[Ksubscription_[m[K = this->create_subscription<std_msgs::String>(
[14.535s]       |                 [01;31m[K^~~~~~~~~~~~~[m[K
[14.536s]       |                 [32m[Krmw_subscription_t[m[K
[14.537s] [01m[K/home/manuel/ros2_ws/src/my_cpp_pkg/src/main.cpp:15:69:[m[K [01;31m[Kerror: [m[Kâ€˜[01m[KString[m[Kâ€™ is not a member of â€˜[01m[Kstd_msgs[m[Kâ€™; did you mean â€˜[01m[Kstd_msgs::msg::String[m[Kâ€™?
[14.537s]    15 |                 subscription_ = this->create_subscription<std_msgs::[01;31m[KString[m[K>(
[14.537s]       |                                                                     [01;31m[K^~~~~~[m[K
[14.538s] In file included from [01m[K/opt/ros/humble/include/std_msgs/std_msgs/msg/string.hpp:7[m[K,
[14.538s]                  from [01m[K/home/manuel/ros2_ws/src/my_cpp_pkg/src/main.cpp:5[m[K:
[14.538s] [01m[K/opt/ros/humble/include/std_msgs/std_msgs/msg/detail/string__struct.hpp:122:7:[m[K [01;36m[Knote: [m[Kâ€˜[01m[Kstd_msgs::msg::String[m[Kâ€™ declared here
[14.539s]   122 | using [01;36m[KString[m[K =
[14.539s]       |       [01;36m[K^~~~~~[m[K
[14.540s] [01m[K/home/manuel/ros2_ws/src/my_cpp_pkg/src/main.cpp:18:63:[m[K [01;31m[Kerror: [m[Kâ€˜[01m[Ktopic_callback[m[Kâ€™ is not a member of â€˜[01m[KMinimalSubscriber[m[Kâ€™
[14.540s]    18 |                                 std::bind(&MinimalSubscriber::[01;31m[Ktopic_callback[m[K, this, _1));
[14.541s]       |                                                               [01;31m[K^~~~~~~~~~~~~~[m[K
[14.541s] [01m[K/home/manuel/ros2_ws/src/my_cpp_pkg/src/main.cpp:18:89:[m[K [01;31m[Kerror: [m[Kexpected â€˜[01m[K}[m[Kâ€™ before â€˜[01m[K;[m[Kâ€™ token
[14.542s]    18 |                                 std::bind(&MinimalSubscriber::topic_callback, this, _1))[01;31m[K;[m[K
[14.542s]       |                                                                                         [01;31m[K^[m[K
[14.542s] [01m[K/home/manuel/ros2_ws/src/my_cpp_pkg/src/main.cpp:14:9:[m[K [01;36m[Knote: [m[Kto match this â€˜[01m[K{[m[Kâ€™
[14.543s]    14 |         [01;36m[K{[m[K
[14.543s]       |         [01;36m[K^[m[K
[14.544s] [01m[K/home/manuel/ros2_ws/src/my_cpp_pkg/src/main.cpp:18:89:[m[K [01;31m[Kerror: [m[Kexpected â€˜[01m[K)[m[Kâ€™ before â€˜[01m[K;[m[Kâ€™ token
[14.544s]    18 |                                 std::bind(&MinimalSubscriber::topic_callback, this, _1))[01;31m[K;[m[K
[14.545s]       |                                                                                         [01;31m[K^[m[K
[14.545s] [01m[K/home/manuel/ros2_ws/src/my_cpp_pkg/src/main.cpp:13:15:[m[K [01;36m[Knote: [m[Kto match this â€˜[01m[K([m[Kâ€™
[14.546s]    13 |         : Node[01;36m[K([m[K"minimal_subscriber)
[14.546s]       |               [01;36m[K^[m[K
[14.547s] [01m[K/home/manuel/ros2_ws/src/my_cpp_pkg/src/main.cpp:18:89:[m[K [01;31m[Kerror: [m[Kno matching function for call to â€˜[01m[Krclcpp::Node::Node()[m[Kâ€™
[14.547s]    18 |                                 std::bind(&MinimalSubscriber::topic_callback, this, _1))[01;31m[K;[m[K
[14.547s]       |                                                                                         [01;31m[K^[m[K
[14.548s] In file included from [01m[K/opt/ros/humble/include/rclcpp/rclcpp/executors/single_threaded_executor.hpp:28[m[K,
[14.548s]                  from [01m[K/opt/ros/humble/include/rclcpp/rclcpp/executors.hpp:22[m[K,
[14.549s]                  from [01m[K/opt/ros/humble/include/rclcpp/rclcpp/rclcpp.hpp:155[m[K,
[14.549s]                  from [01m[K/home/manuel/ros2_ws/src/my_cpp_pkg/src/main.cpp:4[m[K:
[14.550s] [01m[K/opt/ros/humble/include/rclcpp/rclcpp/node.hpp:1294:3:[m[K [01;36m[Knote: [m[Kcandidate: â€˜[01m[Krclcpp::Node::Node(const rclcpp::Node&, const string&)[m[Kâ€™
[14.550s]  1294 |   [01;36m[KNode[m[K(
[14.551s]       |   [01;36m[K^~~~[m[K
[14.551s] [01m[K/opt/ros/humble/include/rclcpp/rclcpp/node.hpp:1294:3:[m[K [01;36m[Knote: [m[K  candidate expects 2 arguments, 0 provided
[14.552s] [01m[K/opt/ros/humble/include/rclcpp/rclcpp/node.hpp:101:12:[m[K [01;36m[Knote: [m[Kcandidate: â€˜[01m[Krclcpp::Node::Node(const string&, const string&, const rclcpp::NodeOptions&)[m[Kâ€™
[14.552s]   101 |   explicit [01;36m[KNode[m[K(
[14.553s]       |            [01;36m[K^~~~[m[K
[14.553s] [01m[K/opt/ros/humble/include/rclcpp/rclcpp/node.hpp:101:12:[m[K [01;36m[Knote: [m[K  candidate expects 3 arguments, 0 provided
[14.554s] [01m[K/opt/ros/humble/include/rclcpp/rclcpp/node.hpp:89:12:[m[K [01;36m[Knote: [m[Kcandidate: â€˜[01m[Krclcpp::Node::Node(const string&, const rclcpp::NodeOptions&)[m[Kâ€™
[14.554s]    89 |   explicit [01;36m[KNode[m[K(
[14.555s]       |            [01;36m[K^~~~[m[K
[14.555s] [01m[K/opt/ros/humble/include/rclcpp/rclcpp/node.hpp:89:12:[m[K [01;36m[Knote: [m[K  candidate expects 2 arguments, 0 provided
[14.556s] [01m[K/home/manuel/ros2_ws/src/my_cpp_pkg/src/main.cpp:18:89:[m[K [01;31m[Kerror: [m[Kexpected â€˜[01m[K{[m[Kâ€™ before â€˜[01m[K;[m[Kâ€™ token
[14.557s]    18 |                                 std::bind(&MinimalSubscriber::topic_callback, this, _1))[01;31m[K;[m[K
[14.557s]       |                                                                                         [01;31m[K^[m[K
[16.310s] gmake[2]: *** [CMakeFiles/minimal_subscriber.dir/build.make:76: CMakeFiles/minimal_subscriber.dir/src/main.cpp.o] Error 1
[16.311s] gmake[1]: *** [CMakeFiles/Makefile2:137: CMakeFiles/minimal_subscriber.dir/all] Error 2
[16.311s] gmake: *** [Makefile:146: all] Error 2
[16.321s] Invoked command in '/home/manuel/ros2_ws/src/build/my_cpp_pkg' returned '2': CMAKE_PREFIX_PATH=${CMAKE_PREFIX_PATH}:/opt/ros/humble /usr/bin/cmake --build /home/manuel/ros2_ws/src/build/my_cpp_pkg -- -j4 -l4
