[01m[K/home/manuel/ros2_ws/src/my_cpp_pkg/src/main.cpp:9:36:[m[K [01;35m[Kwarning: [m[Kmissing terminating " character
    9 |         MinimalSubscriber() : Node([01;35m[K"[m[Kminimal_subscriber
      |                                    [01;35m[K^[m[K
[01m[K/home/manuel/ros2_ws/src/my_cpp_pkg/src/main.cpp:9:36:[m[K [01;31m[Kerror: [m[Kmissing terminating " character
    9 |         MinimalSubscriber() : Node([01;31m[K"minimal_subscriber[m[K
      |                                    [01;31m[K^~~~~~~~~~~~~~~~~~~[m[K
[01m[K/home/manuel/ros2_ws/src/my_cpp_pkg/src/main.cpp:29:2:[m[K [01;31m[Kerror: [m[Kunterminated argument list invoking macro "RCLCPP_INFO"
   29 | }
      |  [01;31m[K^[m[K
[01m[K/home/manuel/ros2_ws/src/my_cpp_pkg/src/main.cpp:18:28:[m[K [01;31m[Kerror: [m[Kexpected â€˜[01m[K}[m[Kâ€™ at end of input
   18 |                 RCLCPP_INFO[01;31m[K([m[Kthis->get_logger(), "I heard: '%s'", msg->data.c_str
      |                            [01;31m[K^[m[K
[01m[K/home/manuel/ros2_ws/src/my_cpp_pkg/src/main.cpp:7:1:[m[K [01;36m[Knote: [m[Kto match this â€˜[01m[K{[m[Kâ€™
    7 | [01;36m[K{[m[K
      | [01;36m[K^[m[K
[01m[K/home/manuel/ros2_ws/src/my_cpp_pkg/src/main.cpp:[m[K In constructor â€˜[01m[KMinimalSubscriber::MinimalSubscriber()[m[Kâ€™:
[01m[K/home/manuel/ros2_ws/src/my_cpp_pkg/src/main.cpp:11:17:[m[K [01;31m[Kerror: [m[Kâ€˜[01m[Ksub_[m[Kâ€™ was not declared in this scope
   11 |                 [01;31m[Ksub_[m[K = this->create_subscription<std_msgs::string>(
      |                 [01;31m[K^~~~[m[K
[01m[K/home/manuel/ros2_ws/src/my_cpp_pkg/src/main.cpp:11:60:[m[K [01;31m[Kerror: [m[Kâ€˜[01m[Kstring[m[Kâ€™ is not a member of â€˜[01m[Kstd_msgs[m[Kâ€™
   11 |                 sub_ = this->create_subscription<std_msgs::[01;31m[Kstring[m[K>(
      |                                                            [01;31m[K^~~~~~[m[K
[01m[K/home/manuel/ros2_ws/src/my_cpp_pkg/src/main.cpp:11:60:[m[K [01;36m[Knote: [m[Ksuggested alternatives:
In file included from [01m[K/usr/include/c++/11/iosfwd:39[m[K,
                 from [01m[K/usr/include/c++/11/bits/shared_ptr.h:52[m[K,
                 from [01m[K/usr/include/c++/11/memory:77[m[K,
                 from [01m[K/opt/ros/humble/include/rclcpp/rclcpp/rclcpp.hpp:153[m[K,
                 from [01m[K/home/manuel/ros2_ws/src/my_cpp_pkg/src/main.cpp:1[m[K:
[01m[K/usr/include/c++/11/bits/stringfwd.h:79:33:[m[K [01;36m[Knote: [m[K  â€˜[01m[Kstd::string[m[Kâ€™
   79 |   typedef basic_string<char>    [01;36m[Kstring[m[K;
      |                                 [01;36m[K^~~~~~[m[K
In file included from [01m[K/usr/include/c++/11/stdexcept:39[m[K,
                 from [01m[K/usr/include/c++/11/system_error:41[m[K,
                 from [01m[K/usr/include/c++/11/mutex:42[m[K,
                 from [01m[K/usr/include/c++/11/future:38[m[K,
                 from [01m[K/opt/ros/humble/include/rclcpp/rclcpp/executors.hpp:18[m[K,
                 from [01m[K/opt/ros/humble/include/rclcpp/rclcpp/rclcpp.hpp:155[m[K,
                 from [01m[K/home/manuel/ros2_ws/src/my_cpp_pkg/src/main.cpp:1[m[K:
[01m[K/usr/include/c++/11/string:67:11:[m[K [01;36m[Knote: [m[K  â€˜[01m[Kstd::pmr::string[m[Kâ€™
   67 |     using [01;36m[Kstring[m[K    = basic_string<char>;
      |           [01;36m[K^~~~~~[m[K
[01m[K/home/manuel/ros2_ws/src/my_cpp_pkg/src/main.cpp:12:81:[m[K [01;31m[Kerror: [m[Kâ€˜[01m[Kcallback[m[Kâ€™ is not a member of â€˜[01m[KMinimalSubscriber[m[Kâ€™
   12 |                                 "demo_topic", 10, std::bind(&MinimalSubscriber::[01;31m[Kcallback[m[K, this, _1));
      |                                                                                 [01;31m[K^~~~~~~~[m[K
[01m[K/home/manuel/ros2_ws/src/my_cpp_pkg/src/main.cpp:12:101:[m[K [01;31m[Kerror: [m[Kexpected â€˜[01m[K}[m[Kâ€™ before â€˜[01m[K;[m[Kâ€™ token
   12 |                                 "demo_topic", 10, std::bind(&MinimalSubscriber::callback, this, _1))[01;31m[K;[m[K
      |                                                                                                     [01;31m[K^[m[K
[01m[K/home/manuel/ros2_ws/src/my_cpp_pkg/src/main.cpp:10:9:[m[K [01;36m[Knote: [m[Kto match this â€˜[01m[K{[m[Kâ€™
   10 |         [01;36m[K{[m[K
      |         [01;36m[K^[m[K
[01m[K/home/manuel/ros2_ws/src/my_cpp_pkg/src/main.cpp:12:101:[m[K [01;31m[Kerror: [m[Kexpected â€˜[01m[K)[m[Kâ€™ before â€˜[01m[K;[m[Kâ€™ token
   12 |                                 "demo_topic", 10, std::bind(&MinimalSubscriber::callback, this, _1))[01;31m[K;[m[K
      |                                                                                                     [01;31m[K^[m[K
[01m[K/home/manuel/ros2_ws/src/my_cpp_pkg/src/main.cpp:9:35:[m[K [01;36m[Knote: [m[Kto match this â€˜[01m[K([m[Kâ€™
    9 |         MinimalSubscriber() : Node[01;36m[K([m[K"minimal_subscriber
      |                                   [01;36m[K^[m[K
[01m[K/home/manuel/ros2_ws/src/my_cpp_pkg/src/main.cpp:12:101:[m[K [01;31m[Kerror: [m[Kno matching function for call to â€˜[01m[Krclcpp::Node::Node()[m[Kâ€™
   12 |                                 "demo_topic", 10, std::bind(&MinimalSubscriber::callback, this, _1))[01;31m[K;[m[K
      |                                                                                                     [01;31m[K^[m[K
In file included from [01m[K/opt/ros/humble/include/rclcpp/rclcpp/executors/single_threaded_executor.hpp:28[m[K,
                 from [01m[K/opt/ros/humble/include/rclcpp/rclcpp/executors.hpp:22[m[K,
                 from [01m[K/opt/ros/humble/include/rclcpp/rclcpp/rclcpp.hpp:155[m[K,
                 from [01m[K/home/manuel/ros2_ws/src/my_cpp_pkg/src/main.cpp:1[m[K:
[01m[K/opt/ros/humble/include/rclcpp/rclcpp/node.hpp:1294:3:[m[K [01;36m[Knote: [m[Kcandidate: â€˜[01m[Krclcpp::Node::Node(const rclcpp::Node&, const string&)[m[Kâ€™
 1294 |   [01;36m[KNode[m[K(
      |   [01;36m[K^~~~[m[K
[01m[K/opt/ros/humble/include/rclcpp/rclcpp/node.hpp:1294:3:[m[K [01;36m[Knote: [m[K  candidate expects 2 arguments, 0 provided
[01m[K/opt/ros/humble/include/rclcpp/rclcpp/node.hpp:101:12:[m[K [01;36m[Knote: [m[Kcandidate: â€˜[01m[Krclcpp::Node::Node(const string&, const string&, const rclcpp::NodeOptions&)[m[Kâ€™
  101 |   explicit [01;36m[KNode[m[K(
      |            [01;36m[K^~~~[m[K
[01m[K/opt/ros/humble/include/rclcpp/rclcpp/node.hpp:101:12:[m[K [01;36m[Knote: [m[K  candidate expects 3 arguments, 0 provided
[01m[K/opt/ros/humble/include/rclcpp/rclcpp/node.hpp:89:12:[m[K [01;36m[Knote: [m[Kcandidate: â€˜[01m[Krclcpp::Node::Node(const string&, const rclcpp::NodeOptions&)[m[Kâ€™
   89 |   explicit [01;36m[KNode[m[K(
      |            [01;36m[K^~~~[m[K
[01m[K/opt/ros/humble/include/rclcpp/rclcpp/node.hpp:89:12:[m[K [01;36m[Knote: [m[K  candidate expects 2 arguments, 0 provided
[01m[K/home/manuel/ros2_ws/src/my_cpp_pkg/src/main.cpp:12:101:[m[K [01;31m[Kerror: [m[Kexpected â€˜[01m[K{[m[Kâ€™ before â€˜[01m[K;[m[Kâ€™ token
   12 |                                 "demo_topic", 10, std::bind(&MinimalSubscriber::callback, this, _1))[01;31m[K;[m[K
      |                                                                                                     [01;31m[K^[m[K
[01m[K/home/manuel/ros2_ws/src/my_cpp_pkg/src/main.cpp:[m[K At global scope:
[01m[K/home/manuel/ros2_ws/src/my_cpp_pkg/src/main.cpp:18:28:[m[K [01;31m[Kerror: [m[Kexpected unqualified-id at end of input
   18 |                 RCLCPP_INFO[01;31m[K([m[Kthis->get_logger(), "I heard: '%s'", msg->data.c_str
      |                            [01;31m[K^[m[K
gmake[2]: *** [CMakeFiles/minimal_subscriber.dir/build.make:76: CMakeFiles/minimal_subscriber.dir/src/main.cpp.o] Error 1
gmake[1]: *** [CMakeFiles/Makefile2:137: CMakeFiles/minimal_subscriber.dir/all] Error 2
gmake: *** [Makefile:146: all] Error 2
