[0.065s] Invoking command in '/home/manuel/ros2_ws/src/build/my_cpp_pkg': CMAKE_PREFIX_PATH=${CMAKE_PREFIX_PATH}:/opt/ros/humble /usr/bin/cmake /home/manuel/ros2_ws/src/my_cpp_pkg -DAMENT_CMAKE_SYMLINK_INSTALL=1 -DCMAKE_INSTALL_PREFIX=/home/manuel/ros2_ws/src/install/my_cpp_pkg
[0.106s] -- Found ament_cmake: 1.3.11 (/opt/ros/humble/share/ament_cmake/cmake)
[0.687s] -- Override CMake install command with custom implementation using symlinks instead of copying resources
[0.748s] -- Found rclcpp: 16.0.12 (/opt/ros/humble/share/rclcpp/cmake)
[1.153s] -- Found rosidl_generator_c: 3.1.6 (/opt/ros/humble/share/rosidl_generator_c/cmake)
[1.203s] -- Found rosidl_adapter: 3.1.6 (/opt/ros/humble/share/rosidl_adapter/cmake)
[1.275s] -- Found rosidl_generator_cpp: 3.1.6 (/opt/ros/humble/share/rosidl_generator_cpp/cmake)
[1.370s] -- Using all available rosidl_typesupport_c: rosidl_typesupport_fastrtps_c;rosidl_typesupport_introspection_c
[1.492s] -- Using all available rosidl_typesupport_cpp: rosidl_typesupport_fastrtps_cpp;rosidl_typesupport_introspection_cpp
[1.840s] -- Found rmw_implementation_cmake: 6.1.2 (/opt/ros/humble/share/rmw_implementation_cmake/cmake)
[1.870s] -- Found rmw_fastrtps_cpp: 6.2.7 (/opt/ros/humble/share/rmw_fastrtps_cpp/cmake)
[2.510s] -- Found OpenSSL: /usr/lib/aarch64-linux-gnu/libcrypto.so (found version "3.0.2")  
[2.770s] -- Found FastRTPS: /opt/ros/humble/include  
[3.182s] -- Using RMW implementation 'rmw_fastrtps_cpp' as default
[3.267s] -- Looking for pthread.h
[3.655s] -- Looking for pthread.h - found
[3.656s] -- Performing Test CMAKE_HAVE_LIBC_PTHREAD
[4.019s] -- Performing Test CMAKE_HAVE_LIBC_PTHREAD - Success
[4.023s] -- Found Threads: TRUE  
[4.351s] -- Found ament_lint_auto: 0.12.12 (/opt/ros/humble/share/ament_lint_auto/cmake)
[4.682s] -- Added test 'cppcheck' to perform static code analysis on C / C++ code
[4.683s] -- Configured cppcheck include dirs: 
[4.683s] -- Configured cppcheck exclude dirs and/or files: 
[4.686s] -- Added test 'lint_cmake' to check CMake code style
[4.692s] -- Added test 'uncrustify' to check C / C++ code style
[4.693s] -- Configured uncrustify additional arguments: 
[4.694s] -- Added test 'xmllint' to check XML markup files
[4.699s] -- Configuring done
[4.752s] -- Generating done
[4.771s] -- Build files have been written to: /home/manuel/ros2_ws/src/build/my_cpp_pkg
[4.806s] Invoked command in '/home/manuel/ros2_ws/src/build/my_cpp_pkg' returned '0': CMAKE_PREFIX_PATH=${CMAKE_PREFIX_PATH}:/opt/ros/humble /usr/bin/cmake /home/manuel/ros2_ws/src/my_cpp_pkg -DAMENT_CMAKE_SYMLINK_INSTALL=1 -DCMAKE_INSTALL_PREFIX=/home/manuel/ros2_ws/src/install/my_cpp_pkg
[4.816s] Invoking command in '/home/manuel/ros2_ws/src/build/my_cpp_pkg': CMAKE_PREFIX_PATH=${CMAKE_PREFIX_PATH}:/opt/ros/humble /usr/bin/cmake --build /home/manuel/ros2_ws/src/build/my_cpp_pkg -- -j4 -l4
[5.034s] [ 50%] [32mBuilding CXX object CMakeFiles/minimal_subscriber.dir/src/main.cpp.o[0m
[7.288s] [01m[K/home/manuel/ros2_ws/src/my_cpp_pkg/src/main.cpp:9:36:[m[K [01;35m[Kwarning: [m[Kmissing terminating " character
[7.288s]     9 |         MinimalSubscriber() : Node([01;35m[K"[m[Kminimal_subscriber
[7.289s]       |                                    [01;35m[K^[m[K
[7.289s] [01m[K/home/manuel/ros2_ws/src/my_cpp_pkg/src/main.cpp:9:36:[m[K [01;31m[Kerror: [m[Kmissing terminating " character
[7.289s]     9 |         MinimalSubscriber() : Node([01;31m[K"minimal_subscriber[m[K
[7.289s]       |                                    [01;31m[K^~~~~~~~~~~~~~~~~~~[m[K
[7.290s] [01m[K/home/manuel/ros2_ws/src/my_cpp_pkg/src/main.cpp:29:2:[m[K [01;31m[Kerror: [m[Kunterminated argument list invoking macro "RCLCPP_INFO"
[7.290s]    29 | }
[7.290s]       |  [01;31m[K^[m[K
[16.342s] [01m[K/home/manuel/ros2_ws/src/my_cpp_pkg/src/main.cpp:18:28:[m[K [01;31m[Kerror: [m[Kexpected â€˜[01m[K}[m[Kâ€™ at end of input
[16.343s]    18 |                 RCLCPP_INFO[01;31m[K([m[Kthis->get_logger(), "I heard: '%s'", msg->data.c_str
[16.343s]       |                            [01;31m[K^[m[K
[16.344s] [01m[K/home/manuel/ros2_ws/src/my_cpp_pkg/src/main.cpp:7:1:[m[K [01;36m[Knote: [m[Kto match this â€˜[01m[K{[m[Kâ€™
[16.344s]     7 | [01;36m[K{[m[K
[16.344s]       | [01;36m[K^[m[K
[16.374s] [01m[K/home/manuel/ros2_ws/src/my_cpp_pkg/src/main.cpp:[m[K In constructor â€˜[01m[KMinimalSubscriber::MinimalSubscriber()[m[Kâ€™:
[16.374s] [01m[K/home/manuel/ros2_ws/src/my_cpp_pkg/src/main.cpp:11:17:[m[K [01;31m[Kerror: [m[Kâ€˜[01m[Ksub_[m[Kâ€™ was not declared in this scope
[16.375s]    11 |                 [01;31m[Ksub_[m[K = this->create_subscription<std_msgs::string>(
[16.375s]       |                 [01;31m[K^~~~[m[K
[16.376s] [01m[K/home/manuel/ros2_ws/src/my_cpp_pkg/src/main.cpp:11:60:[m[K [01;31m[Kerror: [m[Kâ€˜[01m[Kstring[m[Kâ€™ is not a member of â€˜[01m[Kstd_msgs[m[Kâ€™
[16.376s]    11 |                 sub_ = this->create_subscription<std_msgs::[01;31m[Kstring[m[K>(
[16.376s]       |                                                            [01;31m[K^~~~~~[m[K
[16.379s] [01m[K/home/manuel/ros2_ws/src/my_cpp_pkg/src/main.cpp:11:60:[m[K [01;36m[Knote: [m[Ksuggested alternatives:
[16.380s] In file included from [01m[K/usr/include/c++/11/iosfwd:39[m[K,
[16.381s]                  from [01m[K/usr/include/c++/11/bits/shared_ptr.h:52[m[K,
[16.382s]                  from [01m[K/usr/include/c++/11/memory:77[m[K,
[16.382s]                  from [01m[K/opt/ros/humble/include/rclcpp/rclcpp/rclcpp.hpp:153[m[K,
[16.382s]                  from [01m[K/home/manuel/ros2_ws/src/my_cpp_pkg/src/main.cpp:1[m[K:
[16.383s] [01m[K/usr/include/c++/11/bits/stringfwd.h:79:33:[m[K [01;36m[Knote: [m[K  â€˜[01m[Kstd::string[m[Kâ€™
[16.383s]    79 |   typedef basic_string<char>    [01;36m[Kstring[m[K;
[16.383s]       |                                 [01;36m[K^~~~~~[m[K
[16.383s] In file included from [01m[K/usr/include/c++/11/stdexcept:39[m[K,
[16.386s]                  from [01m[K/usr/include/c++/11/system_error:41[m[K,
[16.386s]                  from [01m[K/usr/include/c++/11/mutex:42[m[K,
[16.386s]                  from [01m[K/usr/include/c++/11/future:38[m[K,
[16.387s]                  from [01m[K/opt/ros/humble/include/rclcpp/rclcpp/executors.hpp:18[m[K,
[16.387s]                  from [01m[K/opt/ros/humble/include/rclcpp/rclcpp/rclcpp.hpp:155[m[K,
[16.388s]                  from [01m[K/home/manuel/ros2_ws/src/my_cpp_pkg/src/main.cpp:1[m[K:
[16.389s] [01m[K/usr/include/c++/11/string:67:11:[m[K [01;36m[Knote: [m[K  â€˜[01m[Kstd::pmr::string[m[Kâ€™
[16.389s]    67 |     using [01;36m[Kstring[m[K    = basic_string<char>;
[16.389s]       |           [01;36m[K^~~~~~[m[K
[16.390s] [01m[K/home/manuel/ros2_ws/src/my_cpp_pkg/src/main.cpp:12:81:[m[K [01;31m[Kerror: [m[Kâ€˜[01m[Kcallback[m[Kâ€™ is not a member of â€˜[01m[KMinimalSubscriber[m[Kâ€™
[16.390s]    12 |                                 "demo_topic", 10, std::bind(&MinimalSubscriber::[01;31m[Kcallback[m[K, this, _1));
[16.391s]       |                                                                                 [01;31m[K^~~~~~~~[m[K
[16.391s] [01m[K/home/manuel/ros2_ws/src/my_cpp_pkg/src/main.cpp:12:101:[m[K [01;31m[Kerror: [m[Kexpected â€˜[01m[K}[m[Kâ€™ before â€˜[01m[K;[m[Kâ€™ token
[16.392s]    12 |                                 "demo_topic", 10, std::bind(&MinimalSubscriber::callback, this, _1))[01;31m[K;[m[K
[16.393s]       |                                                                                                     [01;31m[K^[m[K
[16.393s] [01m[K/home/manuel/ros2_ws/src/my_cpp_pkg/src/main.cpp:10:9:[m[K [01;36m[Knote: [m[Kto match this â€˜[01m[K{[m[Kâ€™
[16.393s]    10 |         [01;36m[K{[m[K
[16.394s]       |         [01;36m[K^[m[K
[16.394s] [01m[K/home/manuel/ros2_ws/src/my_cpp_pkg/src/main.cpp:12:101:[m[K [01;31m[Kerror: [m[Kexpected â€˜[01m[K)[m[Kâ€™ before â€˜[01m[K;[m[Kâ€™ token
[16.395s]    12 |                                 "demo_topic", 10, std::bind(&MinimalSubscriber::callback, this, _1))[01;31m[K;[m[K
[16.395s]       |                                                                                                     [01;31m[K^[m[K
[16.396s] [01m[K/home/manuel/ros2_ws/src/my_cpp_pkg/src/main.cpp:9:35:[m[K [01;36m[Knote: [m[Kto match this â€˜[01m[K([m[Kâ€™
[16.396s]     9 |         MinimalSubscriber() : Node[01;36m[K([m[K"minimal_subscriber
[16.397s]       |                                   [01;36m[K^[m[K
[16.397s] [01m[K/home/manuel/ros2_ws/src/my_cpp_pkg/src/main.cpp:12:101:[m[K [01;31m[Kerror: [m[Kno matching function for call to â€˜[01m[Krclcpp::Node::Node()[m[Kâ€™
[16.398s]    12 |                                 "demo_topic", 10, std::bind(&MinimalSubscriber::callback, this, _1))[01;31m[K;[m[K
[16.398s]       |                                                                                                     [01;31m[K^[m[K
[16.399s] In file included from [01m[K/opt/ros/humble/include/rclcpp/rclcpp/executors/single_threaded_executor.hpp:28[m[K,
[16.399s]                  from [01m[K/opt/ros/humble/include/rclcpp/rclcpp/executors.hpp:22[m[K,
[16.399s]                  from [01m[K/opt/ros/humble/include/rclcpp/rclcpp/rclcpp.hpp:155[m[K,
[16.400s]                  from [01m[K/home/manuel/ros2_ws/src/my_cpp_pkg/src/main.cpp:1[m[K:
[16.400s] [01m[K/opt/ros/humble/include/rclcpp/rclcpp/node.hpp:1294:3:[m[K [01;36m[Knote: [m[Kcandidate: â€˜[01m[Krclcpp::Node::Node(const rclcpp::Node&, const string&)[m[Kâ€™
[16.400s]  1294 |   [01;36m[KNode[m[K(
[16.401s]       |   [01;36m[K^~~~[m[K
[16.401s] [01m[K/opt/ros/humble/include/rclcpp/rclcpp/node.hpp:1294:3:[m[K [01;36m[Knote: [m[K  candidate expects 2 arguments, 0 provided
[16.401s] [01m[K/opt/ros/humble/include/rclcpp/rclcpp/node.hpp:101:12:[m[K [01;36m[Knote: [m[Kcandidate: â€˜[01m[Krclcpp::Node::Node(const string&, const string&, const rclcpp::NodeOptions&)[m[Kâ€™
[16.402s]   101 |   explicit [01;36m[KNode[m[K(
[16.402s]       |            [01;36m[K^~~~[m[K
[16.402s] [01m[K/opt/ros/humble/include/rclcpp/rclcpp/node.hpp:101:12:[m[K [01;36m[Knote: [m[K  candidate expects 3 arguments, 0 provided
[16.403s] [01m[K/opt/ros/humble/include/rclcpp/rclcpp/node.hpp:89:12:[m[K [01;36m[Knote: [m[Kcandidate: â€˜[01m[Krclcpp::Node::Node(const string&, const rclcpp::NodeOptions&)[m[Kâ€™
[16.403s]    89 |   explicit [01;36m[KNode[m[K(
[16.403s]       |            [01;36m[K^~~~[m[K
[16.404s] [01m[K/opt/ros/humble/include/rclcpp/rclcpp/node.hpp:89:12:[m[K [01;36m[Knote: [m[K  candidate expects 2 arguments, 0 provided
[16.404s] [01m[K/home/manuel/ros2_ws/src/my_cpp_pkg/src/main.cpp:12:101:[m[K [01;31m[Kerror: [m[Kexpected â€˜[01m[K{[m[Kâ€™ before â€˜[01m[K;[m[Kâ€™ token
[16.405s]    12 |                                 "demo_topic", 10, std::bind(&MinimalSubscriber::callback, this, _1))[01;31m[K;[m[K
[16.405s]       |                                                                                                     [01;31m[K^[m[K
[16.405s] [01m[K/home/manuel/ros2_ws/src/my_cpp_pkg/src/main.cpp:[m[K At global scope:
[16.406s] [01m[K/home/manuel/ros2_ws/src/my_cpp_pkg/src/main.cpp:18:28:[m[K [01;31m[Kerror: [m[Kexpected unqualified-id at end of input
[16.406s]    18 |                 RCLCPP_INFO[01;31m[K([m[Kthis->get_logger(), "I heard: '%s'", msg->data.c_str
[16.406s]       |                            [01;31m[K^[m[K
[18.117s] gmake[2]: *** [CMakeFiles/minimal_subscriber.dir/build.make:76: CMakeFiles/minimal_subscriber.dir/src/main.cpp.o] Error 1
[18.118s] gmake[1]: *** [CMakeFiles/Makefile2:137: CMakeFiles/minimal_subscriber.dir/all] Error 2
[18.119s] gmake: *** [Makefile:146: all] Error 2
[18.135s] Invoked command in '/home/manuel/ros2_ws/src/build/my_cpp_pkg' returned '2': CMAKE_PREFIX_PATH=${CMAKE_PREFIX_PATH}:/opt/ros/humble /usr/bin/cmake --build /home/manuel/ros2_ws/src/build/my_cpp_pkg -- -j4 -l4
