[0.013s] Invoking command in '/home/manuel/ros2_ws/build/pwm_position_node': CMAKE_PREFIX_PATH=/home/manuel/ros2_ws/install/inverse_kinematics_node:/home/manuel/ros2_ws/install/dynamixel_sdk:/home/manuel/ros2_ws/install/synthetic_ball_publisher:/home/manuel/ros2_ws/install/pwm_position_node:/home/manuel/ros2_ws/install/my_cpp_pkg:/home/manuel/ros2_ws/install/joint_positions_node:/home/manuel/ros2_ws/install/ball_arm_tracker:/home/manuel/ros2_ws/install/dynamixel_sdk_examples:/home/manuel/ros2_ws/install/dynamixel_sdk_custom_interfaces:/home/manuel/ros2_ws/install/dual_dynamixel_node:/home/manuel/ros2_ws/install/ball_centroid_detector:/home/manuel/ros2_ws/install/joint_plotter:/opt/ros/humble LD_LIBRARY_PATH=/home/manuel/ros2_ws/install/inverse_kinematics_node/lib:/home/manuel/ros2_ws/install/dynamixel_sdk/lib:/home/manuel/ros2_ws/install/joint_positions_node/lib:/home/manuel/ros2_ws/install/dynamixel_sdk_custom_interfaces/lib:/home/manuel/ros2_ws/install/dual_dynamixel_node/lib:/opt/ros/humble/opt/rviz_ogre_vendor/lib:/opt/ros/humble/lib/x86_64-linux-gnu:/opt/ros/humble/lib /usr/bin/cmake --build /home/manuel/ros2_ws/build/pwm_position_node -- -j12 -l12
[0.045s] [35m[1mConsolidate compiler generated dependencies of target pwm_position_node[0m
[0.059s] [ 50%] [32mBuilding CXX object CMakeFiles/pwm_position_node.dir/src/pwm_position_node.cpp.o[0m
[1.975s] In file included from [01m[K/home/manuel/ros2_ws/install/dynamixel_sdk/include/dynamixel_sdk/group_bulk_read.h:27[m[K,
[1.975s]                  from [01m[K/home/manuel/ros2_ws/install/dynamixel_sdk/include/dynamixel_sdk/dynamixel_sdk.h:26[m[K,
[1.975s]                  from [01m[K/home/manuel/ros2_ws/src/pwm_position_node/src/pwm_position_node.cpp:10[m[K:
[1.975s] [01m[K/home/manuel/ros2_ws/install/dynamixel_sdk/include/dynamixel_sdk/packet_handler.h:38:29:[m[K [01;31m[Kerror: [m[Kexpected unqualified-id before numeric constant
[1.975s]    38 | #define BROADCAST_ID        [01;31m[K0xFE[m[K    // 254
[1.975s]       |                             [01;31m[K^~~~[m[K
[1.975s] [01m[K/home/manuel/ros2_ws/src/pwm_position_node/src/pwm_position_node.cpp:40:19:[m[K [01;36m[Knote: [m[Kin expansion of macro â€˜[01m[KBROADCAST_ID[m[Kâ€™
[1.975s]    40 | constexpr uint8_t [01;36m[KBROADCAST_ID[m[K          = 0xFE;
[1.975s]       |                   [01;36m[K^~~~~~~~~~~~[m[K
[4.142s] gmake[2]: *** [CMakeFiles/pwm_position_node.dir/build.make:76: CMakeFiles/pwm_position_node.dir/src/pwm_position_node.cpp.o] Error 1
[4.142s] gmake[1]: *** [CMakeFiles/Makefile2:137: CMakeFiles/pwm_position_node.dir/all] Error 2
[4.142s] gmake: *** [Makefile:146: all] Error 2
[4.144s] Invoked command in '/home/manuel/ros2_ws/build/pwm_position_node' returned '2': CMAKE_PREFIX_PATH=/home/manuel/ros2_ws/install/inverse_kinematics_node:/home/manuel/ros2_ws/install/dynamixel_sdk:/home/manuel/ros2_ws/install/synthetic_ball_publisher:/home/manuel/ros2_ws/install/pwm_position_node:/home/manuel/ros2_ws/install/my_cpp_pkg:/home/manuel/ros2_ws/install/joint_positions_node:/home/manuel/ros2_ws/install/ball_arm_tracker:/home/manuel/ros2_ws/install/dynamixel_sdk_examples:/home/manuel/ros2_ws/install/dynamixel_sdk_custom_interfaces:/home/manuel/ros2_ws/install/dual_dynamixel_node:/home/manuel/ros2_ws/install/ball_centroid_detector:/home/manuel/ros2_ws/install/joint_plotter:/opt/ros/humble LD_LIBRARY_PATH=/home/manuel/ros2_ws/install/inverse_kinematics_node/lib:/home/manuel/ros2_ws/install/dynamixel_sdk/lib:/home/manuel/ros2_ws/install/joint_positions_node/lib:/home/manuel/ros2_ws/install/dynamixel_sdk_custom_interfaces/lib:/home/manuel/ros2_ws/install/dual_dynamixel_node/lib:/opt/ros/humble/opt/rviz_ogre_vendor/lib:/opt/ros/humble/lib/x86_64-linux-gnu:/opt/ros/humble/lib /usr/bin/cmake --build /home/manuel/ros2_ws/build/pwm_position_node -- -j12 -l12
